ARM GAS  /tmp/ccgJKzj7.s 			page 1


   1              		.cpu cortex-m4
   2              		.arch armv7e-m
   3              		.fpu fpv4-sp-d16
   4              		.eabi_attribute 27, 1
   5              		.eabi_attribute 28, 1
   6              		.eabi_attribute 20, 1
   7              		.eabi_attribute 21, 1
   8              		.eabi_attribute 23, 3
   9              		.eabi_attribute 24, 1
  10              		.eabi_attribute 25, 1
  11              		.eabi_attribute 26, 1
  12              		.eabi_attribute 30, 1
  13              		.eabi_attribute 34, 1
  14              		.eabi_attribute 18, 4
  15              		.file	"stm32f4xx_hal_msp.c"
  16              		.text
  17              	.Ltext0:
  18              		.cfi_sections	.debug_frame
  19              		.file 1 "Src/stm32f4xx_hal_msp.c"
  20              		.section	.text.HAL_MspInit,"ax",%progbits
  21              		.align	1
  22              		.global	HAL_MspInit
  23              		.syntax unified
  24              		.thumb
  25              		.thumb_func
  27              	HAL_MspInit:
  28              	.LFB134:
   1:Src/stm32f4xx_hal_msp.c **** /* USER CODE BEGIN Header */
   2:Src/stm32f4xx_hal_msp.c **** /**
   3:Src/stm32f4xx_hal_msp.c ****   ******************************************************************************
   4:Src/stm32f4xx_hal_msp.c ****   * @file         stm32f4xx_hal_msp.c
   5:Src/stm32f4xx_hal_msp.c ****   * @brief        This file provides code for the MSP Initialization
   6:Src/stm32f4xx_hal_msp.c ****   *               and de-Initialization codes.
   7:Src/stm32f4xx_hal_msp.c ****   ******************************************************************************
   8:Src/stm32f4xx_hal_msp.c ****   * @attention
   9:Src/stm32f4xx_hal_msp.c ****   *
  10:Src/stm32f4xx_hal_msp.c ****   * Copyright (c) 2026 STMicroelectronics.
  11:Src/stm32f4xx_hal_msp.c ****   * All rights reserved.
  12:Src/stm32f4xx_hal_msp.c ****   *
  13:Src/stm32f4xx_hal_msp.c ****   * This software is licensed under terms that can be found in the LICENSE file
  14:Src/stm32f4xx_hal_msp.c ****   * in the root directory of this software component.
  15:Src/stm32f4xx_hal_msp.c ****   * If no LICENSE file comes with this software, it is provided AS-IS.
  16:Src/stm32f4xx_hal_msp.c ****   *
  17:Src/stm32f4xx_hal_msp.c ****   ******************************************************************************
  18:Src/stm32f4xx_hal_msp.c ****   */
  19:Src/stm32f4xx_hal_msp.c **** /* USER CODE END Header */
  20:Src/stm32f4xx_hal_msp.c **** /* Includes ------------------------------------------------------------------*/
  21:Src/stm32f4xx_hal_msp.c **** #include "main.h"
  22:Src/stm32f4xx_hal_msp.c **** /* USER CODE BEGIN Includes */
  23:Src/stm32f4xx_hal_msp.c **** 
  24:Src/stm32f4xx_hal_msp.c **** /* USER CODE END Includes */
  25:Src/stm32f4xx_hal_msp.c **** 
  26:Src/stm32f4xx_hal_msp.c **** /* Private typedef -----------------------------------------------------------*/
  27:Src/stm32f4xx_hal_msp.c **** /* USER CODE BEGIN TD */
  28:Src/stm32f4xx_hal_msp.c **** 
  29:Src/stm32f4xx_hal_msp.c **** /* USER CODE END TD */
  30:Src/stm32f4xx_hal_msp.c **** 
ARM GAS  /tmp/ccgJKzj7.s 			page 2


  31:Src/stm32f4xx_hal_msp.c **** /* Private define ------------------------------------------------------------*/
  32:Src/stm32f4xx_hal_msp.c **** /* USER CODE BEGIN Define */
  33:Src/stm32f4xx_hal_msp.c **** 
  34:Src/stm32f4xx_hal_msp.c **** /* USER CODE END Define */
  35:Src/stm32f4xx_hal_msp.c **** 
  36:Src/stm32f4xx_hal_msp.c **** /* Private macro -------------------------------------------------------------*/
  37:Src/stm32f4xx_hal_msp.c **** /* USER CODE BEGIN Macro */
  38:Src/stm32f4xx_hal_msp.c **** 
  39:Src/stm32f4xx_hal_msp.c **** /* USER CODE END Macro */
  40:Src/stm32f4xx_hal_msp.c **** 
  41:Src/stm32f4xx_hal_msp.c **** /* Private variables ---------------------------------------------------------*/
  42:Src/stm32f4xx_hal_msp.c **** /* USER CODE BEGIN PV */
  43:Src/stm32f4xx_hal_msp.c **** 
  44:Src/stm32f4xx_hal_msp.c **** /* USER CODE END PV */
  45:Src/stm32f4xx_hal_msp.c **** 
  46:Src/stm32f4xx_hal_msp.c **** /* Private function prototypes -----------------------------------------------*/
  47:Src/stm32f4xx_hal_msp.c **** /* USER CODE BEGIN PFP */
  48:Src/stm32f4xx_hal_msp.c **** 
  49:Src/stm32f4xx_hal_msp.c **** /* USER CODE END PFP */
  50:Src/stm32f4xx_hal_msp.c **** 
  51:Src/stm32f4xx_hal_msp.c **** /* External functions --------------------------------------------------------*/
  52:Src/stm32f4xx_hal_msp.c **** /* USER CODE BEGIN ExternalFunctions */
  53:Src/stm32f4xx_hal_msp.c **** 
  54:Src/stm32f4xx_hal_msp.c **** /* USER CODE END ExternalFunctions */
  55:Src/stm32f4xx_hal_msp.c **** 
  56:Src/stm32f4xx_hal_msp.c **** /* USER CODE BEGIN 0 */
  57:Src/stm32f4xx_hal_msp.c **** 
  58:Src/stm32f4xx_hal_msp.c **** /* USER CODE END 0 */
  59:Src/stm32f4xx_hal_msp.c **** /**
  60:Src/stm32f4xx_hal_msp.c ****   * Initializes the Global MSP.
  61:Src/stm32f4xx_hal_msp.c ****   */
  62:Src/stm32f4xx_hal_msp.c **** void HAL_MspInit(void)
  63:Src/stm32f4xx_hal_msp.c **** {
  29              		.loc 1 63 1 view -0
  30              		.cfi_startproc
  31              		@ args = 0, pretend = 0, frame = 8
  32              		@ frame_needed = 0, uses_anonymous_args = 0
  33 0000 00B5     		push	{lr}
  34              	.LCFI0:
  35              		.cfi_def_cfa_offset 4
  36              		.cfi_offset 14, -4
  37 0002 83B0     		sub	sp, sp, #12
  38              	.LCFI1:
  39              		.cfi_def_cfa_offset 16
  64:Src/stm32f4xx_hal_msp.c **** 
  65:Src/stm32f4xx_hal_msp.c ****   /* USER CODE BEGIN MspInit 0 */
  66:Src/stm32f4xx_hal_msp.c **** 
  67:Src/stm32f4xx_hal_msp.c ****   /* USER CODE END MspInit 0 */
  68:Src/stm32f4xx_hal_msp.c **** 
  69:Src/stm32f4xx_hal_msp.c ****   __HAL_RCC_SYSCFG_CLK_ENABLE();
  40              		.loc 1 69 3 view .LVU1
  41              	.LBB2:
  42              		.loc 1 69 3 view .LVU2
  43 0004 0021     		movs	r1, #0
  44 0006 0091     		str	r1, [sp]
  45              		.loc 1 69 3 view .LVU3
  46 0008 0C4B     		ldr	r3, .L3
ARM GAS  /tmp/ccgJKzj7.s 			page 3


  47 000a 5A6C     		ldr	r2, [r3, #68]
  48 000c 42F48042 		orr	r2, r2, #16384
  49 0010 5A64     		str	r2, [r3, #68]
  50              		.loc 1 69 3 view .LVU4
  51 0012 5A6C     		ldr	r2, [r3, #68]
  52 0014 02F48042 		and	r2, r2, #16384
  53 0018 0092     		str	r2, [sp]
  54              		.loc 1 69 3 view .LVU5
  55 001a 009A     		ldr	r2, [sp]
  56              	.LBE2:
  57              		.loc 1 69 3 view .LVU6
  70:Src/stm32f4xx_hal_msp.c ****   __HAL_RCC_PWR_CLK_ENABLE();
  58              		.loc 1 70 3 view .LVU7
  59              	.LBB3:
  60              		.loc 1 70 3 view .LVU8
  61 001c 0191     		str	r1, [sp, #4]
  62              		.loc 1 70 3 view .LVU9
  63 001e 1A6C     		ldr	r2, [r3, #64]
  64 0020 42F08052 		orr	r2, r2, #268435456
  65 0024 1A64     		str	r2, [r3, #64]
  66              		.loc 1 70 3 view .LVU10
  67 0026 1B6C     		ldr	r3, [r3, #64]
  68 0028 03F08053 		and	r3, r3, #268435456
  69 002c 0193     		str	r3, [sp, #4]
  70              		.loc 1 70 3 view .LVU11
  71 002e 019B     		ldr	r3, [sp, #4]
  72              	.LBE3:
  73              		.loc 1 70 3 view .LVU12
  71:Src/stm32f4xx_hal_msp.c **** 
  72:Src/stm32f4xx_hal_msp.c ****   HAL_NVIC_SetPriorityGrouping(NVIC_PRIORITYGROUP_0);
  74              		.loc 1 72 3 view .LVU13
  75 0030 0720     		movs	r0, #7
  76 0032 FFF7FEFF 		bl	HAL_NVIC_SetPriorityGrouping
  77              	.LVL0:
  73:Src/stm32f4xx_hal_msp.c **** 
  74:Src/stm32f4xx_hal_msp.c ****   /* System interrupt init*/
  75:Src/stm32f4xx_hal_msp.c **** 
  76:Src/stm32f4xx_hal_msp.c ****   /* USER CODE BEGIN MspInit 1 */
  77:Src/stm32f4xx_hal_msp.c **** 
  78:Src/stm32f4xx_hal_msp.c ****   /* USER CODE END MspInit 1 */
  79:Src/stm32f4xx_hal_msp.c **** }
  78              		.loc 1 79 1 is_stmt 0 view .LVU14
  79 0036 03B0     		add	sp, sp, #12
  80              	.LCFI2:
  81              		.cfi_def_cfa_offset 4
  82              		@ sp needed
  83 0038 00BD     		pop	{pc}
  84              	.L4:
  85 003a 00BF     		.align	2
  86              	.L3:
  87 003c 00380240 		.word	1073887232
  88              		.cfi_endproc
  89              	.LFE134:
  91              		.section	.text.HAL_CAN_MspInit,"ax",%progbits
  92              		.align	1
  93              		.global	HAL_CAN_MspInit
  94              		.syntax unified
ARM GAS  /tmp/ccgJKzj7.s 			page 4


  95              		.thumb
  96              		.thumb_func
  98              	HAL_CAN_MspInit:
  99              	.LVL1:
 100              	.LFB135:
  80:Src/stm32f4xx_hal_msp.c **** 
  81:Src/stm32f4xx_hal_msp.c **** /**
  82:Src/stm32f4xx_hal_msp.c ****   * @brief CAN MSP Initialization
  83:Src/stm32f4xx_hal_msp.c ****   * This function configures the hardware resources used in this example
  84:Src/stm32f4xx_hal_msp.c ****   * @param hcan: CAN handle pointer
  85:Src/stm32f4xx_hal_msp.c ****   * @retval None
  86:Src/stm32f4xx_hal_msp.c ****   */
  87:Src/stm32f4xx_hal_msp.c **** void HAL_CAN_MspInit(CAN_HandleTypeDef* hcan)
  88:Src/stm32f4xx_hal_msp.c **** {
 101              		.loc 1 88 1 is_stmt 1 view -0
 102              		.cfi_startproc
 103              		@ args = 0, pretend = 0, frame = 32
 104              		@ frame_needed = 0, uses_anonymous_args = 0
 105              		.loc 1 88 1 is_stmt 0 view .LVU16
 106 0000 00B5     		push	{lr}
 107              	.LCFI3:
 108              		.cfi_def_cfa_offset 4
 109              		.cfi_offset 14, -4
 110 0002 89B0     		sub	sp, sp, #36
 111              	.LCFI4:
 112              		.cfi_def_cfa_offset 40
  89:Src/stm32f4xx_hal_msp.c ****   GPIO_InitTypeDef GPIO_InitStruct = {0};
 113              		.loc 1 89 3 is_stmt 1 view .LVU17
 114              		.loc 1 89 20 is_stmt 0 view .LVU18
 115 0004 0023     		movs	r3, #0
 116 0006 0393     		str	r3, [sp, #12]
 117 0008 0493     		str	r3, [sp, #16]
 118 000a 0593     		str	r3, [sp, #20]
 119 000c 0693     		str	r3, [sp, #24]
 120 000e 0793     		str	r3, [sp, #28]
  90:Src/stm32f4xx_hal_msp.c ****   if(hcan->Instance==CAN1)
 121              		.loc 1 90 3 is_stmt 1 view .LVU19
 122              		.loc 1 90 10 is_stmt 0 view .LVU20
 123 0010 0268     		ldr	r2, [r0]
 124              		.loc 1 90 5 view .LVU21
 125 0012 184B     		ldr	r3, .L9
 126 0014 9A42     		cmp	r2, r3
 127 0016 01D0     		beq	.L8
 128              	.LVL2:
 129              	.L5:
  91:Src/stm32f4xx_hal_msp.c ****   {
  92:Src/stm32f4xx_hal_msp.c ****     /* USER CODE BEGIN CAN1_MspInit 0 */
  93:Src/stm32f4xx_hal_msp.c **** 
  94:Src/stm32f4xx_hal_msp.c ****     /* USER CODE END CAN1_MspInit 0 */
  95:Src/stm32f4xx_hal_msp.c ****     /* Peripheral clock enable */
  96:Src/stm32f4xx_hal_msp.c ****     __HAL_RCC_CAN1_CLK_ENABLE();
  97:Src/stm32f4xx_hal_msp.c **** 
  98:Src/stm32f4xx_hal_msp.c ****     __HAL_RCC_GPIOD_CLK_ENABLE();
  99:Src/stm32f4xx_hal_msp.c ****     /**CAN1 GPIO Configuration
 100:Src/stm32f4xx_hal_msp.c ****     PD0     ------> CAN1_RX
 101:Src/stm32f4xx_hal_msp.c ****     PD1     ------> CAN1_TX
 102:Src/stm32f4xx_hal_msp.c ****     */
ARM GAS  /tmp/ccgJKzj7.s 			page 5


 103:Src/stm32f4xx_hal_msp.c ****     GPIO_InitStruct.Pin = GPIO_PIN_0|GPIO_PIN_1;
 104:Src/stm32f4xx_hal_msp.c ****     GPIO_InitStruct.Mode = GPIO_MODE_AF_PP;
 105:Src/stm32f4xx_hal_msp.c ****     GPIO_InitStruct.Pull = GPIO_NOPULL;
 106:Src/stm32f4xx_hal_msp.c ****     GPIO_InitStruct.Speed = GPIO_SPEED_FREQ_VERY_HIGH;
 107:Src/stm32f4xx_hal_msp.c ****     GPIO_InitStruct.Alternate = GPIO_AF9_CAN1;
 108:Src/stm32f4xx_hal_msp.c ****     HAL_GPIO_Init(GPIOD, &GPIO_InitStruct);
 109:Src/stm32f4xx_hal_msp.c **** 
 110:Src/stm32f4xx_hal_msp.c ****     /* CAN1 interrupt Init */
 111:Src/stm32f4xx_hal_msp.c ****     HAL_NVIC_SetPriority(CAN1_RX0_IRQn, 0, 0);
 112:Src/stm32f4xx_hal_msp.c ****     HAL_NVIC_EnableIRQ(CAN1_RX0_IRQn);
 113:Src/stm32f4xx_hal_msp.c ****     /* USER CODE BEGIN CAN1_MspInit 1 */
 114:Src/stm32f4xx_hal_msp.c **** 
 115:Src/stm32f4xx_hal_msp.c ****     /* USER CODE END CAN1_MspInit 1 */
 116:Src/stm32f4xx_hal_msp.c **** 
 117:Src/stm32f4xx_hal_msp.c ****   }
 118:Src/stm32f4xx_hal_msp.c **** 
 119:Src/stm32f4xx_hal_msp.c **** }
 130              		.loc 1 119 1 view .LVU22
 131 0018 09B0     		add	sp, sp, #36
 132              	.LCFI5:
 133              		.cfi_remember_state
 134              		.cfi_def_cfa_offset 4
 135              		@ sp needed
 136 001a 00BD     		pop	{pc}
 137              	.LVL3:
 138              	.L8:
 139              	.LCFI6:
 140              		.cfi_restore_state
  96:Src/stm32f4xx_hal_msp.c **** 
 141              		.loc 1 96 5 is_stmt 1 view .LVU23
 142              	.LBB4:
  96:Src/stm32f4xx_hal_msp.c **** 
 143              		.loc 1 96 5 view .LVU24
 144 001c 0021     		movs	r1, #0
 145 001e 0191     		str	r1, [sp, #4]
  96:Src/stm32f4xx_hal_msp.c **** 
 146              		.loc 1 96 5 view .LVU25
 147 0020 03F5EA33 		add	r3, r3, #119808
 148 0024 1A6C     		ldr	r2, [r3, #64]
 149 0026 42F00072 		orr	r2, r2, #33554432
 150 002a 1A64     		str	r2, [r3, #64]
  96:Src/stm32f4xx_hal_msp.c **** 
 151              		.loc 1 96 5 view .LVU26
 152 002c 1A6C     		ldr	r2, [r3, #64]
 153 002e 02F00072 		and	r2, r2, #33554432
 154 0032 0192     		str	r2, [sp, #4]
  96:Src/stm32f4xx_hal_msp.c **** 
 155              		.loc 1 96 5 view .LVU27
 156 0034 019A     		ldr	r2, [sp, #4]
 157              	.LBE4:
  96:Src/stm32f4xx_hal_msp.c **** 
 158              		.loc 1 96 5 view .LVU28
  98:Src/stm32f4xx_hal_msp.c ****     /**CAN1 GPIO Configuration
 159              		.loc 1 98 5 view .LVU29
 160              	.LBB5:
  98:Src/stm32f4xx_hal_msp.c ****     /**CAN1 GPIO Configuration
 161              		.loc 1 98 5 view .LVU30
ARM GAS  /tmp/ccgJKzj7.s 			page 6


 162 0036 0291     		str	r1, [sp, #8]
  98:Src/stm32f4xx_hal_msp.c ****     /**CAN1 GPIO Configuration
 163              		.loc 1 98 5 view .LVU31
 164 0038 1A6B     		ldr	r2, [r3, #48]
 165 003a 42F00802 		orr	r2, r2, #8
 166 003e 1A63     		str	r2, [r3, #48]
  98:Src/stm32f4xx_hal_msp.c ****     /**CAN1 GPIO Configuration
 167              		.loc 1 98 5 view .LVU32
 168 0040 1B6B     		ldr	r3, [r3, #48]
 169 0042 03F00803 		and	r3, r3, #8
 170 0046 0293     		str	r3, [sp, #8]
  98:Src/stm32f4xx_hal_msp.c ****     /**CAN1 GPIO Configuration
 171              		.loc 1 98 5 view .LVU33
 172 0048 029B     		ldr	r3, [sp, #8]
 173              	.LBE5:
  98:Src/stm32f4xx_hal_msp.c ****     /**CAN1 GPIO Configuration
 174              		.loc 1 98 5 view .LVU34
 103:Src/stm32f4xx_hal_msp.c ****     GPIO_InitStruct.Mode = GPIO_MODE_AF_PP;
 175              		.loc 1 103 5 view .LVU35
 103:Src/stm32f4xx_hal_msp.c ****     GPIO_InitStruct.Mode = GPIO_MODE_AF_PP;
 176              		.loc 1 103 25 is_stmt 0 view .LVU36
 177 004a 0323     		movs	r3, #3
 178 004c 0393     		str	r3, [sp, #12]
 104:Src/stm32f4xx_hal_msp.c ****     GPIO_InitStruct.Pull = GPIO_NOPULL;
 179              		.loc 1 104 5 is_stmt 1 view .LVU37
 104:Src/stm32f4xx_hal_msp.c ****     GPIO_InitStruct.Pull = GPIO_NOPULL;
 180              		.loc 1 104 26 is_stmt 0 view .LVU38
 181 004e 0222     		movs	r2, #2
 182 0050 0492     		str	r2, [sp, #16]
 105:Src/stm32f4xx_hal_msp.c ****     GPIO_InitStruct.Speed = GPIO_SPEED_FREQ_VERY_HIGH;
 183              		.loc 1 105 5 is_stmt 1 view .LVU39
 106:Src/stm32f4xx_hal_msp.c ****     GPIO_InitStruct.Alternate = GPIO_AF9_CAN1;
 184              		.loc 1 106 5 view .LVU40
 106:Src/stm32f4xx_hal_msp.c ****     GPIO_InitStruct.Alternate = GPIO_AF9_CAN1;
 185              		.loc 1 106 27 is_stmt 0 view .LVU41
 186 0052 0693     		str	r3, [sp, #24]
 107:Src/stm32f4xx_hal_msp.c ****     HAL_GPIO_Init(GPIOD, &GPIO_InitStruct);
 187              		.loc 1 107 5 is_stmt 1 view .LVU42
 107:Src/stm32f4xx_hal_msp.c ****     HAL_GPIO_Init(GPIOD, &GPIO_InitStruct);
 188              		.loc 1 107 31 is_stmt 0 view .LVU43
 189 0054 0923     		movs	r3, #9
 190 0056 0793     		str	r3, [sp, #28]
 108:Src/stm32f4xx_hal_msp.c **** 
 191              		.loc 1 108 5 is_stmt 1 view .LVU44
 192 0058 03A9     		add	r1, sp, #12
 193 005a 0748     		ldr	r0, .L9+4
 194              	.LVL4:
 108:Src/stm32f4xx_hal_msp.c **** 
 195              		.loc 1 108 5 is_stmt 0 view .LVU45
 196 005c FFF7FEFF 		bl	HAL_GPIO_Init
 197              	.LVL5:
 111:Src/stm32f4xx_hal_msp.c ****     HAL_NVIC_EnableIRQ(CAN1_RX0_IRQn);
 198              		.loc 1 111 5 is_stmt 1 view .LVU46
 199 0060 0022     		movs	r2, #0
 200 0062 1146     		mov	r1, r2
 201 0064 1420     		movs	r0, #20
 202 0066 FFF7FEFF 		bl	HAL_NVIC_SetPriority
ARM GAS  /tmp/ccgJKzj7.s 			page 7


 203              	.LVL6:
 112:Src/stm32f4xx_hal_msp.c ****     /* USER CODE BEGIN CAN1_MspInit 1 */
 204              		.loc 1 112 5 view .LVU47
 205 006a 1420     		movs	r0, #20
 206 006c FFF7FEFF 		bl	HAL_NVIC_EnableIRQ
 207              	.LVL7:
 208              		.loc 1 119 1 is_stmt 0 view .LVU48
 209 0070 D2E7     		b	.L5
 210              	.L10:
 211 0072 00BF     		.align	2
 212              	.L9:
 213 0074 00640040 		.word	1073767424
 214 0078 000C0240 		.word	1073875968
 215              		.cfi_endproc
 216              	.LFE135:
 218              		.section	.text.HAL_CAN_MspDeInit,"ax",%progbits
 219              		.align	1
 220              		.global	HAL_CAN_MspDeInit
 221              		.syntax unified
 222              		.thumb
 223              		.thumb_func
 225              	HAL_CAN_MspDeInit:
 226              	.LVL8:
 227              	.LFB136:
 120:Src/stm32f4xx_hal_msp.c **** 
 121:Src/stm32f4xx_hal_msp.c **** /**
 122:Src/stm32f4xx_hal_msp.c ****   * @brief CAN MSP De-Initialization
 123:Src/stm32f4xx_hal_msp.c ****   * This function freeze the hardware resources used in this example
 124:Src/stm32f4xx_hal_msp.c ****   * @param hcan: CAN handle pointer
 125:Src/stm32f4xx_hal_msp.c ****   * @retval None
 126:Src/stm32f4xx_hal_msp.c ****   */
 127:Src/stm32f4xx_hal_msp.c **** void HAL_CAN_MspDeInit(CAN_HandleTypeDef* hcan)
 128:Src/stm32f4xx_hal_msp.c **** {
 228              		.loc 1 128 1 is_stmt 1 view -0
 229              		.cfi_startproc
 230              		@ args = 0, pretend = 0, frame = 0
 231              		@ frame_needed = 0, uses_anonymous_args = 0
 232              		.loc 1 128 1 is_stmt 0 view .LVU50
 233 0000 08B5     		push	{r3, lr}
 234              	.LCFI7:
 235              		.cfi_def_cfa_offset 8
 236              		.cfi_offset 3, -8
 237              		.cfi_offset 14, -4
 129:Src/stm32f4xx_hal_msp.c ****   if(hcan->Instance==CAN1)
 238              		.loc 1 129 3 is_stmt 1 view .LVU51
 239              		.loc 1 129 10 is_stmt 0 view .LVU52
 240 0002 0268     		ldr	r2, [r0]
 241              		.loc 1 129 5 view .LVU53
 242 0004 084B     		ldr	r3, .L15
 243 0006 9A42     		cmp	r2, r3
 244 0008 00D0     		beq	.L14
 245              	.LVL9:
 246              	.L11:
 130:Src/stm32f4xx_hal_msp.c ****   {
 131:Src/stm32f4xx_hal_msp.c ****     /* USER CODE BEGIN CAN1_MspDeInit 0 */
 132:Src/stm32f4xx_hal_msp.c **** 
 133:Src/stm32f4xx_hal_msp.c ****     /* USER CODE END CAN1_MspDeInit 0 */
ARM GAS  /tmp/ccgJKzj7.s 			page 8


 134:Src/stm32f4xx_hal_msp.c ****     /* Peripheral clock disable */
 135:Src/stm32f4xx_hal_msp.c ****     __HAL_RCC_CAN1_CLK_DISABLE();
 136:Src/stm32f4xx_hal_msp.c **** 
 137:Src/stm32f4xx_hal_msp.c ****     /**CAN1 GPIO Configuration
 138:Src/stm32f4xx_hal_msp.c ****     PD0     ------> CAN1_RX
 139:Src/stm32f4xx_hal_msp.c ****     PD1     ------> CAN1_TX
 140:Src/stm32f4xx_hal_msp.c ****     */
 141:Src/stm32f4xx_hal_msp.c ****     HAL_GPIO_DeInit(GPIOD, GPIO_PIN_0|GPIO_PIN_1);
 142:Src/stm32f4xx_hal_msp.c **** 
 143:Src/stm32f4xx_hal_msp.c ****     /* CAN1 interrupt DeInit */
 144:Src/stm32f4xx_hal_msp.c ****     HAL_NVIC_DisableIRQ(CAN1_RX0_IRQn);
 145:Src/stm32f4xx_hal_msp.c ****     /* USER CODE BEGIN CAN1_MspDeInit 1 */
 146:Src/stm32f4xx_hal_msp.c **** 
 147:Src/stm32f4xx_hal_msp.c ****     /* USER CODE END CAN1_MspDeInit 1 */
 148:Src/stm32f4xx_hal_msp.c ****   }
 149:Src/stm32f4xx_hal_msp.c **** 
 150:Src/stm32f4xx_hal_msp.c **** }
 247              		.loc 1 150 1 view .LVU54
 248 000a 08BD     		pop	{r3, pc}
 249              	.LVL10:
 250              	.L14:
 135:Src/stm32f4xx_hal_msp.c **** 
 251              		.loc 1 135 5 is_stmt 1 view .LVU55
 252 000c 074A     		ldr	r2, .L15+4
 253 000e 136C     		ldr	r3, [r2, #64]
 254 0010 23F00073 		bic	r3, r3, #33554432
 255 0014 1364     		str	r3, [r2, #64]
 141:Src/stm32f4xx_hal_msp.c **** 
 256              		.loc 1 141 5 view .LVU56
 257 0016 0321     		movs	r1, #3
 258 0018 0548     		ldr	r0, .L15+8
 259              	.LVL11:
 141:Src/stm32f4xx_hal_msp.c **** 
 260              		.loc 1 141 5 is_stmt 0 view .LVU57
 261 001a FFF7FEFF 		bl	HAL_GPIO_DeInit
 262              	.LVL12:
 144:Src/stm32f4xx_hal_msp.c ****     /* USER CODE BEGIN CAN1_MspDeInit 1 */
 263              		.loc 1 144 5 is_stmt 1 view .LVU58
 264 001e 1420     		movs	r0, #20
 265 0020 FFF7FEFF 		bl	HAL_NVIC_DisableIRQ
 266              	.LVL13:
 267              		.loc 1 150 1 is_stmt 0 view .LVU59
 268 0024 F1E7     		b	.L11
 269              	.L16:
 270 0026 00BF     		.align	2
 271              	.L15:
 272 0028 00640040 		.word	1073767424
 273 002c 00380240 		.word	1073887232
 274 0030 000C0240 		.word	1073875968
 275              		.cfi_endproc
 276              	.LFE136:
 278              		.section	.text.HAL_I2C_MspInit,"ax",%progbits
 279              		.align	1
 280              		.global	HAL_I2C_MspInit
 281              		.syntax unified
 282              		.thumb
 283              		.thumb_func
ARM GAS  /tmp/ccgJKzj7.s 			page 9


 285              	HAL_I2C_MspInit:
 286              	.LVL14:
 287              	.LFB137:
 151:Src/stm32f4xx_hal_msp.c **** 
 152:Src/stm32f4xx_hal_msp.c **** /**
 153:Src/stm32f4xx_hal_msp.c ****   * @brief I2C MSP Initialization
 154:Src/stm32f4xx_hal_msp.c ****   * This function configures the hardware resources used in this example
 155:Src/stm32f4xx_hal_msp.c ****   * @param hi2c: I2C handle pointer
 156:Src/stm32f4xx_hal_msp.c ****   * @retval None
 157:Src/stm32f4xx_hal_msp.c ****   */
 158:Src/stm32f4xx_hal_msp.c **** void HAL_I2C_MspInit(I2C_HandleTypeDef* hi2c)
 159:Src/stm32f4xx_hal_msp.c **** {
 288              		.loc 1 159 1 is_stmt 1 view -0
 289              		.cfi_startproc
 290              		@ args = 0, pretend = 0, frame = 32
 291              		@ frame_needed = 0, uses_anonymous_args = 0
 292              		.loc 1 159 1 is_stmt 0 view .LVU61
 293 0000 30B5     		push	{r4, r5, lr}
 294              	.LCFI8:
 295              		.cfi_def_cfa_offset 12
 296              		.cfi_offset 4, -12
 297              		.cfi_offset 5, -8
 298              		.cfi_offset 14, -4
 299 0002 89B0     		sub	sp, sp, #36
 300              	.LCFI9:
 301              		.cfi_def_cfa_offset 48
 160:Src/stm32f4xx_hal_msp.c ****   GPIO_InitTypeDef GPIO_InitStruct = {0};
 302              		.loc 1 160 3 is_stmt 1 view .LVU62
 303              		.loc 1 160 20 is_stmt 0 view .LVU63
 304 0004 0023     		movs	r3, #0
 305 0006 0393     		str	r3, [sp, #12]
 306 0008 0493     		str	r3, [sp, #16]
 307 000a 0593     		str	r3, [sp, #20]
 308 000c 0693     		str	r3, [sp, #24]
 309 000e 0793     		str	r3, [sp, #28]
 161:Src/stm32f4xx_hal_msp.c ****   if(hi2c->Instance==I2C1)
 310              		.loc 1 161 3 is_stmt 1 view .LVU64
 311              		.loc 1 161 10 is_stmt 0 view .LVU65
 312 0010 0268     		ldr	r2, [r0]
 313              		.loc 1 161 5 view .LVU66
 314 0012 144B     		ldr	r3, .L21
 315 0014 9A42     		cmp	r2, r3
 316 0016 01D0     		beq	.L20
 317              	.LVL15:
 318              	.L17:
 162:Src/stm32f4xx_hal_msp.c ****   {
 163:Src/stm32f4xx_hal_msp.c ****     /* USER CODE BEGIN I2C1_MspInit 0 */
 164:Src/stm32f4xx_hal_msp.c **** 
 165:Src/stm32f4xx_hal_msp.c ****     /* USER CODE END I2C1_MspInit 0 */
 166:Src/stm32f4xx_hal_msp.c **** 
 167:Src/stm32f4xx_hal_msp.c ****     __HAL_RCC_GPIOB_CLK_ENABLE();
 168:Src/stm32f4xx_hal_msp.c ****     /**I2C1 GPIO Configuration
 169:Src/stm32f4xx_hal_msp.c ****     PB6     ------> I2C1_SCL
 170:Src/stm32f4xx_hal_msp.c ****     PB9     ------> I2C1_SDA
 171:Src/stm32f4xx_hal_msp.c ****     */
 172:Src/stm32f4xx_hal_msp.c ****     GPIO_InitStruct.Pin = Audio_SCL_Pin|Audio_SDA_Pin;
 173:Src/stm32f4xx_hal_msp.c ****     GPIO_InitStruct.Mode = GPIO_MODE_AF_OD;
ARM GAS  /tmp/ccgJKzj7.s 			page 10


 174:Src/stm32f4xx_hal_msp.c ****     GPIO_InitStruct.Pull = GPIO_PULLUP;
 175:Src/stm32f4xx_hal_msp.c ****     GPIO_InitStruct.Speed = GPIO_SPEED_FREQ_LOW;
 176:Src/stm32f4xx_hal_msp.c ****     GPIO_InitStruct.Alternate = GPIO_AF4_I2C1;
 177:Src/stm32f4xx_hal_msp.c ****     HAL_GPIO_Init(GPIOB, &GPIO_InitStruct);
 178:Src/stm32f4xx_hal_msp.c **** 
 179:Src/stm32f4xx_hal_msp.c ****     /* Peripheral clock enable */
 180:Src/stm32f4xx_hal_msp.c ****     __HAL_RCC_I2C1_CLK_ENABLE();
 181:Src/stm32f4xx_hal_msp.c ****     /* USER CODE BEGIN I2C1_MspInit 1 */
 182:Src/stm32f4xx_hal_msp.c **** 
 183:Src/stm32f4xx_hal_msp.c ****     /* USER CODE END I2C1_MspInit 1 */
 184:Src/stm32f4xx_hal_msp.c **** 
 185:Src/stm32f4xx_hal_msp.c ****   }
 186:Src/stm32f4xx_hal_msp.c **** 
 187:Src/stm32f4xx_hal_msp.c **** }
 319              		.loc 1 187 1 view .LVU67
 320 0018 09B0     		add	sp, sp, #36
 321              	.LCFI10:
 322              		.cfi_remember_state
 323              		.cfi_def_cfa_offset 12
 324              		@ sp needed
 325 001a 30BD     		pop	{r4, r5, pc}
 326              	.LVL16:
 327              	.L20:
 328              	.LCFI11:
 329              		.cfi_restore_state
 167:Src/stm32f4xx_hal_msp.c ****     /**I2C1 GPIO Configuration
 330              		.loc 1 167 5 is_stmt 1 view .LVU68
 331              	.LBB6:
 167:Src/stm32f4xx_hal_msp.c ****     /**I2C1 GPIO Configuration
 332              		.loc 1 167 5 view .LVU69
 333 001c 0025     		movs	r5, #0
 334 001e 0195     		str	r5, [sp, #4]
 167:Src/stm32f4xx_hal_msp.c ****     /**I2C1 GPIO Configuration
 335              		.loc 1 167 5 view .LVU70
 336 0020 114C     		ldr	r4, .L21+4
 337 0022 236B     		ldr	r3, [r4, #48]
 338 0024 43F00203 		orr	r3, r3, #2
 339 0028 2363     		str	r3, [r4, #48]
 167:Src/stm32f4xx_hal_msp.c ****     /**I2C1 GPIO Configuration
 340              		.loc 1 167 5 view .LVU71
 341 002a 236B     		ldr	r3, [r4, #48]
 342 002c 03F00203 		and	r3, r3, #2
 343 0030 0193     		str	r3, [sp, #4]
 167:Src/stm32f4xx_hal_msp.c ****     /**I2C1 GPIO Configuration
 344              		.loc 1 167 5 view .LVU72
 345 0032 019B     		ldr	r3, [sp, #4]
 346              	.LBE6:
 167:Src/stm32f4xx_hal_msp.c ****     /**I2C1 GPIO Configuration
 347              		.loc 1 167 5 view .LVU73
 172:Src/stm32f4xx_hal_msp.c ****     GPIO_InitStruct.Mode = GPIO_MODE_AF_OD;
 348              		.loc 1 172 5 view .LVU74
 172:Src/stm32f4xx_hal_msp.c ****     GPIO_InitStruct.Mode = GPIO_MODE_AF_OD;
 349              		.loc 1 172 25 is_stmt 0 view .LVU75
 350 0034 4FF41073 		mov	r3, #576
 351 0038 0393     		str	r3, [sp, #12]
 173:Src/stm32f4xx_hal_msp.c ****     GPIO_InitStruct.Pull = GPIO_PULLUP;
 352              		.loc 1 173 5 is_stmt 1 view .LVU76
ARM GAS  /tmp/ccgJKzj7.s 			page 11


 173:Src/stm32f4xx_hal_msp.c ****     GPIO_InitStruct.Pull = GPIO_PULLUP;
 353              		.loc 1 173 26 is_stmt 0 view .LVU77
 354 003a 1223     		movs	r3, #18
 355 003c 0493     		str	r3, [sp, #16]
 174:Src/stm32f4xx_hal_msp.c ****     GPIO_InitStruct.Speed = GPIO_SPEED_FREQ_LOW;
 356              		.loc 1 174 5 is_stmt 1 view .LVU78
 174:Src/stm32f4xx_hal_msp.c ****     GPIO_InitStruct.Speed = GPIO_SPEED_FREQ_LOW;
 357              		.loc 1 174 26 is_stmt 0 view .LVU79
 358 003e 0123     		movs	r3, #1
 359 0040 0593     		str	r3, [sp, #20]
 175:Src/stm32f4xx_hal_msp.c ****     GPIO_InitStruct.Alternate = GPIO_AF4_I2C1;
 360              		.loc 1 175 5 is_stmt 1 view .LVU80
 176:Src/stm32f4xx_hal_msp.c ****     HAL_GPIO_Init(GPIOB, &GPIO_InitStruct);
 361              		.loc 1 176 5 view .LVU81
 176:Src/stm32f4xx_hal_msp.c ****     HAL_GPIO_Init(GPIOB, &GPIO_InitStruct);
 362              		.loc 1 176 31 is_stmt 0 view .LVU82
 363 0042 0423     		movs	r3, #4
 364 0044 0793     		str	r3, [sp, #28]
 177:Src/stm32f4xx_hal_msp.c **** 
 365              		.loc 1 177 5 is_stmt 1 view .LVU83
 366 0046 03A9     		add	r1, sp, #12
 367 0048 0848     		ldr	r0, .L21+8
 368              	.LVL17:
 177:Src/stm32f4xx_hal_msp.c **** 
 369              		.loc 1 177 5 is_stmt 0 view .LVU84
 370 004a FFF7FEFF 		bl	HAL_GPIO_Init
 371              	.LVL18:
 180:Src/stm32f4xx_hal_msp.c ****     /* USER CODE BEGIN I2C1_MspInit 1 */
 372              		.loc 1 180 5 is_stmt 1 view .LVU85
 373              	.LBB7:
 180:Src/stm32f4xx_hal_msp.c ****     /* USER CODE BEGIN I2C1_MspInit 1 */
 374              		.loc 1 180 5 view .LVU86
 375 004e 0295     		str	r5, [sp, #8]
 180:Src/stm32f4xx_hal_msp.c ****     /* USER CODE BEGIN I2C1_MspInit 1 */
 376              		.loc 1 180 5 view .LVU87
 377 0050 236C     		ldr	r3, [r4, #64]
 378 0052 43F40013 		orr	r3, r3, #2097152
 379 0056 2364     		str	r3, [r4, #64]
 180:Src/stm32f4xx_hal_msp.c ****     /* USER CODE BEGIN I2C1_MspInit 1 */
 380              		.loc 1 180 5 view .LVU88
 381 0058 236C     		ldr	r3, [r4, #64]
 382 005a 03F40013 		and	r3, r3, #2097152
 383 005e 0293     		str	r3, [sp, #8]
 180:Src/stm32f4xx_hal_msp.c ****     /* USER CODE BEGIN I2C1_MspInit 1 */
 384              		.loc 1 180 5 view .LVU89
 385 0060 029B     		ldr	r3, [sp, #8]
 386              	.LBE7:
 180:Src/stm32f4xx_hal_msp.c ****     /* USER CODE BEGIN I2C1_MspInit 1 */
 387              		.loc 1 180 5 view .LVU90
 388              		.loc 1 187 1 is_stmt 0 view .LVU91
 389 0062 D9E7     		b	.L17
 390              	.L22:
 391              		.align	2
 392              	.L21:
 393 0064 00540040 		.word	1073763328
 394 0068 00380240 		.word	1073887232
 395 006c 00040240 		.word	1073873920
ARM GAS  /tmp/ccgJKzj7.s 			page 12


 396              		.cfi_endproc
 397              	.LFE137:
 399              		.section	.text.HAL_I2C_MspDeInit,"ax",%progbits
 400              		.align	1
 401              		.global	HAL_I2C_MspDeInit
 402              		.syntax unified
 403              		.thumb
 404              		.thumb_func
 406              	HAL_I2C_MspDeInit:
 407              	.LVL19:
 408              	.LFB138:
 188:Src/stm32f4xx_hal_msp.c **** 
 189:Src/stm32f4xx_hal_msp.c **** /**
 190:Src/stm32f4xx_hal_msp.c ****   * @brief I2C MSP De-Initialization
 191:Src/stm32f4xx_hal_msp.c ****   * This function freeze the hardware resources used in this example
 192:Src/stm32f4xx_hal_msp.c ****   * @param hi2c: I2C handle pointer
 193:Src/stm32f4xx_hal_msp.c ****   * @retval None
 194:Src/stm32f4xx_hal_msp.c ****   */
 195:Src/stm32f4xx_hal_msp.c **** void HAL_I2C_MspDeInit(I2C_HandleTypeDef* hi2c)
 196:Src/stm32f4xx_hal_msp.c **** {
 409              		.loc 1 196 1 is_stmt 1 view -0
 410              		.cfi_startproc
 411              		@ args = 0, pretend = 0, frame = 0
 412              		@ frame_needed = 0, uses_anonymous_args = 0
 413              		.loc 1 196 1 is_stmt 0 view .LVU93
 414 0000 08B5     		push	{r3, lr}
 415              	.LCFI12:
 416              		.cfi_def_cfa_offset 8
 417              		.cfi_offset 3, -8
 418              		.cfi_offset 14, -4
 197:Src/stm32f4xx_hal_msp.c ****   if(hi2c->Instance==I2C1)
 419              		.loc 1 197 3 is_stmt 1 view .LVU94
 420              		.loc 1 197 10 is_stmt 0 view .LVU95
 421 0002 0268     		ldr	r2, [r0]
 422              		.loc 1 197 5 view .LVU96
 423 0004 094B     		ldr	r3, .L27
 424 0006 9A42     		cmp	r2, r3
 425 0008 00D0     		beq	.L26
 426              	.LVL20:
 427              	.L23:
 198:Src/stm32f4xx_hal_msp.c ****   {
 199:Src/stm32f4xx_hal_msp.c ****     /* USER CODE BEGIN I2C1_MspDeInit 0 */
 200:Src/stm32f4xx_hal_msp.c **** 
 201:Src/stm32f4xx_hal_msp.c ****     /* USER CODE END I2C1_MspDeInit 0 */
 202:Src/stm32f4xx_hal_msp.c ****     /* Peripheral clock disable */
 203:Src/stm32f4xx_hal_msp.c ****     __HAL_RCC_I2C1_CLK_DISABLE();
 204:Src/stm32f4xx_hal_msp.c **** 
 205:Src/stm32f4xx_hal_msp.c ****     /**I2C1 GPIO Configuration
 206:Src/stm32f4xx_hal_msp.c ****     PB6     ------> I2C1_SCL
 207:Src/stm32f4xx_hal_msp.c ****     PB9     ------> I2C1_SDA
 208:Src/stm32f4xx_hal_msp.c ****     */
 209:Src/stm32f4xx_hal_msp.c ****     HAL_GPIO_DeInit(Audio_SCL_GPIO_Port, Audio_SCL_Pin);
 210:Src/stm32f4xx_hal_msp.c **** 
 211:Src/stm32f4xx_hal_msp.c ****     HAL_GPIO_DeInit(Audio_SDA_GPIO_Port, Audio_SDA_Pin);
 212:Src/stm32f4xx_hal_msp.c **** 
 213:Src/stm32f4xx_hal_msp.c ****     /* USER CODE BEGIN I2C1_MspDeInit 1 */
 214:Src/stm32f4xx_hal_msp.c **** 
ARM GAS  /tmp/ccgJKzj7.s 			page 13


 215:Src/stm32f4xx_hal_msp.c ****     /* USER CODE END I2C1_MspDeInit 1 */
 216:Src/stm32f4xx_hal_msp.c ****   }
 217:Src/stm32f4xx_hal_msp.c **** 
 218:Src/stm32f4xx_hal_msp.c **** }
 428              		.loc 1 218 1 view .LVU97
 429 000a 08BD     		pop	{r3, pc}
 430              	.LVL21:
 431              	.L26:
 203:Src/stm32f4xx_hal_msp.c **** 
 432              		.loc 1 203 5 is_stmt 1 view .LVU98
 433 000c 084A     		ldr	r2, .L27+4
 434 000e 136C     		ldr	r3, [r2, #64]
 435 0010 23F40013 		bic	r3, r3, #2097152
 436 0014 1364     		str	r3, [r2, #64]
 209:Src/stm32f4xx_hal_msp.c **** 
 437              		.loc 1 209 5 view .LVU99
 438 0016 4021     		movs	r1, #64
 439 0018 0648     		ldr	r0, .L27+8
 440              	.LVL22:
 209:Src/stm32f4xx_hal_msp.c **** 
 441              		.loc 1 209 5 is_stmt 0 view .LVU100
 442 001a FFF7FEFF 		bl	HAL_GPIO_DeInit
 443              	.LVL23:
 211:Src/stm32f4xx_hal_msp.c **** 
 444              		.loc 1 211 5 is_stmt 1 view .LVU101
 445 001e 4FF40071 		mov	r1, #512
 446 0022 0448     		ldr	r0, .L27+8
 447 0024 FFF7FEFF 		bl	HAL_GPIO_DeInit
 448              	.LVL24:
 449              		.loc 1 218 1 is_stmt 0 view .LVU102
 450 0028 EFE7     		b	.L23
 451              	.L28:
 452 002a 00BF     		.align	2
 453              	.L27:
 454 002c 00540040 		.word	1073763328
 455 0030 00380240 		.word	1073887232
 456 0034 00040240 		.word	1073873920
 457              		.cfi_endproc
 458              	.LFE138:
 460              		.section	.text.HAL_I2S_MspInit,"ax",%progbits
 461              		.align	1
 462              		.global	HAL_I2S_MspInit
 463              		.syntax unified
 464              		.thumb
 465              		.thumb_func
 467              	HAL_I2S_MspInit:
 468              	.LVL25:
 469              	.LFB139:
 219:Src/stm32f4xx_hal_msp.c **** 
 220:Src/stm32f4xx_hal_msp.c **** /**
 221:Src/stm32f4xx_hal_msp.c ****   * @brief I2S MSP Initialization
 222:Src/stm32f4xx_hal_msp.c ****   * This function configures the hardware resources used in this example
 223:Src/stm32f4xx_hal_msp.c ****   * @param hi2s: I2S handle pointer
 224:Src/stm32f4xx_hal_msp.c ****   * @retval None
 225:Src/stm32f4xx_hal_msp.c ****   */
 226:Src/stm32f4xx_hal_msp.c **** void HAL_I2S_MspInit(I2S_HandleTypeDef* hi2s)
 227:Src/stm32f4xx_hal_msp.c **** {
ARM GAS  /tmp/ccgJKzj7.s 			page 14


 470              		.loc 1 227 1 is_stmt 1 view -0
 471              		.cfi_startproc
 472              		@ args = 0, pretend = 0, frame = 48
 473              		@ frame_needed = 0, uses_anonymous_args = 0
 474              		.loc 1 227 1 is_stmt 0 view .LVU104
 475 0000 70B5     		push	{r4, r5, r6, lr}
 476              	.LCFI13:
 477              		.cfi_def_cfa_offset 16
 478              		.cfi_offset 4, -16
 479              		.cfi_offset 5, -12
 480              		.cfi_offset 6, -8
 481              		.cfi_offset 14, -4
 482 0002 8CB0     		sub	sp, sp, #48
 483              	.LCFI14:
 484              		.cfi_def_cfa_offset 64
 228:Src/stm32f4xx_hal_msp.c ****   GPIO_InitTypeDef GPIO_InitStruct = {0};
 485              		.loc 1 228 3 is_stmt 1 view .LVU105
 486              		.loc 1 228 20 is_stmt 0 view .LVU106
 487 0004 0023     		movs	r3, #0
 488 0006 0793     		str	r3, [sp, #28]
 489 0008 0893     		str	r3, [sp, #32]
 490 000a 0993     		str	r3, [sp, #36]
 491 000c 0A93     		str	r3, [sp, #40]
 492 000e 0B93     		str	r3, [sp, #44]
 229:Src/stm32f4xx_hal_msp.c ****   RCC_PeriphCLKInitTypeDef PeriphClkInitStruct = {0};
 493              		.loc 1 229 3 is_stmt 1 view .LVU107
 494              		.loc 1 229 28 is_stmt 0 view .LVU108
 495 0010 0393     		str	r3, [sp, #12]
 496 0012 0493     		str	r3, [sp, #16]
 497 0014 0593     		str	r3, [sp, #20]
 498 0016 0693     		str	r3, [sp, #24]
 230:Src/stm32f4xx_hal_msp.c ****   if(hi2s->Instance==SPI3)
 499              		.loc 1 230 3 is_stmt 1 view .LVU109
 500              		.loc 1 230 10 is_stmt 0 view .LVU110
 501 0018 0268     		ldr	r2, [r0]
 502              		.loc 1 230 5 view .LVU111
 503 001a 264B     		ldr	r3, .L35
 504 001c 9A42     		cmp	r2, r3
 505 001e 01D0     		beq	.L33
 506              	.LVL26:
 507              	.L29:
 231:Src/stm32f4xx_hal_msp.c ****   {
 232:Src/stm32f4xx_hal_msp.c ****     /* USER CODE BEGIN SPI3_MspInit 0 */
 233:Src/stm32f4xx_hal_msp.c **** 
 234:Src/stm32f4xx_hal_msp.c ****     /* USER CODE END SPI3_MspInit 0 */
 235:Src/stm32f4xx_hal_msp.c **** 
 236:Src/stm32f4xx_hal_msp.c ****   /** Initializes the peripherals clock
 237:Src/stm32f4xx_hal_msp.c ****   */
 238:Src/stm32f4xx_hal_msp.c ****     PeriphClkInitStruct.PeriphClockSelection = RCC_PERIPHCLK_I2S;
 239:Src/stm32f4xx_hal_msp.c ****     PeriphClkInitStruct.PLLI2S.PLLI2SN = 192;
 240:Src/stm32f4xx_hal_msp.c ****     PeriphClkInitStruct.PLLI2S.PLLI2SR = 2;
 241:Src/stm32f4xx_hal_msp.c ****     if (HAL_RCCEx_PeriphCLKConfig(&PeriphClkInitStruct) != HAL_OK)
 242:Src/stm32f4xx_hal_msp.c ****     {
 243:Src/stm32f4xx_hal_msp.c ****       Error_Handler();
 244:Src/stm32f4xx_hal_msp.c ****     }
 245:Src/stm32f4xx_hal_msp.c **** 
 246:Src/stm32f4xx_hal_msp.c ****     /* Peripheral clock enable */
ARM GAS  /tmp/ccgJKzj7.s 			page 15


 247:Src/stm32f4xx_hal_msp.c ****     __HAL_RCC_SPI3_CLK_ENABLE();
 248:Src/stm32f4xx_hal_msp.c **** 
 249:Src/stm32f4xx_hal_msp.c ****     __HAL_RCC_GPIOA_CLK_ENABLE();
 250:Src/stm32f4xx_hal_msp.c ****     __HAL_RCC_GPIOC_CLK_ENABLE();
 251:Src/stm32f4xx_hal_msp.c ****     /**I2S3 GPIO Configuration
 252:Src/stm32f4xx_hal_msp.c ****     PA4     ------> I2S3_WS
 253:Src/stm32f4xx_hal_msp.c ****     PC7     ------> I2S3_MCK
 254:Src/stm32f4xx_hal_msp.c ****     PC10     ------> I2S3_CK
 255:Src/stm32f4xx_hal_msp.c ****     PC12     ------> I2S3_SD
 256:Src/stm32f4xx_hal_msp.c ****     */
 257:Src/stm32f4xx_hal_msp.c ****     GPIO_InitStruct.Pin = I2S3_WS_Pin;
 258:Src/stm32f4xx_hal_msp.c ****     GPIO_InitStruct.Mode = GPIO_MODE_AF_PP;
 259:Src/stm32f4xx_hal_msp.c ****     GPIO_InitStruct.Pull = GPIO_NOPULL;
 260:Src/stm32f4xx_hal_msp.c ****     GPIO_InitStruct.Speed = GPIO_SPEED_FREQ_LOW;
 261:Src/stm32f4xx_hal_msp.c ****     GPIO_InitStruct.Alternate = GPIO_AF6_SPI3;
 262:Src/stm32f4xx_hal_msp.c ****     HAL_GPIO_Init(I2S3_WS_GPIO_Port, &GPIO_InitStruct);
 263:Src/stm32f4xx_hal_msp.c **** 
 264:Src/stm32f4xx_hal_msp.c ****     GPIO_InitStruct.Pin = I2S3_MCK_Pin|I2S3_SCK_Pin|I2S3_SD_Pin;
 265:Src/stm32f4xx_hal_msp.c ****     GPIO_InitStruct.Mode = GPIO_MODE_AF_PP;
 266:Src/stm32f4xx_hal_msp.c ****     GPIO_InitStruct.Pull = GPIO_NOPULL;
 267:Src/stm32f4xx_hal_msp.c ****     GPIO_InitStruct.Speed = GPIO_SPEED_FREQ_LOW;
 268:Src/stm32f4xx_hal_msp.c ****     GPIO_InitStruct.Alternate = GPIO_AF6_SPI3;
 269:Src/stm32f4xx_hal_msp.c ****     HAL_GPIO_Init(GPIOC, &GPIO_InitStruct);
 270:Src/stm32f4xx_hal_msp.c **** 
 271:Src/stm32f4xx_hal_msp.c ****     /* USER CODE BEGIN SPI3_MspInit 1 */
 272:Src/stm32f4xx_hal_msp.c **** 
 273:Src/stm32f4xx_hal_msp.c ****     /* USER CODE END SPI3_MspInit 1 */
 274:Src/stm32f4xx_hal_msp.c **** 
 275:Src/stm32f4xx_hal_msp.c ****   }
 276:Src/stm32f4xx_hal_msp.c **** 
 277:Src/stm32f4xx_hal_msp.c **** }
 508              		.loc 1 277 1 view .LVU112
 509 0020 0CB0     		add	sp, sp, #48
 510              	.LCFI15:
 511              		.cfi_remember_state
 512              		.cfi_def_cfa_offset 16
 513              		@ sp needed
 514 0022 70BD     		pop	{r4, r5, r6, pc}
 515              	.LVL27:
 516              	.L33:
 517              	.LCFI16:
 518              		.cfi_restore_state
 238:Src/stm32f4xx_hal_msp.c ****     PeriphClkInitStruct.PLLI2S.PLLI2SN = 192;
 519              		.loc 1 238 5 is_stmt 1 view .LVU113
 238:Src/stm32f4xx_hal_msp.c ****     PeriphClkInitStruct.PLLI2S.PLLI2SN = 192;
 520              		.loc 1 238 46 is_stmt 0 view .LVU114
 521 0024 0123     		movs	r3, #1
 522 0026 0393     		str	r3, [sp, #12]
 239:Src/stm32f4xx_hal_msp.c ****     PeriphClkInitStruct.PLLI2S.PLLI2SR = 2;
 523              		.loc 1 239 5 is_stmt 1 view .LVU115
 239:Src/stm32f4xx_hal_msp.c ****     PeriphClkInitStruct.PLLI2S.PLLI2SR = 2;
 524              		.loc 1 239 40 is_stmt 0 view .LVU116
 525 0028 C023     		movs	r3, #192
 526 002a 0493     		str	r3, [sp, #16]
 240:Src/stm32f4xx_hal_msp.c ****     if (HAL_RCCEx_PeriphCLKConfig(&PeriphClkInitStruct) != HAL_OK)
 527              		.loc 1 240 5 is_stmt 1 view .LVU117
 240:Src/stm32f4xx_hal_msp.c ****     if (HAL_RCCEx_PeriphCLKConfig(&PeriphClkInitStruct) != HAL_OK)
ARM GAS  /tmp/ccgJKzj7.s 			page 16


 528              		.loc 1 240 40 is_stmt 0 view .LVU118
 529 002c 0223     		movs	r3, #2
 530 002e 0593     		str	r3, [sp, #20]
 241:Src/stm32f4xx_hal_msp.c ****     {
 531              		.loc 1 241 5 is_stmt 1 view .LVU119
 241:Src/stm32f4xx_hal_msp.c ****     {
 532              		.loc 1 241 9 is_stmt 0 view .LVU120
 533 0030 03A8     		add	r0, sp, #12
 534              	.LVL28:
 241:Src/stm32f4xx_hal_msp.c ****     {
 535              		.loc 1 241 9 view .LVU121
 536 0032 FFF7FEFF 		bl	HAL_RCCEx_PeriphCLKConfig
 537              	.LVL29:
 241:Src/stm32f4xx_hal_msp.c ****     {
 538              		.loc 1 241 8 discriminator 1 view .LVU122
 539 0036 0028     		cmp	r0, #0
 540 0038 38D1     		bne	.L34
 541              	.L31:
 247:Src/stm32f4xx_hal_msp.c **** 
 542              		.loc 1 247 5 is_stmt 1 view .LVU123
 543              	.LBB8:
 247:Src/stm32f4xx_hal_msp.c **** 
 544              		.loc 1 247 5 view .LVU124
 545 003a 0021     		movs	r1, #0
 546 003c 0091     		str	r1, [sp]
 247:Src/stm32f4xx_hal_msp.c **** 
 547              		.loc 1 247 5 view .LVU125
 548 003e 1E4B     		ldr	r3, .L35+4
 549 0040 1A6C     		ldr	r2, [r3, #64]
 550 0042 42F40042 		orr	r2, r2, #32768
 551 0046 1A64     		str	r2, [r3, #64]
 247:Src/stm32f4xx_hal_msp.c **** 
 552              		.loc 1 247 5 view .LVU126
 553 0048 1A6C     		ldr	r2, [r3, #64]
 554 004a 02F40042 		and	r2, r2, #32768
 555 004e 0092     		str	r2, [sp]
 247:Src/stm32f4xx_hal_msp.c **** 
 556              		.loc 1 247 5 view .LVU127
 557 0050 009A     		ldr	r2, [sp]
 558              	.LBE8:
 247:Src/stm32f4xx_hal_msp.c **** 
 559              		.loc 1 247 5 view .LVU128
 249:Src/stm32f4xx_hal_msp.c ****     __HAL_RCC_GPIOC_CLK_ENABLE();
 560              		.loc 1 249 5 view .LVU129
 561              	.LBB9:
 249:Src/stm32f4xx_hal_msp.c ****     __HAL_RCC_GPIOC_CLK_ENABLE();
 562              		.loc 1 249 5 view .LVU130
 563 0052 0191     		str	r1, [sp, #4]
 249:Src/stm32f4xx_hal_msp.c ****     __HAL_RCC_GPIOC_CLK_ENABLE();
 564              		.loc 1 249 5 view .LVU131
 565 0054 1A6B     		ldr	r2, [r3, #48]
 566 0056 42F00102 		orr	r2, r2, #1
 567 005a 1A63     		str	r2, [r3, #48]
 249:Src/stm32f4xx_hal_msp.c ****     __HAL_RCC_GPIOC_CLK_ENABLE();
 568              		.loc 1 249 5 view .LVU132
 569 005c 1A6B     		ldr	r2, [r3, #48]
 570 005e 02F00102 		and	r2, r2, #1
ARM GAS  /tmp/ccgJKzj7.s 			page 17


 571 0062 0192     		str	r2, [sp, #4]
 249:Src/stm32f4xx_hal_msp.c ****     __HAL_RCC_GPIOC_CLK_ENABLE();
 572              		.loc 1 249 5 view .LVU133
 573 0064 019A     		ldr	r2, [sp, #4]
 574              	.LBE9:
 249:Src/stm32f4xx_hal_msp.c ****     __HAL_RCC_GPIOC_CLK_ENABLE();
 575              		.loc 1 249 5 view .LVU134
 250:Src/stm32f4xx_hal_msp.c ****     /**I2S3 GPIO Configuration
 576              		.loc 1 250 5 view .LVU135
 577              	.LBB10:
 250:Src/stm32f4xx_hal_msp.c ****     /**I2S3 GPIO Configuration
 578              		.loc 1 250 5 view .LVU136
 579 0066 0291     		str	r1, [sp, #8]
 250:Src/stm32f4xx_hal_msp.c ****     /**I2S3 GPIO Configuration
 580              		.loc 1 250 5 view .LVU137
 581 0068 1A6B     		ldr	r2, [r3, #48]
 582 006a 42F00402 		orr	r2, r2, #4
 583 006e 1A63     		str	r2, [r3, #48]
 250:Src/stm32f4xx_hal_msp.c ****     /**I2S3 GPIO Configuration
 584              		.loc 1 250 5 view .LVU138
 585 0070 1B6B     		ldr	r3, [r3, #48]
 586 0072 03F00403 		and	r3, r3, #4
 587 0076 0293     		str	r3, [sp, #8]
 250:Src/stm32f4xx_hal_msp.c ****     /**I2S3 GPIO Configuration
 588              		.loc 1 250 5 view .LVU139
 589 0078 029B     		ldr	r3, [sp, #8]
 590              	.LBE10:
 250:Src/stm32f4xx_hal_msp.c ****     /**I2S3 GPIO Configuration
 591              		.loc 1 250 5 view .LVU140
 257:Src/stm32f4xx_hal_msp.c ****     GPIO_InitStruct.Mode = GPIO_MODE_AF_PP;
 592              		.loc 1 257 5 view .LVU141
 257:Src/stm32f4xx_hal_msp.c ****     GPIO_InitStruct.Mode = GPIO_MODE_AF_PP;
 593              		.loc 1 257 25 is_stmt 0 view .LVU142
 594 007a 1023     		movs	r3, #16
 595 007c 0793     		str	r3, [sp, #28]
 258:Src/stm32f4xx_hal_msp.c ****     GPIO_InitStruct.Pull = GPIO_NOPULL;
 596              		.loc 1 258 5 is_stmt 1 view .LVU143
 258:Src/stm32f4xx_hal_msp.c ****     GPIO_InitStruct.Pull = GPIO_NOPULL;
 597              		.loc 1 258 26 is_stmt 0 view .LVU144
 598 007e 0225     		movs	r5, #2
 599 0080 0895     		str	r5, [sp, #32]
 259:Src/stm32f4xx_hal_msp.c ****     GPIO_InitStruct.Speed = GPIO_SPEED_FREQ_LOW;
 600              		.loc 1 259 5 is_stmt 1 view .LVU145
 259:Src/stm32f4xx_hal_msp.c ****     GPIO_InitStruct.Speed = GPIO_SPEED_FREQ_LOW;
 601              		.loc 1 259 26 is_stmt 0 view .LVU146
 602 0082 0991     		str	r1, [sp, #36]
 260:Src/stm32f4xx_hal_msp.c ****     GPIO_InitStruct.Alternate = GPIO_AF6_SPI3;
 603              		.loc 1 260 5 is_stmt 1 view .LVU147
 260:Src/stm32f4xx_hal_msp.c ****     GPIO_InitStruct.Alternate = GPIO_AF6_SPI3;
 604              		.loc 1 260 27 is_stmt 0 view .LVU148
 605 0084 0C46     		mov	r4, r1
 606 0086 0A91     		str	r1, [sp, #40]
 261:Src/stm32f4xx_hal_msp.c ****     HAL_GPIO_Init(I2S3_WS_GPIO_Port, &GPIO_InitStruct);
 607              		.loc 1 261 5 is_stmt 1 view .LVU149
 261:Src/stm32f4xx_hal_msp.c ****     HAL_GPIO_Init(I2S3_WS_GPIO_Port, &GPIO_InitStruct);
 608              		.loc 1 261 31 is_stmt 0 view .LVU150
 609 0088 0626     		movs	r6, #6
ARM GAS  /tmp/ccgJKzj7.s 			page 18


 610 008a 0B96     		str	r6, [sp, #44]
 262:Src/stm32f4xx_hal_msp.c **** 
 611              		.loc 1 262 5 is_stmt 1 view .LVU151
 612 008c 07A9     		add	r1, sp, #28
 613 008e 0B48     		ldr	r0, .L35+8
 614 0090 FFF7FEFF 		bl	HAL_GPIO_Init
 615              	.LVL30:
 264:Src/stm32f4xx_hal_msp.c ****     GPIO_InitStruct.Mode = GPIO_MODE_AF_PP;
 616              		.loc 1 264 5 view .LVU152
 264:Src/stm32f4xx_hal_msp.c ****     GPIO_InitStruct.Mode = GPIO_MODE_AF_PP;
 617              		.loc 1 264 25 is_stmt 0 view .LVU153
 618 0094 4FF4A453 		mov	r3, #5248
 619 0098 0793     		str	r3, [sp, #28]
 265:Src/stm32f4xx_hal_msp.c ****     GPIO_InitStruct.Pull = GPIO_NOPULL;
 620              		.loc 1 265 5 is_stmt 1 view .LVU154
 265:Src/stm32f4xx_hal_msp.c ****     GPIO_InitStruct.Pull = GPIO_NOPULL;
 621              		.loc 1 265 26 is_stmt 0 view .LVU155
 622 009a 0895     		str	r5, [sp, #32]
 266:Src/stm32f4xx_hal_msp.c ****     GPIO_InitStruct.Speed = GPIO_SPEED_FREQ_LOW;
 623              		.loc 1 266 5 is_stmt 1 view .LVU156
 266:Src/stm32f4xx_hal_msp.c ****     GPIO_InitStruct.Speed = GPIO_SPEED_FREQ_LOW;
 624              		.loc 1 266 26 is_stmt 0 view .LVU157
 625 009c 0994     		str	r4, [sp, #36]
 267:Src/stm32f4xx_hal_msp.c ****     GPIO_InitStruct.Alternate = GPIO_AF6_SPI3;
 626              		.loc 1 267 5 is_stmt 1 view .LVU158
 267:Src/stm32f4xx_hal_msp.c ****     GPIO_InitStruct.Alternate = GPIO_AF6_SPI3;
 627              		.loc 1 267 27 is_stmt 0 view .LVU159
 628 009e 0A94     		str	r4, [sp, #40]
 268:Src/stm32f4xx_hal_msp.c ****     HAL_GPIO_Init(GPIOC, &GPIO_InitStruct);
 629              		.loc 1 268 5 is_stmt 1 view .LVU160
 268:Src/stm32f4xx_hal_msp.c ****     HAL_GPIO_Init(GPIOC, &GPIO_InitStruct);
 630              		.loc 1 268 31 is_stmt 0 view .LVU161
 631 00a0 0B96     		str	r6, [sp, #44]
 269:Src/stm32f4xx_hal_msp.c **** 
 632              		.loc 1 269 5 is_stmt 1 view .LVU162
 633 00a2 07A9     		add	r1, sp, #28
 634 00a4 0648     		ldr	r0, .L35+12
 635 00a6 FFF7FEFF 		bl	HAL_GPIO_Init
 636              	.LVL31:
 637              		.loc 1 277 1 is_stmt 0 view .LVU163
 638 00aa B9E7     		b	.L29
 639              	.L34:
 243:Src/stm32f4xx_hal_msp.c ****     }
 640              		.loc 1 243 7 is_stmt 1 view .LVU164
 641 00ac FFF7FEFF 		bl	Error_Handler
 642              	.LVL32:
 643 00b0 C3E7     		b	.L31
 644              	.L36:
 645 00b2 00BF     		.align	2
 646              	.L35:
 647 00b4 003C0040 		.word	1073757184
 648 00b8 00380240 		.word	1073887232
 649 00bc 00000240 		.word	1073872896
 650 00c0 00080240 		.word	1073874944
 651              		.cfi_endproc
 652              	.LFE139:
 654              		.section	.text.HAL_I2S_MspDeInit,"ax",%progbits
ARM GAS  /tmp/ccgJKzj7.s 			page 19


 655              		.align	1
 656              		.global	HAL_I2S_MspDeInit
 657              		.syntax unified
 658              		.thumb
 659              		.thumb_func
 661              	HAL_I2S_MspDeInit:
 662              	.LVL33:
 663              	.LFB140:
 278:Src/stm32f4xx_hal_msp.c **** 
 279:Src/stm32f4xx_hal_msp.c **** /**
 280:Src/stm32f4xx_hal_msp.c ****   * @brief I2S MSP De-Initialization
 281:Src/stm32f4xx_hal_msp.c ****   * This function freeze the hardware resources used in this example
 282:Src/stm32f4xx_hal_msp.c ****   * @param hi2s: I2S handle pointer
 283:Src/stm32f4xx_hal_msp.c ****   * @retval None
 284:Src/stm32f4xx_hal_msp.c ****   */
 285:Src/stm32f4xx_hal_msp.c **** void HAL_I2S_MspDeInit(I2S_HandleTypeDef* hi2s)
 286:Src/stm32f4xx_hal_msp.c **** {
 664              		.loc 1 286 1 view -0
 665              		.cfi_startproc
 666              		@ args = 0, pretend = 0, frame = 0
 667              		@ frame_needed = 0, uses_anonymous_args = 0
 668              		.loc 1 286 1 is_stmt 0 view .LVU166
 669 0000 08B5     		push	{r3, lr}
 670              	.LCFI17:
 671              		.cfi_def_cfa_offset 8
 672              		.cfi_offset 3, -8
 673              		.cfi_offset 14, -4
 287:Src/stm32f4xx_hal_msp.c ****   if(hi2s->Instance==SPI3)
 674              		.loc 1 287 3 is_stmt 1 view .LVU167
 675              		.loc 1 287 10 is_stmt 0 view .LVU168
 676 0002 0268     		ldr	r2, [r0]
 677              		.loc 1 287 5 view .LVU169
 678 0004 094B     		ldr	r3, .L41
 679 0006 9A42     		cmp	r2, r3
 680 0008 00D0     		beq	.L40
 681              	.LVL34:
 682              	.L37:
 288:Src/stm32f4xx_hal_msp.c ****   {
 289:Src/stm32f4xx_hal_msp.c ****     /* USER CODE BEGIN SPI3_MspDeInit 0 */
 290:Src/stm32f4xx_hal_msp.c **** 
 291:Src/stm32f4xx_hal_msp.c ****     /* USER CODE END SPI3_MspDeInit 0 */
 292:Src/stm32f4xx_hal_msp.c ****     /* Peripheral clock disable */
 293:Src/stm32f4xx_hal_msp.c ****     __HAL_RCC_SPI3_CLK_DISABLE();
 294:Src/stm32f4xx_hal_msp.c **** 
 295:Src/stm32f4xx_hal_msp.c ****     /**I2S3 GPIO Configuration
 296:Src/stm32f4xx_hal_msp.c ****     PA4     ------> I2S3_WS
 297:Src/stm32f4xx_hal_msp.c ****     PC7     ------> I2S3_MCK
 298:Src/stm32f4xx_hal_msp.c ****     PC10     ------> I2S3_CK
 299:Src/stm32f4xx_hal_msp.c ****     PC12     ------> I2S3_SD
 300:Src/stm32f4xx_hal_msp.c ****     */
 301:Src/stm32f4xx_hal_msp.c ****     HAL_GPIO_DeInit(I2S3_WS_GPIO_Port, I2S3_WS_Pin);
 302:Src/stm32f4xx_hal_msp.c **** 
 303:Src/stm32f4xx_hal_msp.c ****     HAL_GPIO_DeInit(GPIOC, I2S3_MCK_Pin|I2S3_SCK_Pin|I2S3_SD_Pin);
 304:Src/stm32f4xx_hal_msp.c **** 
 305:Src/stm32f4xx_hal_msp.c ****     /* USER CODE BEGIN SPI3_MspDeInit 1 */
 306:Src/stm32f4xx_hal_msp.c **** 
 307:Src/stm32f4xx_hal_msp.c ****     /* USER CODE END SPI3_MspDeInit 1 */
ARM GAS  /tmp/ccgJKzj7.s 			page 20


 308:Src/stm32f4xx_hal_msp.c ****   }
 309:Src/stm32f4xx_hal_msp.c **** 
 310:Src/stm32f4xx_hal_msp.c **** }
 683              		.loc 1 310 1 view .LVU170
 684 000a 08BD     		pop	{r3, pc}
 685              	.LVL35:
 686              	.L40:
 293:Src/stm32f4xx_hal_msp.c **** 
 687              		.loc 1 293 5 is_stmt 1 view .LVU171
 688 000c 084A     		ldr	r2, .L41+4
 689 000e 136C     		ldr	r3, [r2, #64]
 690 0010 23F40043 		bic	r3, r3, #32768
 691 0014 1364     		str	r3, [r2, #64]
 301:Src/stm32f4xx_hal_msp.c **** 
 692              		.loc 1 301 5 view .LVU172
 693 0016 1021     		movs	r1, #16
 694 0018 0648     		ldr	r0, .L41+8
 695              	.LVL36:
 301:Src/stm32f4xx_hal_msp.c **** 
 696              		.loc 1 301 5 is_stmt 0 view .LVU173
 697 001a FFF7FEFF 		bl	HAL_GPIO_DeInit
 698              	.LVL37:
 303:Src/stm32f4xx_hal_msp.c **** 
 699              		.loc 1 303 5 is_stmt 1 view .LVU174
 700 001e 4FF4A451 		mov	r1, #5248
 701 0022 0548     		ldr	r0, .L41+12
 702 0024 FFF7FEFF 		bl	HAL_GPIO_DeInit
 703              	.LVL38:
 704              		.loc 1 310 1 is_stmt 0 view .LVU175
 705 0028 EFE7     		b	.L37
 706              	.L42:
 707 002a 00BF     		.align	2
 708              	.L41:
 709 002c 003C0040 		.word	1073757184
 710 0030 00380240 		.word	1073887232
 711 0034 00000240 		.word	1073872896
 712 0038 00080240 		.word	1073874944
 713              		.cfi_endproc
 714              	.LFE140:
 716              		.section	.text.HAL_SPI_MspInit,"ax",%progbits
 717              		.align	1
 718              		.global	HAL_SPI_MspInit
 719              		.syntax unified
 720              		.thumb
 721              		.thumb_func
 723              	HAL_SPI_MspInit:
 724              	.LVL39:
 725              	.LFB141:
 311:Src/stm32f4xx_hal_msp.c **** 
 312:Src/stm32f4xx_hal_msp.c **** /**
 313:Src/stm32f4xx_hal_msp.c ****   * @brief SPI MSP Initialization
 314:Src/stm32f4xx_hal_msp.c ****   * This function configures the hardware resources used in this example
 315:Src/stm32f4xx_hal_msp.c ****   * @param hspi: SPI handle pointer
 316:Src/stm32f4xx_hal_msp.c ****   * @retval None
 317:Src/stm32f4xx_hal_msp.c ****   */
 318:Src/stm32f4xx_hal_msp.c **** void HAL_SPI_MspInit(SPI_HandleTypeDef* hspi)
 319:Src/stm32f4xx_hal_msp.c **** {
ARM GAS  /tmp/ccgJKzj7.s 			page 21


 726              		.loc 1 319 1 is_stmt 1 view -0
 727              		.cfi_startproc
 728              		@ args = 0, pretend = 0, frame = 32
 729              		@ frame_needed = 0, uses_anonymous_args = 0
 730              		.loc 1 319 1 is_stmt 0 view .LVU177
 731 0000 00B5     		push	{lr}
 732              	.LCFI18:
 733              		.cfi_def_cfa_offset 4
 734              		.cfi_offset 14, -4
 735 0002 89B0     		sub	sp, sp, #36
 736              	.LCFI19:
 737              		.cfi_def_cfa_offset 40
 320:Src/stm32f4xx_hal_msp.c ****   GPIO_InitTypeDef GPIO_InitStruct = {0};
 738              		.loc 1 320 3 is_stmt 1 view .LVU178
 739              		.loc 1 320 20 is_stmt 0 view .LVU179
 740 0004 0023     		movs	r3, #0
 741 0006 0393     		str	r3, [sp, #12]
 742 0008 0493     		str	r3, [sp, #16]
 743 000a 0593     		str	r3, [sp, #20]
 744 000c 0693     		str	r3, [sp, #24]
 745 000e 0793     		str	r3, [sp, #28]
 321:Src/stm32f4xx_hal_msp.c ****   if(hspi->Instance==SPI1)
 746              		.loc 1 321 3 is_stmt 1 view .LVU180
 747              		.loc 1 321 10 is_stmt 0 view .LVU181
 748 0010 0268     		ldr	r2, [r0]
 749              		.loc 1 321 5 view .LVU182
 750 0012 134B     		ldr	r3, .L47
 751 0014 9A42     		cmp	r2, r3
 752 0016 01D0     		beq	.L46
 753              	.LVL40:
 754              	.L43:
 322:Src/stm32f4xx_hal_msp.c ****   {
 323:Src/stm32f4xx_hal_msp.c ****     /* USER CODE BEGIN SPI1_MspInit 0 */
 324:Src/stm32f4xx_hal_msp.c **** 
 325:Src/stm32f4xx_hal_msp.c ****     /* USER CODE END SPI1_MspInit 0 */
 326:Src/stm32f4xx_hal_msp.c ****     /* Peripheral clock enable */
 327:Src/stm32f4xx_hal_msp.c ****     __HAL_RCC_SPI1_CLK_ENABLE();
 328:Src/stm32f4xx_hal_msp.c **** 
 329:Src/stm32f4xx_hal_msp.c ****     __HAL_RCC_GPIOA_CLK_ENABLE();
 330:Src/stm32f4xx_hal_msp.c ****     /**SPI1 GPIO Configuration
 331:Src/stm32f4xx_hal_msp.c ****     PA5     ------> SPI1_SCK
 332:Src/stm32f4xx_hal_msp.c ****     PA6     ------> SPI1_MISO
 333:Src/stm32f4xx_hal_msp.c ****     PA7     ------> SPI1_MOSI
 334:Src/stm32f4xx_hal_msp.c ****     */
 335:Src/stm32f4xx_hal_msp.c ****     GPIO_InitStruct.Pin = SPI1_SCK_Pin|SPI1_MISO_Pin|SPI1_MOSI_Pin;
 336:Src/stm32f4xx_hal_msp.c ****     GPIO_InitStruct.Mode = GPIO_MODE_AF_PP;
 337:Src/stm32f4xx_hal_msp.c ****     GPIO_InitStruct.Pull = GPIO_NOPULL;
 338:Src/stm32f4xx_hal_msp.c ****     GPIO_InitStruct.Speed = GPIO_SPEED_FREQ_LOW;
 339:Src/stm32f4xx_hal_msp.c ****     GPIO_InitStruct.Alternate = GPIO_AF5_SPI1;
 340:Src/stm32f4xx_hal_msp.c ****     HAL_GPIO_Init(GPIOA, &GPIO_InitStruct);
 341:Src/stm32f4xx_hal_msp.c **** 
 342:Src/stm32f4xx_hal_msp.c ****     /* USER CODE BEGIN SPI1_MspInit 1 */
 343:Src/stm32f4xx_hal_msp.c **** 
 344:Src/stm32f4xx_hal_msp.c ****     /* USER CODE END SPI1_MspInit 1 */
 345:Src/stm32f4xx_hal_msp.c **** 
 346:Src/stm32f4xx_hal_msp.c ****   }
 347:Src/stm32f4xx_hal_msp.c **** 
ARM GAS  /tmp/ccgJKzj7.s 			page 22


 348:Src/stm32f4xx_hal_msp.c **** }
 755              		.loc 1 348 1 view .LVU183
 756 0018 09B0     		add	sp, sp, #36
 757              	.LCFI20:
 758              		.cfi_remember_state
 759              		.cfi_def_cfa_offset 4
 760              		@ sp needed
 761 001a 00BD     		pop	{pc}
 762              	.LVL41:
 763              	.L46:
 764              	.LCFI21:
 765              		.cfi_restore_state
 327:Src/stm32f4xx_hal_msp.c **** 
 766              		.loc 1 327 5 is_stmt 1 view .LVU184
 767              	.LBB11:
 327:Src/stm32f4xx_hal_msp.c **** 
 768              		.loc 1 327 5 view .LVU185
 769 001c 0021     		movs	r1, #0
 770 001e 0191     		str	r1, [sp, #4]
 327:Src/stm32f4xx_hal_msp.c **** 
 771              		.loc 1 327 5 view .LVU186
 772 0020 03F58433 		add	r3, r3, #67584
 773 0024 5A6C     		ldr	r2, [r3, #68]
 774 0026 42F48052 		orr	r2, r2, #4096
 775 002a 5A64     		str	r2, [r3, #68]
 327:Src/stm32f4xx_hal_msp.c **** 
 776              		.loc 1 327 5 view .LVU187
 777 002c 5A6C     		ldr	r2, [r3, #68]
 778 002e 02F48052 		and	r2, r2, #4096
 779 0032 0192     		str	r2, [sp, #4]
 327:Src/stm32f4xx_hal_msp.c **** 
 780              		.loc 1 327 5 view .LVU188
 781 0034 019A     		ldr	r2, [sp, #4]
 782              	.LBE11:
 327:Src/stm32f4xx_hal_msp.c **** 
 783              		.loc 1 327 5 view .LVU189
 329:Src/stm32f4xx_hal_msp.c ****     /**SPI1 GPIO Configuration
 784              		.loc 1 329 5 view .LVU190
 785              	.LBB12:
 329:Src/stm32f4xx_hal_msp.c ****     /**SPI1 GPIO Configuration
 786              		.loc 1 329 5 view .LVU191
 787 0036 0291     		str	r1, [sp, #8]
 329:Src/stm32f4xx_hal_msp.c ****     /**SPI1 GPIO Configuration
 788              		.loc 1 329 5 view .LVU192
 789 0038 1A6B     		ldr	r2, [r3, #48]
 790 003a 42F00102 		orr	r2, r2, #1
 791 003e 1A63     		str	r2, [r3, #48]
 329:Src/stm32f4xx_hal_msp.c ****     /**SPI1 GPIO Configuration
 792              		.loc 1 329 5 view .LVU193
 793 0040 1B6B     		ldr	r3, [r3, #48]
 794 0042 03F00103 		and	r3, r3, #1
 795 0046 0293     		str	r3, [sp, #8]
 329:Src/stm32f4xx_hal_msp.c ****     /**SPI1 GPIO Configuration
 796              		.loc 1 329 5 view .LVU194
 797 0048 029B     		ldr	r3, [sp, #8]
 798              	.LBE12:
 329:Src/stm32f4xx_hal_msp.c ****     /**SPI1 GPIO Configuration
ARM GAS  /tmp/ccgJKzj7.s 			page 23


 799              		.loc 1 329 5 view .LVU195
 335:Src/stm32f4xx_hal_msp.c ****     GPIO_InitStruct.Mode = GPIO_MODE_AF_PP;
 800              		.loc 1 335 5 view .LVU196
 335:Src/stm32f4xx_hal_msp.c ****     GPIO_InitStruct.Mode = GPIO_MODE_AF_PP;
 801              		.loc 1 335 25 is_stmt 0 view .LVU197
 802 004a E023     		movs	r3, #224
 803 004c 0393     		str	r3, [sp, #12]
 336:Src/stm32f4xx_hal_msp.c ****     GPIO_InitStruct.Pull = GPIO_NOPULL;
 804              		.loc 1 336 5 is_stmt 1 view .LVU198
 336:Src/stm32f4xx_hal_msp.c ****     GPIO_InitStruct.Pull = GPIO_NOPULL;
 805              		.loc 1 336 26 is_stmt 0 view .LVU199
 806 004e 0223     		movs	r3, #2
 807 0050 0493     		str	r3, [sp, #16]
 337:Src/stm32f4xx_hal_msp.c ****     GPIO_InitStruct.Speed = GPIO_SPEED_FREQ_LOW;
 808              		.loc 1 337 5 is_stmt 1 view .LVU200
 338:Src/stm32f4xx_hal_msp.c ****     GPIO_InitStruct.Alternate = GPIO_AF5_SPI1;
 809              		.loc 1 338 5 view .LVU201
 339:Src/stm32f4xx_hal_msp.c ****     HAL_GPIO_Init(GPIOA, &GPIO_InitStruct);
 810              		.loc 1 339 5 view .LVU202
 339:Src/stm32f4xx_hal_msp.c ****     HAL_GPIO_Init(GPIOA, &GPIO_InitStruct);
 811              		.loc 1 339 31 is_stmt 0 view .LVU203
 812 0052 0523     		movs	r3, #5
 813 0054 0793     		str	r3, [sp, #28]
 340:Src/stm32f4xx_hal_msp.c **** 
 814              		.loc 1 340 5 is_stmt 1 view .LVU204
 815 0056 03A9     		add	r1, sp, #12
 816 0058 0248     		ldr	r0, .L47+4
 817              	.LVL42:
 340:Src/stm32f4xx_hal_msp.c **** 
 818              		.loc 1 340 5 is_stmt 0 view .LVU205
 819 005a FFF7FEFF 		bl	HAL_GPIO_Init
 820              	.LVL43:
 821              		.loc 1 348 1 view .LVU206
 822 005e DBE7     		b	.L43
 823              	.L48:
 824              		.align	2
 825              	.L47:
 826 0060 00300140 		.word	1073819648
 827 0064 00000240 		.word	1073872896
 828              		.cfi_endproc
 829              	.LFE141:
 831              		.section	.text.HAL_SPI_MspDeInit,"ax",%progbits
 832              		.align	1
 833              		.global	HAL_SPI_MspDeInit
 834              		.syntax unified
 835              		.thumb
 836              		.thumb_func
 838              	HAL_SPI_MspDeInit:
 839              	.LVL44:
 840              	.LFB142:
 349:Src/stm32f4xx_hal_msp.c **** 
 350:Src/stm32f4xx_hal_msp.c **** /**
 351:Src/stm32f4xx_hal_msp.c ****   * @brief SPI MSP De-Initialization
 352:Src/stm32f4xx_hal_msp.c ****   * This function freeze the hardware resources used in this example
 353:Src/stm32f4xx_hal_msp.c ****   * @param hspi: SPI handle pointer
 354:Src/stm32f4xx_hal_msp.c ****   * @retval None
 355:Src/stm32f4xx_hal_msp.c ****   */
ARM GAS  /tmp/ccgJKzj7.s 			page 24


 356:Src/stm32f4xx_hal_msp.c **** void HAL_SPI_MspDeInit(SPI_HandleTypeDef* hspi)
 357:Src/stm32f4xx_hal_msp.c **** {
 841              		.loc 1 357 1 is_stmt 1 view -0
 842              		.cfi_startproc
 843              		@ args = 0, pretend = 0, frame = 0
 844              		@ frame_needed = 0, uses_anonymous_args = 0
 845              		.loc 1 357 1 is_stmt 0 view .LVU208
 846 0000 08B5     		push	{r3, lr}
 847              	.LCFI22:
 848              		.cfi_def_cfa_offset 8
 849              		.cfi_offset 3, -8
 850              		.cfi_offset 14, -4
 358:Src/stm32f4xx_hal_msp.c ****   if(hspi->Instance==SPI1)
 851              		.loc 1 358 3 is_stmt 1 view .LVU209
 852              		.loc 1 358 10 is_stmt 0 view .LVU210
 853 0002 0268     		ldr	r2, [r0]
 854              		.loc 1 358 5 view .LVU211
 855 0004 064B     		ldr	r3, .L53
 856 0006 9A42     		cmp	r2, r3
 857 0008 00D0     		beq	.L52
 858              	.LVL45:
 859              	.L49:
 359:Src/stm32f4xx_hal_msp.c ****   {
 360:Src/stm32f4xx_hal_msp.c ****     /* USER CODE BEGIN SPI1_MspDeInit 0 */
 361:Src/stm32f4xx_hal_msp.c **** 
 362:Src/stm32f4xx_hal_msp.c ****     /* USER CODE END SPI1_MspDeInit 0 */
 363:Src/stm32f4xx_hal_msp.c ****     /* Peripheral clock disable */
 364:Src/stm32f4xx_hal_msp.c ****     __HAL_RCC_SPI1_CLK_DISABLE();
 365:Src/stm32f4xx_hal_msp.c **** 
 366:Src/stm32f4xx_hal_msp.c ****     /**SPI1 GPIO Configuration
 367:Src/stm32f4xx_hal_msp.c ****     PA5     ------> SPI1_SCK
 368:Src/stm32f4xx_hal_msp.c ****     PA6     ------> SPI1_MISO
 369:Src/stm32f4xx_hal_msp.c ****     PA7     ------> SPI1_MOSI
 370:Src/stm32f4xx_hal_msp.c ****     */
 371:Src/stm32f4xx_hal_msp.c ****     HAL_GPIO_DeInit(GPIOA, SPI1_SCK_Pin|SPI1_MISO_Pin|SPI1_MOSI_Pin);
 372:Src/stm32f4xx_hal_msp.c **** 
 373:Src/stm32f4xx_hal_msp.c ****     /* USER CODE BEGIN SPI1_MspDeInit 1 */
 374:Src/stm32f4xx_hal_msp.c **** 
 375:Src/stm32f4xx_hal_msp.c ****     /* USER CODE END SPI1_MspDeInit 1 */
 376:Src/stm32f4xx_hal_msp.c ****   }
 377:Src/stm32f4xx_hal_msp.c **** 
 378:Src/stm32f4xx_hal_msp.c **** }
 860              		.loc 1 378 1 view .LVU212
 861 000a 08BD     		pop	{r3, pc}
 862              	.LVL46:
 863              	.L52:
 364:Src/stm32f4xx_hal_msp.c **** 
 864              		.loc 1 364 5 is_stmt 1 view .LVU213
 865 000c 054A     		ldr	r2, .L53+4
 866 000e 536C     		ldr	r3, [r2, #68]
 867 0010 23F48053 		bic	r3, r3, #4096
 868 0014 5364     		str	r3, [r2, #68]
 371:Src/stm32f4xx_hal_msp.c **** 
 869              		.loc 1 371 5 view .LVU214
 870 0016 E021     		movs	r1, #224
 871 0018 0348     		ldr	r0, .L53+8
 872              	.LVL47:
ARM GAS  /tmp/ccgJKzj7.s 			page 25


 371:Src/stm32f4xx_hal_msp.c **** 
 873              		.loc 1 371 5 is_stmt 0 view .LVU215
 874 001a FFF7FEFF 		bl	HAL_GPIO_DeInit
 875              	.LVL48:
 876              		.loc 1 378 1 view .LVU216
 877 001e F4E7     		b	.L49
 878              	.L54:
 879              		.align	2
 880              	.L53:
 881 0020 00300140 		.word	1073819648
 882 0024 00380240 		.word	1073887232
 883 0028 00000240 		.word	1073872896
 884              		.cfi_endproc
 885              	.LFE142:
 887              		.text
 888              	.Letext0:
 889              		.file 2 "Drivers/CMSIS/Device/ST/STM32F4xx/Include/stm32f407xx.h"
 890              		.file 3 "/usr/arm-none-eabi/include/machine/_default_types.h"
 891              		.file 4 "/usr/arm-none-eabi/include/sys/_stdint.h"
 892              		.file 5 "Drivers/CMSIS/Device/ST/STM32F4xx/Include/stm32f4xx.h"
 893              		.file 6 "Drivers/STM32F4xx_HAL_Driver/Inc/stm32f4xx_hal_def.h"
 894              		.file 7 "Drivers/STM32F4xx_HAL_Driver/Inc/stm32f4xx_hal_rcc_ex.h"
 895              		.file 8 "Drivers/STM32F4xx_HAL_Driver/Inc/stm32f4xx_hal_gpio.h"
 896              		.file 9 "Drivers/STM32F4xx_HAL_Driver/Inc/stm32f4xx_hal_dma.h"
 897              		.file 10 "Drivers/STM32F4xx_HAL_Driver/Inc/stm32f4xx_hal_can.h"
 898              		.file 11 "Drivers/STM32F4xx_HAL_Driver/Inc/stm32f4xx_hal_i2c.h"
 899              		.file 12 "Drivers/STM32F4xx_HAL_Driver/Inc/stm32f4xx_hal_i2s.h"
 900              		.file 13 "Drivers/STM32F4xx_HAL_Driver/Inc/stm32f4xx_hal_spi.h"
 901              		.file 14 "Drivers/STM32F4xx_HAL_Driver/Inc/stm32f4xx_hal_cortex.h"
 902              		.file 15 "Inc/main.h"
ARM GAS  /tmp/ccgJKzj7.s 			page 26


DEFINED SYMBOLS
                            *ABS*:00000000 stm32f4xx_hal_msp.c
     /tmp/ccgJKzj7.s:21     .text.HAL_MspInit:00000000 $t
     /tmp/ccgJKzj7.s:27     .text.HAL_MspInit:00000000 HAL_MspInit
     /tmp/ccgJKzj7.s:87     .text.HAL_MspInit:0000003c $d
     /tmp/ccgJKzj7.s:92     .text.HAL_CAN_MspInit:00000000 $t
     /tmp/ccgJKzj7.s:98     .text.HAL_CAN_MspInit:00000000 HAL_CAN_MspInit
     /tmp/ccgJKzj7.s:213    .text.HAL_CAN_MspInit:00000074 $d
     /tmp/ccgJKzj7.s:219    .text.HAL_CAN_MspDeInit:00000000 $t
     /tmp/ccgJKzj7.s:225    .text.HAL_CAN_MspDeInit:00000000 HAL_CAN_MspDeInit
     /tmp/ccgJKzj7.s:272    .text.HAL_CAN_MspDeInit:00000028 $d
     /tmp/ccgJKzj7.s:279    .text.HAL_I2C_MspInit:00000000 $t
     /tmp/ccgJKzj7.s:285    .text.HAL_I2C_MspInit:00000000 HAL_I2C_MspInit
     /tmp/ccgJKzj7.s:393    .text.HAL_I2C_MspInit:00000064 $d
     /tmp/ccgJKzj7.s:400    .text.HAL_I2C_MspDeInit:00000000 $t
     /tmp/ccgJKzj7.s:406    .text.HAL_I2C_MspDeInit:00000000 HAL_I2C_MspDeInit
     /tmp/ccgJKzj7.s:454    .text.HAL_I2C_MspDeInit:0000002c $d
     /tmp/ccgJKzj7.s:461    .text.HAL_I2S_MspInit:00000000 $t
     /tmp/ccgJKzj7.s:467    .text.HAL_I2S_MspInit:00000000 HAL_I2S_MspInit
     /tmp/ccgJKzj7.s:647    .text.HAL_I2S_MspInit:000000b4 $d
     /tmp/ccgJKzj7.s:655    .text.HAL_I2S_MspDeInit:00000000 $t
     /tmp/ccgJKzj7.s:661    .text.HAL_I2S_MspDeInit:00000000 HAL_I2S_MspDeInit
     /tmp/ccgJKzj7.s:709    .text.HAL_I2S_MspDeInit:0000002c $d
     /tmp/ccgJKzj7.s:717    .text.HAL_SPI_MspInit:00000000 $t
     /tmp/ccgJKzj7.s:723    .text.HAL_SPI_MspInit:00000000 HAL_SPI_MspInit
     /tmp/ccgJKzj7.s:826    .text.HAL_SPI_MspInit:00000060 $d
     /tmp/ccgJKzj7.s:832    .text.HAL_SPI_MspDeInit:00000000 $t
     /tmp/ccgJKzj7.s:838    .text.HAL_SPI_MspDeInit:00000000 HAL_SPI_MspDeInit
     /tmp/ccgJKzj7.s:881    .text.HAL_SPI_MspDeInit:00000020 $d

UNDEFINED SYMBOLS
HAL_NVIC_SetPriorityGrouping
HAL_GPIO_Init
HAL_NVIC_SetPriority
HAL_NVIC_EnableIRQ
HAL_GPIO_DeInit
HAL_NVIC_DisableIRQ
HAL_RCCEx_PeriphCLKConfig
Error_Handler
