ARM GAS  /tmp/ccnObxM9.s 			page 1


   1              		.cpu cortex-m4
   2              		.arch armv7e-m
   3              		.fpu fpv4-sp-d16
   4              		.eabi_attribute 27, 1
   5              		.eabi_attribute 28, 1
   6              		.eabi_attribute 20, 1
   7              		.eabi_attribute 21, 1
   8              		.eabi_attribute 23, 3
   9              		.eabi_attribute 24, 1
  10              		.eabi_attribute 25, 1
  11              		.eabi_attribute 26, 1
  12              		.eabi_attribute 30, 1
  13              		.eabi_attribute 34, 1
  14              		.eabi_attribute 18, 4
  15              		.file	"usbh_conf.c"
  16              		.text
  17              	.Ltext0:
  18              		.cfi_sections	.debug_frame
  19              		.file 1 "Src/usbh_conf.c"
  20              		.section	.text.HAL_HCD_MspInit,"ax",%progbits
  21              		.align	1
  22              		.global	HAL_HCD_MspInit
  23              		.syntax unified
  24              		.thumb
  25              		.thumb_func
  27              	HAL_HCD_MspInit:
  28              	.LVL0:
  29              	.LFB137:
   1:Src/usbh_conf.c **** /* USER CODE BEGIN Header */
   2:Src/usbh_conf.c **** /**
   3:Src/usbh_conf.c ****   ******************************************************************************
   4:Src/usbh_conf.c ****   * @file           : usbh_conf.c
   5:Src/usbh_conf.c ****   * @version        : v1.0_Cube
   6:Src/usbh_conf.c ****   * @brief          : This file implements the board support package for the USB host library
   7:Src/usbh_conf.c ****   ******************************************************************************
   8:Src/usbh_conf.c ****   * @attention
   9:Src/usbh_conf.c ****   *
  10:Src/usbh_conf.c ****   * Copyright (c) 2026 STMicroelectronics.
  11:Src/usbh_conf.c ****   * All rights reserved.
  12:Src/usbh_conf.c ****   *
  13:Src/usbh_conf.c ****   * This software is licensed under terms that can be found in the LICENSE file
  14:Src/usbh_conf.c ****   * in the root directory of this software component.
  15:Src/usbh_conf.c ****   * If no LICENSE file comes with this software, it is provided AS-IS.
  16:Src/usbh_conf.c ****   *
  17:Src/usbh_conf.c ****   ******************************************************************************
  18:Src/usbh_conf.c ****   */
  19:Src/usbh_conf.c **** /* USER CODE END Header */
  20:Src/usbh_conf.c **** 
  21:Src/usbh_conf.c **** /* Includes ------------------------------------------------------------------*/
  22:Src/usbh_conf.c **** #include "usbh_core.h"
  23:Src/usbh_conf.c **** #include "usbh_platform.h"
  24:Src/usbh_conf.c **** 
  25:Src/usbh_conf.c **** /* USER CODE BEGIN Includes */
  26:Src/usbh_conf.c **** 
  27:Src/usbh_conf.c **** /* USER CODE END Includes */
  28:Src/usbh_conf.c **** 
  29:Src/usbh_conf.c **** /* Private typedef -----------------------------------------------------------*/
ARM GAS  /tmp/ccnObxM9.s 			page 2


  30:Src/usbh_conf.c **** /* Private define ------------------------------------------------------------*/
  31:Src/usbh_conf.c **** /* Private macro -------------------------------------------------------------*/
  32:Src/usbh_conf.c **** 
  33:Src/usbh_conf.c **** /* USER CODE BEGIN PV */
  34:Src/usbh_conf.c **** /* Private variables ---------------------------------------------------------*/
  35:Src/usbh_conf.c **** 
  36:Src/usbh_conf.c **** /* USER CODE END PV */
  37:Src/usbh_conf.c **** 
  38:Src/usbh_conf.c **** HCD_HandleTypeDef hhcd_USB_OTG_FS;
  39:Src/usbh_conf.c **** void Error_Handler(void);
  40:Src/usbh_conf.c **** 
  41:Src/usbh_conf.c **** /* USER CODE BEGIN 0 */
  42:Src/usbh_conf.c **** 
  43:Src/usbh_conf.c **** /* USER CODE END 0 */
  44:Src/usbh_conf.c **** 
  45:Src/usbh_conf.c **** /* USER CODE BEGIN PFP */
  46:Src/usbh_conf.c **** /* Private function prototypes -----------------------------------------------*/
  47:Src/usbh_conf.c **** USBH_StatusTypeDef USBH_Get_USB_Status(HAL_StatusTypeDef hal_status);
  48:Src/usbh_conf.c **** 
  49:Src/usbh_conf.c **** /* USER CODE END PFP */
  50:Src/usbh_conf.c **** 
  51:Src/usbh_conf.c **** /* Private functions ---------------------------------------------------------*/
  52:Src/usbh_conf.c **** 
  53:Src/usbh_conf.c **** /* USER CODE BEGIN 1 */
  54:Src/usbh_conf.c **** 
  55:Src/usbh_conf.c **** /* USER CODE END 1 */
  56:Src/usbh_conf.c **** 
  57:Src/usbh_conf.c **** /*******************************************************************************
  58:Src/usbh_conf.c ****                        LL Driver Callbacks (HCD -> USB Host Library)
  59:Src/usbh_conf.c **** *******************************************************************************/
  60:Src/usbh_conf.c **** /* MSP Init */
  61:Src/usbh_conf.c **** 
  62:Src/usbh_conf.c **** void HAL_HCD_MspInit(HCD_HandleTypeDef* hcdHandle)
  63:Src/usbh_conf.c **** {
  30              		.loc 1 63 1 view -0
  31              		.cfi_startproc
  32              		@ args = 0, pretend = 0, frame = 32
  33              		@ frame_needed = 0, uses_anonymous_args = 0
  34              		.loc 1 63 1 is_stmt 0 view .LVU1
  35 0000 30B5     		push	{r4, r5, lr}
  36              	.LCFI0:
  37              		.cfi_def_cfa_offset 12
  38              		.cfi_offset 4, -12
  39              		.cfi_offset 5, -8
  40              		.cfi_offset 14, -4
  41 0002 89B0     		sub	sp, sp, #36
  42              	.LCFI1:
  43              		.cfi_def_cfa_offset 48
  64:Src/usbh_conf.c ****   GPIO_InitTypeDef GPIO_InitStruct = {0};
  44              		.loc 1 64 3 is_stmt 1 view .LVU2
  45              		.loc 1 64 20 is_stmt 0 view .LVU3
  46 0004 0023     		movs	r3, #0
  47 0006 0393     		str	r3, [sp, #12]
  48 0008 0493     		str	r3, [sp, #16]
  49 000a 0593     		str	r3, [sp, #20]
  50 000c 0693     		str	r3, [sp, #24]
  51 000e 0793     		str	r3, [sp, #28]
ARM GAS  /tmp/ccnObxM9.s 			page 3


  65:Src/usbh_conf.c ****   if(hcdHandle->Instance==USB_OTG_FS)
  52              		.loc 1 65 3 is_stmt 1 view .LVU4
  53              		.loc 1 65 15 is_stmt 0 view .LVU5
  54 0010 0368     		ldr	r3, [r0]
  55              		.loc 1 65 5 view .LVU6
  56 0012 B3F1A04F 		cmp	r3, #1342177280
  57 0016 01D0     		beq	.L4
  58              	.LVL1:
  59              	.L1:
  66:Src/usbh_conf.c ****   {
  67:Src/usbh_conf.c ****   /* USER CODE BEGIN USB_OTG_FS_MspInit 0 */
  68:Src/usbh_conf.c **** 
  69:Src/usbh_conf.c ****   /* USER CODE END USB_OTG_FS_MspInit 0 */
  70:Src/usbh_conf.c **** 
  71:Src/usbh_conf.c ****     __HAL_RCC_GPIOA_CLK_ENABLE();
  72:Src/usbh_conf.c ****     /**USB_OTG_FS GPIO Configuration
  73:Src/usbh_conf.c ****     PA9     ------> USB_OTG_FS_VBUS
  74:Src/usbh_conf.c ****     PA10     ------> USB_OTG_FS_ID
  75:Src/usbh_conf.c ****     PA11     ------> USB_OTG_FS_DM
  76:Src/usbh_conf.c ****     PA12     ------> USB_OTG_FS_DP
  77:Src/usbh_conf.c ****     */
  78:Src/usbh_conf.c ****     GPIO_InitStruct.Pin = VBUS_FS_Pin;
  79:Src/usbh_conf.c ****     GPIO_InitStruct.Mode = GPIO_MODE_INPUT;
  80:Src/usbh_conf.c ****     GPIO_InitStruct.Pull = GPIO_NOPULL;
  81:Src/usbh_conf.c ****     HAL_GPIO_Init(VBUS_FS_GPIO_Port, &GPIO_InitStruct);
  82:Src/usbh_conf.c **** 
  83:Src/usbh_conf.c ****     GPIO_InitStruct.Pin = OTG_FS_ID_Pin|OTG_FS_DM_Pin|OTG_FS_DP_Pin;
  84:Src/usbh_conf.c ****     GPIO_InitStruct.Mode = GPIO_MODE_AF_PP;
  85:Src/usbh_conf.c ****     GPIO_InitStruct.Pull = GPIO_NOPULL;
  86:Src/usbh_conf.c ****     GPIO_InitStruct.Speed = GPIO_SPEED_FREQ_LOW;
  87:Src/usbh_conf.c ****     GPIO_InitStruct.Alternate = GPIO_AF10_OTG_FS;
  88:Src/usbh_conf.c ****     HAL_GPIO_Init(GPIOA, &GPIO_InitStruct);
  89:Src/usbh_conf.c **** 
  90:Src/usbh_conf.c ****     /* Peripheral clock enable */
  91:Src/usbh_conf.c ****     __HAL_RCC_USB_OTG_FS_CLK_ENABLE();
  92:Src/usbh_conf.c **** 
  93:Src/usbh_conf.c ****     /* Peripheral interrupt init */
  94:Src/usbh_conf.c ****     HAL_NVIC_SetPriority(OTG_FS_IRQn, 0, 0);
  95:Src/usbh_conf.c ****     HAL_NVIC_EnableIRQ(OTG_FS_IRQn);
  96:Src/usbh_conf.c ****   /* USER CODE BEGIN USB_OTG_FS_MspInit 1 */
  97:Src/usbh_conf.c **** 
  98:Src/usbh_conf.c ****   /* USER CODE END USB_OTG_FS_MspInit 1 */
  99:Src/usbh_conf.c ****   }
 100:Src/usbh_conf.c **** }
  60              		.loc 1 100 1 view .LVU7
  61 0018 09B0     		add	sp, sp, #36
  62              	.LCFI2:
  63              		.cfi_remember_state
  64              		.cfi_def_cfa_offset 12
  65              		@ sp needed
  66 001a 30BD     		pop	{r4, r5, pc}
  67              	.LVL2:
  68              	.L4:
  69              	.LCFI3:
  70              		.cfi_restore_state
  71              		.loc 1 100 1 view .LVU8
  72 001c 03AA     		add	r2, sp, #12
ARM GAS  /tmp/ccnObxM9.s 			page 4


  71:Src/usbh_conf.c ****     /**USB_OTG_FS GPIO Configuration
  73              		.loc 1 71 5 is_stmt 1 view .LVU9
  74              	.LBB2:
  71:Src/usbh_conf.c ****     /**USB_OTG_FS GPIO Configuration
  75              		.loc 1 71 5 view .LVU10
  76 001e 0025     		movs	r5, #0
  77 0020 0195     		str	r5, [sp, #4]
  71:Src/usbh_conf.c ****     /**USB_OTG_FS GPIO Configuration
  78              		.loc 1 71 5 view .LVU11
  79 0022 1A4C     		ldr	r4, .L5
  80 0024 236B     		ldr	r3, [r4, #48]
  81 0026 43F00103 		orr	r3, r3, #1
  82 002a 2363     		str	r3, [r4, #48]
  71:Src/usbh_conf.c ****     /**USB_OTG_FS GPIO Configuration
  83              		.loc 1 71 5 view .LVU12
  84 002c 236B     		ldr	r3, [r4, #48]
  85 002e 03F00103 		and	r3, r3, #1
  86 0032 0193     		str	r3, [sp, #4]
  71:Src/usbh_conf.c ****     /**USB_OTG_FS GPIO Configuration
  87              		.loc 1 71 5 view .LVU13
  88 0034 019B     		ldr	r3, [sp, #4]
  89              	.LBE2:
  71:Src/usbh_conf.c ****     /**USB_OTG_FS GPIO Configuration
  90              		.loc 1 71 5 view .LVU14
  78:Src/usbh_conf.c ****     GPIO_InitStruct.Mode = GPIO_MODE_INPUT;
  91              		.loc 1 78 5 view .LVU15
  78:Src/usbh_conf.c ****     GPIO_InitStruct.Mode = GPIO_MODE_INPUT;
  92              		.loc 1 78 25 is_stmt 0 view .LVU16
  93 0036 4FF40073 		mov	r3, #512
  94 003a 0393     		str	r3, [sp, #12]
  79:Src/usbh_conf.c ****     GPIO_InitStruct.Pull = GPIO_NOPULL;
  95              		.loc 1 79 5 is_stmt 1 view .LVU17
  80:Src/usbh_conf.c ****     HAL_GPIO_Init(VBUS_FS_GPIO_Port, &GPIO_InitStruct);
  96              		.loc 1 80 5 view .LVU18
  81:Src/usbh_conf.c **** 
  97              		.loc 1 81 5 view .LVU19
  98 003c 1146     		mov	r1, r2
  99 003e 1448     		ldr	r0, .L5+4
 100              	.LVL3:
  81:Src/usbh_conf.c **** 
 101              		.loc 1 81 5 is_stmt 0 view .LVU20
 102 0040 FFF7FEFF 		bl	HAL_GPIO_Init
 103              	.LVL4:
  83:Src/usbh_conf.c ****     GPIO_InitStruct.Mode = GPIO_MODE_AF_PP;
 104              		.loc 1 83 5 is_stmt 1 view .LVU21
  83:Src/usbh_conf.c ****     GPIO_InitStruct.Mode = GPIO_MODE_AF_PP;
 105              		.loc 1 83 25 is_stmt 0 view .LVU22
 106 0044 4FF4E053 		mov	r3, #7168
 107 0048 0393     		str	r3, [sp, #12]
  84:Src/usbh_conf.c ****     GPIO_InitStruct.Pull = GPIO_NOPULL;
 108              		.loc 1 84 5 is_stmt 1 view .LVU23
  84:Src/usbh_conf.c ****     GPIO_InitStruct.Pull = GPIO_NOPULL;
 109              		.loc 1 84 26 is_stmt 0 view .LVU24
 110 004a 0223     		movs	r3, #2
 111 004c 0493     		str	r3, [sp, #16]
  85:Src/usbh_conf.c ****     GPIO_InitStruct.Speed = GPIO_SPEED_FREQ_LOW;
 112              		.loc 1 85 5 is_stmt 1 view .LVU25
ARM GAS  /tmp/ccnObxM9.s 			page 5


  85:Src/usbh_conf.c ****     GPIO_InitStruct.Speed = GPIO_SPEED_FREQ_LOW;
 113              		.loc 1 85 26 is_stmt 0 view .LVU26
 114 004e 0595     		str	r5, [sp, #20]
  86:Src/usbh_conf.c ****     GPIO_InitStruct.Alternate = GPIO_AF10_OTG_FS;
 115              		.loc 1 86 5 is_stmt 1 view .LVU27
  86:Src/usbh_conf.c ****     GPIO_InitStruct.Alternate = GPIO_AF10_OTG_FS;
 116              		.loc 1 86 27 is_stmt 0 view .LVU28
 117 0050 0695     		str	r5, [sp, #24]
  87:Src/usbh_conf.c ****     HAL_GPIO_Init(GPIOA, &GPIO_InitStruct);
 118              		.loc 1 87 5 is_stmt 1 view .LVU29
  87:Src/usbh_conf.c ****     HAL_GPIO_Init(GPIOA, &GPIO_InitStruct);
 119              		.loc 1 87 31 is_stmt 0 view .LVU30
 120 0052 0A23     		movs	r3, #10
 121 0054 0793     		str	r3, [sp, #28]
  88:Src/usbh_conf.c **** 
 122              		.loc 1 88 5 is_stmt 1 view .LVU31
 123 0056 03A9     		add	r1, sp, #12
 124 0058 0D48     		ldr	r0, .L5+4
 125 005a FFF7FEFF 		bl	HAL_GPIO_Init
 126              	.LVL5:
  91:Src/usbh_conf.c **** 
 127              		.loc 1 91 5 view .LVU32
  91:Src/usbh_conf.c **** 
 128              		.loc 1 91 5 view .LVU33
 129 005e 636B     		ldr	r3, [r4, #52]
 130 0060 43F08003 		orr	r3, r3, #128
 131 0064 6363     		str	r3, [r4, #52]
  91:Src/usbh_conf.c **** 
 132              		.loc 1 91 5 view .LVU34
 133              	.LBB3:
  91:Src/usbh_conf.c **** 
 134              		.loc 1 91 5 view .LVU35
 135 0066 0295     		str	r5, [sp, #8]
  91:Src/usbh_conf.c **** 
 136              		.loc 1 91 5 view .LVU36
 137 0068 636C     		ldr	r3, [r4, #68]
 138 006a 43F48043 		orr	r3, r3, #16384
 139 006e 6364     		str	r3, [r4, #68]
  91:Src/usbh_conf.c **** 
 140              		.loc 1 91 5 view .LVU37
 141 0070 636C     		ldr	r3, [r4, #68]
 142 0072 03F48043 		and	r3, r3, #16384
 143 0076 0293     		str	r3, [sp, #8]
  91:Src/usbh_conf.c **** 
 144              		.loc 1 91 5 view .LVU38
 145 0078 029B     		ldr	r3, [sp, #8]
 146              	.LBE3:
  91:Src/usbh_conf.c **** 
 147              		.loc 1 91 5 view .LVU39
  91:Src/usbh_conf.c **** 
 148              		.loc 1 91 5 view .LVU40
  94:Src/usbh_conf.c ****     HAL_NVIC_EnableIRQ(OTG_FS_IRQn);
 149              		.loc 1 94 5 view .LVU41
 150 007a 2A46     		mov	r2, r5
 151 007c 2946     		mov	r1, r5
 152 007e 4320     		movs	r0, #67
 153 0080 FFF7FEFF 		bl	HAL_NVIC_SetPriority
ARM GAS  /tmp/ccnObxM9.s 			page 6


 154              	.LVL6:
  95:Src/usbh_conf.c ****   /* USER CODE BEGIN USB_OTG_FS_MspInit 1 */
 155              		.loc 1 95 5 view .LVU42
 156 0084 4320     		movs	r0, #67
 157 0086 FFF7FEFF 		bl	HAL_NVIC_EnableIRQ
 158              	.LVL7:
 159              		.loc 1 100 1 is_stmt 0 view .LVU43
 160 008a C5E7     		b	.L1
 161              	.L6:
 162              		.align	2
 163              	.L5:
 164 008c 00380240 		.word	1073887232
 165 0090 00000240 		.word	1073872896
 166              		.cfi_endproc
 167              	.LFE137:
 169              		.section	.text.HAL_HCD_MspDeInit,"ax",%progbits
 170              		.align	1
 171              		.global	HAL_HCD_MspDeInit
 172              		.syntax unified
 173              		.thumb
 174              		.thumb_func
 176              	HAL_HCD_MspDeInit:
 177              	.LVL8:
 178              	.LFB138:
 101:Src/usbh_conf.c **** 
 102:Src/usbh_conf.c **** void HAL_HCD_MspDeInit(HCD_HandleTypeDef* hcdHandle)
 103:Src/usbh_conf.c **** {
 179              		.loc 1 103 1 is_stmt 1 view -0
 180              		.cfi_startproc
 181              		@ args = 0, pretend = 0, frame = 0
 182              		@ frame_needed = 0, uses_anonymous_args = 0
 183              		.loc 1 103 1 is_stmt 0 view .LVU45
 184 0000 08B5     		push	{r3, lr}
 185              	.LCFI4:
 186              		.cfi_def_cfa_offset 8
 187              		.cfi_offset 3, -8
 188              		.cfi_offset 14, -4
 104:Src/usbh_conf.c ****   if(hcdHandle->Instance==USB_OTG_FS)
 189              		.loc 1 104 3 is_stmt 1 view .LVU46
 190              		.loc 1 104 15 is_stmt 0 view .LVU47
 191 0002 0368     		ldr	r3, [r0]
 192              		.loc 1 104 5 view .LVU48
 193 0004 B3F1A04F 		cmp	r3, #1342177280
 194 0008 00D0     		beq	.L10
 195              	.LVL9:
 196              	.L7:
 105:Src/usbh_conf.c ****   {
 106:Src/usbh_conf.c ****   /* USER CODE BEGIN USB_OTG_FS_MspDeInit 0 */
 107:Src/usbh_conf.c **** 
 108:Src/usbh_conf.c ****   /* USER CODE END USB_OTG_FS_MspDeInit 0 */
 109:Src/usbh_conf.c ****     /* Peripheral clock disable */
 110:Src/usbh_conf.c ****     __HAL_RCC_USB_OTG_FS_CLK_DISABLE();
 111:Src/usbh_conf.c **** 
 112:Src/usbh_conf.c ****     /**USB_OTG_FS GPIO Configuration
 113:Src/usbh_conf.c ****     PA9     ------> USB_OTG_FS_VBUS
 114:Src/usbh_conf.c ****     PA10     ------> USB_OTG_FS_ID
 115:Src/usbh_conf.c ****     PA11     ------> USB_OTG_FS_DM
ARM GAS  /tmp/ccnObxM9.s 			page 7


 116:Src/usbh_conf.c ****     PA12     ------> USB_OTG_FS_DP
 117:Src/usbh_conf.c ****     */
 118:Src/usbh_conf.c ****     HAL_GPIO_DeInit(GPIOA, VBUS_FS_Pin|OTG_FS_ID_Pin|OTG_FS_DM_Pin|OTG_FS_DP_Pin);
 119:Src/usbh_conf.c **** 
 120:Src/usbh_conf.c ****     /* Peripheral interrupt Deinit*/
 121:Src/usbh_conf.c ****     HAL_NVIC_DisableIRQ(OTG_FS_IRQn);
 122:Src/usbh_conf.c **** 
 123:Src/usbh_conf.c ****   /* USER CODE BEGIN USB_OTG_FS_MspDeInit 1 */
 124:Src/usbh_conf.c **** 
 125:Src/usbh_conf.c ****   /* USER CODE END USB_OTG_FS_MspDeInit 1 */
 126:Src/usbh_conf.c ****   }
 127:Src/usbh_conf.c **** }
 197              		.loc 1 127 1 view .LVU49
 198 000a 08BD     		pop	{r3, pc}
 199              	.LVL10:
 200              	.L10:
 110:Src/usbh_conf.c **** 
 201              		.loc 1 110 5 is_stmt 1 view .LVU50
 202 000c 064A     		ldr	r2, .L11
 203 000e 536B     		ldr	r3, [r2, #52]
 204 0010 23F08003 		bic	r3, r3, #128
 205 0014 5363     		str	r3, [r2, #52]
 118:Src/usbh_conf.c **** 
 206              		.loc 1 118 5 view .LVU51
 207 0016 4FF4F051 		mov	r1, #7680
 208 001a 0448     		ldr	r0, .L11+4
 209              	.LVL11:
 118:Src/usbh_conf.c **** 
 210              		.loc 1 118 5 is_stmt 0 view .LVU52
 211 001c FFF7FEFF 		bl	HAL_GPIO_DeInit
 212              	.LVL12:
 121:Src/usbh_conf.c **** 
 213              		.loc 1 121 5 is_stmt 1 view .LVU53
 214 0020 4320     		movs	r0, #67
 215 0022 FFF7FEFF 		bl	HAL_NVIC_DisableIRQ
 216              	.LVL13:
 217              		.loc 1 127 1 is_stmt 0 view .LVU54
 218 0026 F0E7     		b	.L7
 219              	.L12:
 220              		.align	2
 221              	.L11:
 222 0028 00380240 		.word	1073887232
 223 002c 00000240 		.word	1073872896
 224              		.cfi_endproc
 225              	.LFE138:
 227              		.section	.text.HAL_HCD_SOF_Callback,"ax",%progbits
 228              		.align	1
 229              		.global	HAL_HCD_SOF_Callback
 230              		.syntax unified
 231              		.thumb
 232              		.thumb_func
 234              	HAL_HCD_SOF_Callback:
 235              	.LVL14:
 236              	.LFB139:
 128:Src/usbh_conf.c **** 
 129:Src/usbh_conf.c **** /**
 130:Src/usbh_conf.c ****   * @brief  SOF callback.
ARM GAS  /tmp/ccnObxM9.s 			page 8


 131:Src/usbh_conf.c ****   * @param  hhcd: HCD handle
 132:Src/usbh_conf.c ****   * @retval None
 133:Src/usbh_conf.c ****   */
 134:Src/usbh_conf.c **** void HAL_HCD_SOF_Callback(HCD_HandleTypeDef *hhcd)
 135:Src/usbh_conf.c **** {
 237              		.loc 1 135 1 is_stmt 1 view -0
 238              		.cfi_startproc
 239              		@ args = 0, pretend = 0, frame = 0
 240              		@ frame_needed = 0, uses_anonymous_args = 0
 241              		.loc 1 135 1 is_stmt 0 view .LVU56
 242 0000 08B5     		push	{r3, lr}
 243              	.LCFI5:
 244              		.cfi_def_cfa_offset 8
 245              		.cfi_offset 3, -8
 246              		.cfi_offset 14, -4
 136:Src/usbh_conf.c ****   USBH_LL_IncTimer(hhcd->pData);
 247              		.loc 1 136 3 is_stmt 1 view .LVU57
 248 0002 D0F8DC03 		ldr	r0, [r0, #988]
 249              	.LVL15:
 250              		.loc 1 136 3 is_stmt 0 view .LVU58
 251 0006 FFF7FEFF 		bl	USBH_LL_IncTimer
 252              	.LVL16:
 137:Src/usbh_conf.c **** }
 253              		.loc 1 137 1 view .LVU59
 254 000a 08BD     		pop	{r3, pc}
 255              		.cfi_endproc
 256              	.LFE139:
 258              		.section	.text.HAL_HCD_Connect_Callback,"ax",%progbits
 259              		.align	1
 260              		.global	HAL_HCD_Connect_Callback
 261              		.syntax unified
 262              		.thumb
 263              		.thumb_func
 265              	HAL_HCD_Connect_Callback:
 266              	.LVL17:
 267              	.LFB140:
 138:Src/usbh_conf.c **** 
 139:Src/usbh_conf.c **** /**
 140:Src/usbh_conf.c ****   * @brief  SOF callback.
 141:Src/usbh_conf.c ****   * @param  hhcd: HCD handle
 142:Src/usbh_conf.c ****   * @retval None
 143:Src/usbh_conf.c ****   */
 144:Src/usbh_conf.c **** void HAL_HCD_Connect_Callback(HCD_HandleTypeDef *hhcd)
 145:Src/usbh_conf.c **** {
 268              		.loc 1 145 1 is_stmt 1 view -0
 269              		.cfi_startproc
 270              		@ args = 0, pretend = 0, frame = 0
 271              		@ frame_needed = 0, uses_anonymous_args = 0
 272              		.loc 1 145 1 is_stmt 0 view .LVU61
 273 0000 08B5     		push	{r3, lr}
 274              	.LCFI6:
 275              		.cfi_def_cfa_offset 8
 276              		.cfi_offset 3, -8
 277              		.cfi_offset 14, -4
 146:Src/usbh_conf.c ****   USBH_LL_Connect(hhcd->pData);
 278              		.loc 1 146 3 is_stmt 1 view .LVU62
 279 0002 D0F8DC03 		ldr	r0, [r0, #988]
ARM GAS  /tmp/ccnObxM9.s 			page 9


 280              	.LVL18:
 281              		.loc 1 146 3 is_stmt 0 view .LVU63
 282 0006 FFF7FEFF 		bl	USBH_LL_Connect
 283              	.LVL19:
 147:Src/usbh_conf.c **** }
 284              		.loc 1 147 1 view .LVU64
 285 000a 08BD     		pop	{r3, pc}
 286              		.cfi_endproc
 287              	.LFE140:
 289              		.section	.text.HAL_HCD_Disconnect_Callback,"ax",%progbits
 290              		.align	1
 291              		.global	HAL_HCD_Disconnect_Callback
 292              		.syntax unified
 293              		.thumb
 294              		.thumb_func
 296              	HAL_HCD_Disconnect_Callback:
 297              	.LVL20:
 298              	.LFB141:
 148:Src/usbh_conf.c **** 
 149:Src/usbh_conf.c **** /**
 150:Src/usbh_conf.c ****   * @brief  SOF callback.
 151:Src/usbh_conf.c ****   * @param  hhcd: HCD handle
 152:Src/usbh_conf.c ****   * @retval None
 153:Src/usbh_conf.c ****   */
 154:Src/usbh_conf.c **** void HAL_HCD_Disconnect_Callback(HCD_HandleTypeDef *hhcd)
 155:Src/usbh_conf.c **** {
 299              		.loc 1 155 1 is_stmt 1 view -0
 300              		.cfi_startproc
 301              		@ args = 0, pretend = 0, frame = 0
 302              		@ frame_needed = 0, uses_anonymous_args = 0
 303              		.loc 1 155 1 is_stmt 0 view .LVU66
 304 0000 08B5     		push	{r3, lr}
 305              	.LCFI7:
 306              		.cfi_def_cfa_offset 8
 307              		.cfi_offset 3, -8
 308              		.cfi_offset 14, -4
 156:Src/usbh_conf.c ****   USBH_LL_Disconnect(hhcd->pData);
 309              		.loc 1 156 3 is_stmt 1 view .LVU67
 310 0002 D0F8DC03 		ldr	r0, [r0, #988]
 311              	.LVL21:
 312              		.loc 1 156 3 is_stmt 0 view .LVU68
 313 0006 FFF7FEFF 		bl	USBH_LL_Disconnect
 314              	.LVL22:
 157:Src/usbh_conf.c **** }
 315              		.loc 1 157 1 view .LVU69
 316 000a 08BD     		pop	{r3, pc}
 317              		.cfi_endproc
 318              	.LFE141:
 320              		.section	.text.HAL_HCD_HC_NotifyURBChange_Callback,"ax",%progbits
 321              		.align	1
 322              		.global	HAL_HCD_HC_NotifyURBChange_Callback
 323              		.syntax unified
 324              		.thumb
 325              		.thumb_func
 327              	HAL_HCD_HC_NotifyURBChange_Callback:
 328              	.LVL23:
 329              	.LFB142:
ARM GAS  /tmp/ccnObxM9.s 			page 10


 158:Src/usbh_conf.c **** 
 159:Src/usbh_conf.c **** /**
 160:Src/usbh_conf.c ****   * @brief  Notify URB state change callback.
 161:Src/usbh_conf.c ****   * @param  hhcd: HCD handle
 162:Src/usbh_conf.c ****   * @param  chnum: channel number
 163:Src/usbh_conf.c ****   * @param  urb_state: state
 164:Src/usbh_conf.c ****   * @retval None
 165:Src/usbh_conf.c ****   */
 166:Src/usbh_conf.c **** void HAL_HCD_HC_NotifyURBChange_Callback(HCD_HandleTypeDef *hhcd, uint8_t chnum, HCD_URBStateTypeDe
 167:Src/usbh_conf.c **** {
 330              		.loc 1 167 1 is_stmt 1 view -0
 331              		.cfi_startproc
 332              		@ args = 0, pretend = 0, frame = 0
 333              		@ frame_needed = 0, uses_anonymous_args = 0
 334              		@ link register save eliminated.
 168:Src/usbh_conf.c ****   /* To be used with OS to sync URB state with the global state machine */
 169:Src/usbh_conf.c **** #if (USBH_USE_OS == 1)
 170:Src/usbh_conf.c ****   USBH_LL_NotifyURBChange(hhcd->pData);
 171:Src/usbh_conf.c **** #endif
 172:Src/usbh_conf.c **** }
 335              		.loc 1 172 1 view .LVU71
 336 0000 7047     		bx	lr
 337              		.cfi_endproc
 338              	.LFE142:
 340              		.section	.text.HAL_HCD_PortEnabled_Callback,"ax",%progbits
 341              		.align	1
 342              		.global	HAL_HCD_PortEnabled_Callback
 343              		.syntax unified
 344              		.thumb
 345              		.thumb_func
 347              	HAL_HCD_PortEnabled_Callback:
 348              	.LVL24:
 349              	.LFB143:
 173:Src/usbh_conf.c **** /**
 174:Src/usbh_conf.c **** * @brief  Port Port Enabled callback.
 175:Src/usbh_conf.c ****   * @param  hhcd: HCD handle
 176:Src/usbh_conf.c ****   * @retval None
 177:Src/usbh_conf.c ****   */
 178:Src/usbh_conf.c **** void HAL_HCD_PortEnabled_Callback(HCD_HandleTypeDef *hhcd)
 179:Src/usbh_conf.c **** {
 350              		.loc 1 179 1 view -0
 351              		.cfi_startproc
 352              		@ args = 0, pretend = 0, frame = 0
 353              		@ frame_needed = 0, uses_anonymous_args = 0
 354              		.loc 1 179 1 is_stmt 0 view .LVU73
 355 0000 08B5     		push	{r3, lr}
 356              	.LCFI8:
 357              		.cfi_def_cfa_offset 8
 358              		.cfi_offset 3, -8
 359              		.cfi_offset 14, -4
 180:Src/usbh_conf.c ****   USBH_LL_PortEnabled(hhcd->pData);
 360              		.loc 1 180 3 is_stmt 1 view .LVU74
 361 0002 D0F8DC03 		ldr	r0, [r0, #988]
 362              	.LVL25:
 363              		.loc 1 180 3 is_stmt 0 view .LVU75
 364 0006 FFF7FEFF 		bl	USBH_LL_PortEnabled
 365              	.LVL26:
ARM GAS  /tmp/ccnObxM9.s 			page 11


 181:Src/usbh_conf.c **** }
 366              		.loc 1 181 1 view .LVU76
 367 000a 08BD     		pop	{r3, pc}
 368              		.cfi_endproc
 369              	.LFE143:
 371              		.section	.text.HAL_HCD_PortDisabled_Callback,"ax",%progbits
 372              		.align	1
 373              		.global	HAL_HCD_PortDisabled_Callback
 374              		.syntax unified
 375              		.thumb
 376              		.thumb_func
 378              	HAL_HCD_PortDisabled_Callback:
 379              	.LVL27:
 380              	.LFB144:
 182:Src/usbh_conf.c **** 
 183:Src/usbh_conf.c **** /**
 184:Src/usbh_conf.c ****   * @brief  Port Port Disabled callback.
 185:Src/usbh_conf.c ****   * @param  hhcd: HCD handle
 186:Src/usbh_conf.c ****   * @retval None
 187:Src/usbh_conf.c ****   */
 188:Src/usbh_conf.c **** void HAL_HCD_PortDisabled_Callback(HCD_HandleTypeDef *hhcd)
 189:Src/usbh_conf.c **** {
 381              		.loc 1 189 1 is_stmt 1 view -0
 382              		.cfi_startproc
 383              		@ args = 0, pretend = 0, frame = 0
 384              		@ frame_needed = 0, uses_anonymous_args = 0
 385              		.loc 1 189 1 is_stmt 0 view .LVU78
 386 0000 08B5     		push	{r3, lr}
 387              	.LCFI9:
 388              		.cfi_def_cfa_offset 8
 389              		.cfi_offset 3, -8
 390              		.cfi_offset 14, -4
 190:Src/usbh_conf.c ****   USBH_LL_PortDisabled(hhcd->pData);
 391              		.loc 1 190 3 is_stmt 1 view .LVU79
 392 0002 D0F8DC03 		ldr	r0, [r0, #988]
 393              	.LVL28:
 394              		.loc 1 190 3 is_stmt 0 view .LVU80
 395 0006 FFF7FEFF 		bl	USBH_LL_PortDisabled
 396              	.LVL29:
 191:Src/usbh_conf.c **** }
 397              		.loc 1 191 1 view .LVU81
 398 000a 08BD     		pop	{r3, pc}
 399              		.cfi_endproc
 400              	.LFE144:
 402              		.section	.text.USBH_LL_Init,"ax",%progbits
 403              		.align	1
 404              		.global	USBH_LL_Init
 405              		.syntax unified
 406              		.thumb
 407              		.thumb_func
 409              	USBH_LL_Init:
 410              	.LVL30:
 411              	.LFB145:
 192:Src/usbh_conf.c **** 
 193:Src/usbh_conf.c **** /*******************************************************************************
 194:Src/usbh_conf.c ****                        LL Driver Interface (USB Host Library --> HCD)
 195:Src/usbh_conf.c **** *******************************************************************************/
ARM GAS  /tmp/ccnObxM9.s 			page 12


 196:Src/usbh_conf.c **** 
 197:Src/usbh_conf.c **** /**
 198:Src/usbh_conf.c ****   * @brief  Initialize the low level portion of the host driver.
 199:Src/usbh_conf.c ****   * @param  phost: Host handle
 200:Src/usbh_conf.c ****   * @retval USBH status
 201:Src/usbh_conf.c ****   */
 202:Src/usbh_conf.c **** USBH_StatusTypeDef USBH_LL_Init(USBH_HandleTypeDef *phost)
 203:Src/usbh_conf.c **** {
 412              		.loc 1 203 1 is_stmt 1 view -0
 413              		.cfi_startproc
 414              		@ args = 0, pretend = 0, frame = 0
 415              		@ frame_needed = 0, uses_anonymous_args = 0
 204:Src/usbh_conf.c ****   /* Init USB_IP */
 205:Src/usbh_conf.c ****   if (phost->id == HOST_FS) {
 416              		.loc 1 205 3 view .LVU83
 417              		.loc 1 205 12 is_stmt 0 view .LVU84
 418 0000 90F8CC33 		ldrb	r3, [r0, #972]	@ zero_extendqisi2
 419              		.loc 1 205 6 view .LVU85
 420 0004 012B     		cmp	r3, #1
 421 0006 01D0     		beq	.L31
 206:Src/usbh_conf.c ****   /* Link the driver to the stack. */
 207:Src/usbh_conf.c ****   hhcd_USB_OTG_FS.pData = phost;
 208:Src/usbh_conf.c ****   phost->pData = &hhcd_USB_OTG_FS;
 209:Src/usbh_conf.c **** 
 210:Src/usbh_conf.c ****   hhcd_USB_OTG_FS.Instance = USB_OTG_FS;
 211:Src/usbh_conf.c ****   hhcd_USB_OTG_FS.Init.Host_channels = 8;
 212:Src/usbh_conf.c ****   hhcd_USB_OTG_FS.Init.speed = HCD_SPEED_FULL;
 213:Src/usbh_conf.c ****   hhcd_USB_OTG_FS.Init.dma_enable = DISABLE;
 214:Src/usbh_conf.c ****   hhcd_USB_OTG_FS.Init.phy_itface = HCD_PHY_EMBEDDED;
 215:Src/usbh_conf.c ****   hhcd_USB_OTG_FS.Init.Sof_enable = DISABLE;
 216:Src/usbh_conf.c ****   if (HAL_HCD_Init(&hhcd_USB_OTG_FS) != HAL_OK)
 217:Src/usbh_conf.c ****   {
 218:Src/usbh_conf.c ****     Error_Handler( );
 219:Src/usbh_conf.c ****   }
 220:Src/usbh_conf.c **** 
 221:Src/usbh_conf.c ****   USBH_LL_SetTimer(phost, HAL_HCD_GetCurrentFrame(&hhcd_USB_OTG_FS));
 222:Src/usbh_conf.c ****   }
 223:Src/usbh_conf.c **** 
 224:Src/usbh_conf.c ****   return USBH_OK;
 422              		.loc 1 224 3 is_stmt 1 view .LVU86
 225:Src/usbh_conf.c **** }
 423              		.loc 1 225 1 is_stmt 0 view .LVU87
 424 0008 0020     		movs	r0, #0
 425              	.LVL31:
 426              		.loc 1 225 1 view .LVU88
 427 000a 7047     		bx	lr
 428              	.LVL32:
 429              	.L31:
 203:Src/usbh_conf.c ****   /* Init USB_IP */
 430              		.loc 1 203 1 view .LVU89
 431 000c 10B5     		push	{r4, lr}
 432              	.LCFI10:
 433              		.cfi_def_cfa_offset 8
 434              		.cfi_offset 4, -8
 435              		.cfi_offset 14, -4
 436 000e 0446     		mov	r4, r0
 207:Src/usbh_conf.c ****   phost->pData = &hhcd_USB_OTG_FS;
ARM GAS  /tmp/ccnObxM9.s 			page 13


 437              		.loc 1 207 3 is_stmt 1 view .LVU90
 207:Src/usbh_conf.c ****   phost->pData = &hhcd_USB_OTG_FS;
 438              		.loc 1 207 25 is_stmt 0 view .LVU91
 439 0010 0F48     		ldr	r0, .L33
 440              	.LVL33:
 207:Src/usbh_conf.c ****   phost->pData = &hhcd_USB_OTG_FS;
 441              		.loc 1 207 25 view .LVU92
 442 0012 C0F8DC43 		str	r4, [r0, #988]
 208:Src/usbh_conf.c **** 
 443              		.loc 1 208 3 is_stmt 1 view .LVU93
 208:Src/usbh_conf.c **** 
 444              		.loc 1 208 16 is_stmt 0 view .LVU94
 445 0016 C4F8D003 		str	r0, [r4, #976]
 210:Src/usbh_conf.c ****   hhcd_USB_OTG_FS.Init.Host_channels = 8;
 446              		.loc 1 210 3 is_stmt 1 view .LVU95
 210:Src/usbh_conf.c ****   hhcd_USB_OTG_FS.Init.Host_channels = 8;
 447              		.loc 1 210 28 is_stmt 0 view .LVU96
 448 001a 4FF0A043 		mov	r3, #1342177280
 449 001e 0360     		str	r3, [r0]
 211:Src/usbh_conf.c ****   hhcd_USB_OTG_FS.Init.speed = HCD_SPEED_FULL;
 450              		.loc 1 211 3 is_stmt 1 view .LVU97
 211:Src/usbh_conf.c ****   hhcd_USB_OTG_FS.Init.speed = HCD_SPEED_FULL;
 451              		.loc 1 211 38 is_stmt 0 view .LVU98
 452 0020 0823     		movs	r3, #8
 453 0022 4371     		strb	r3, [r0, #5]
 212:Src/usbh_conf.c ****   hhcd_USB_OTG_FS.Init.dma_enable = DISABLE;
 454              		.loc 1 212 3 is_stmt 1 view .LVU99
 212:Src/usbh_conf.c ****   hhcd_USB_OTG_FS.Init.dma_enable = DISABLE;
 455              		.loc 1 212 30 is_stmt 0 view .LVU100
 456 0024 0123     		movs	r3, #1
 457 0026 C371     		strb	r3, [r0, #7]
 213:Src/usbh_conf.c ****   hhcd_USB_OTG_FS.Init.phy_itface = HCD_PHY_EMBEDDED;
 458              		.loc 1 213 3 is_stmt 1 view .LVU101
 213:Src/usbh_conf.c ****   hhcd_USB_OTG_FS.Init.phy_itface = HCD_PHY_EMBEDDED;
 459              		.loc 1 213 35 is_stmt 0 view .LVU102
 460 0028 0023     		movs	r3, #0
 461 002a 8371     		strb	r3, [r0, #6]
 214:Src/usbh_conf.c ****   hhcd_USB_OTG_FS.Init.Sof_enable = DISABLE;
 462              		.loc 1 214 3 is_stmt 1 view .LVU103
 214:Src/usbh_conf.c ****   hhcd_USB_OTG_FS.Init.Sof_enable = DISABLE;
 463              		.loc 1 214 35 is_stmt 0 view .LVU104
 464 002c 0222     		movs	r2, #2
 465 002e 4272     		strb	r2, [r0, #9]
 215:Src/usbh_conf.c ****   if (HAL_HCD_Init(&hhcd_USB_OTG_FS) != HAL_OK)
 466              		.loc 1 215 3 is_stmt 1 view .LVU105
 215:Src/usbh_conf.c ****   if (HAL_HCD_Init(&hhcd_USB_OTG_FS) != HAL_OK)
 467              		.loc 1 215 35 is_stmt 0 view .LVU106
 468 0030 8372     		strb	r3, [r0, #10]
 216:Src/usbh_conf.c ****   {
 469              		.loc 1 216 3 is_stmt 1 view .LVU107
 216:Src/usbh_conf.c ****   {
 470              		.loc 1 216 7 is_stmt 0 view .LVU108
 471 0032 FFF7FEFF 		bl	HAL_HCD_Init
 472              	.LVL34:
 216:Src/usbh_conf.c ****   {
 473              		.loc 1 216 6 discriminator 1 view .LVU109
 474 0036 40B9     		cbnz	r0, .L32
ARM GAS  /tmp/ccnObxM9.s 			page 14


 475              	.L26:
 221:Src/usbh_conf.c ****   }
 476              		.loc 1 221 3 is_stmt 1 view .LVU110
 477 0038 0548     		ldr	r0, .L33
 478 003a FFF7FEFF 		bl	HAL_HCD_GetCurrentFrame
 479              	.LVL35:
 480 003e 0146     		mov	r1, r0
 221:Src/usbh_conf.c ****   }
 481              		.loc 1 221 3 is_stmt 0 discriminator 1 view .LVU111
 482 0040 2046     		mov	r0, r4
 483 0042 FFF7FEFF 		bl	USBH_LL_SetTimer
 484              	.LVL36:
 224:Src/usbh_conf.c **** }
 485              		.loc 1 224 3 is_stmt 1 view .LVU112
 486              		.loc 1 225 1 is_stmt 0 view .LVU113
 487 0046 0020     		movs	r0, #0
 488 0048 10BD     		pop	{r4, pc}
 489              	.LVL37:
 490              	.L32:
 218:Src/usbh_conf.c ****   }
 491              		.loc 1 218 5 is_stmt 1 view .LVU114
 492 004a FFF7FEFF 		bl	Error_Handler
 493              	.LVL38:
 494 004e F3E7     		b	.L26
 495              	.L34:
 496              		.align	2
 497              	.L33:
 498 0050 00000000 		.word	hhcd_USB_OTG_FS
 499              		.cfi_endproc
 500              	.LFE145:
 502              		.section	.text.USBH_LL_GetSpeed,"ax",%progbits
 503              		.align	1
 504              		.global	USBH_LL_GetSpeed
 505              		.syntax unified
 506              		.thumb
 507              		.thumb_func
 509              	USBH_LL_GetSpeed:
 510              	.LVL39:
 511              	.LFB149:
 226:Src/usbh_conf.c **** 
 227:Src/usbh_conf.c **** /**
 228:Src/usbh_conf.c ****   * @brief  De-Initialize the low level portion of the host driver.
 229:Src/usbh_conf.c ****   * @param  phost: Host handle
 230:Src/usbh_conf.c ****   * @retval USBH status
 231:Src/usbh_conf.c ****   */
 232:Src/usbh_conf.c **** USBH_StatusTypeDef USBH_LL_DeInit(USBH_HandleTypeDef *phost)
 233:Src/usbh_conf.c **** {
 234:Src/usbh_conf.c ****   HAL_StatusTypeDef hal_status = HAL_OK;
 235:Src/usbh_conf.c ****   USBH_StatusTypeDef usb_status = USBH_OK;
 236:Src/usbh_conf.c **** 
 237:Src/usbh_conf.c ****   hal_status = HAL_HCD_DeInit(phost->pData);
 238:Src/usbh_conf.c **** 
 239:Src/usbh_conf.c ****   usb_status = USBH_Get_USB_Status(hal_status);
 240:Src/usbh_conf.c **** 
 241:Src/usbh_conf.c ****   return usb_status;
 242:Src/usbh_conf.c **** }
 243:Src/usbh_conf.c **** 
ARM GAS  /tmp/ccnObxM9.s 			page 15


 244:Src/usbh_conf.c **** /**
 245:Src/usbh_conf.c ****   * @brief  Start the low level portion of the host driver.
 246:Src/usbh_conf.c ****   * @param  phost: Host handle
 247:Src/usbh_conf.c ****   * @retval USBH status
 248:Src/usbh_conf.c ****   */
 249:Src/usbh_conf.c **** USBH_StatusTypeDef USBH_LL_Start(USBH_HandleTypeDef *phost)
 250:Src/usbh_conf.c **** {
 251:Src/usbh_conf.c ****   HAL_StatusTypeDef hal_status = HAL_OK;
 252:Src/usbh_conf.c ****   USBH_StatusTypeDef usb_status = USBH_OK;
 253:Src/usbh_conf.c **** 
 254:Src/usbh_conf.c ****   hal_status = HAL_HCD_Start(phost->pData);
 255:Src/usbh_conf.c **** 
 256:Src/usbh_conf.c ****   usb_status = USBH_Get_USB_Status(hal_status);
 257:Src/usbh_conf.c **** 
 258:Src/usbh_conf.c ****   return usb_status;
 259:Src/usbh_conf.c **** }
 260:Src/usbh_conf.c **** 
 261:Src/usbh_conf.c **** /**
 262:Src/usbh_conf.c ****   * @brief  Stop the low level portion of the host driver.
 263:Src/usbh_conf.c ****   * @param  phost: Host handle
 264:Src/usbh_conf.c ****   * @retval USBH status
 265:Src/usbh_conf.c ****   */
 266:Src/usbh_conf.c **** USBH_StatusTypeDef USBH_LL_Stop(USBH_HandleTypeDef *phost)
 267:Src/usbh_conf.c **** {
 268:Src/usbh_conf.c ****   HAL_StatusTypeDef hal_status = HAL_OK;
 269:Src/usbh_conf.c ****   USBH_StatusTypeDef usb_status = USBH_OK;
 270:Src/usbh_conf.c **** 
 271:Src/usbh_conf.c ****   hal_status = HAL_HCD_Stop(phost->pData);
 272:Src/usbh_conf.c **** 
 273:Src/usbh_conf.c ****   usb_status = USBH_Get_USB_Status(hal_status);
 274:Src/usbh_conf.c **** 
 275:Src/usbh_conf.c ****   return usb_status;
 276:Src/usbh_conf.c **** }
 277:Src/usbh_conf.c **** 
 278:Src/usbh_conf.c **** /**
 279:Src/usbh_conf.c ****   * @brief  Return the USB host speed from the low level driver.
 280:Src/usbh_conf.c ****   * @param  phost: Host handle
 281:Src/usbh_conf.c ****   * @retval USBH speeds
 282:Src/usbh_conf.c ****   */
 283:Src/usbh_conf.c **** USBH_SpeedTypeDef USBH_LL_GetSpeed(USBH_HandleTypeDef *phost)
 284:Src/usbh_conf.c **** {
 512              		.loc 1 284 1 view -0
 513              		.cfi_startproc
 514              		@ args = 0, pretend = 0, frame = 0
 515              		@ frame_needed = 0, uses_anonymous_args = 0
 516              		.loc 1 284 1 is_stmt 0 view .LVU116
 517 0000 08B5     		push	{r3, lr}
 518              	.LCFI11:
 519              		.cfi_def_cfa_offset 8
 520              		.cfi_offset 3, -8
 521              		.cfi_offset 14, -4
 285:Src/usbh_conf.c ****   USBH_SpeedTypeDef speed = USBH_SPEED_FULL;
 522              		.loc 1 285 3 is_stmt 1 view .LVU117
 523              	.LVL40:
 286:Src/usbh_conf.c **** 
 287:Src/usbh_conf.c ****   switch (HAL_HCD_GetCurrentSpeed(phost->pData))
 524              		.loc 1 287 3 view .LVU118
ARM GAS  /tmp/ccnObxM9.s 			page 16


 525              		.loc 1 287 11 is_stmt 0 view .LVU119
 526 0002 D0F8D003 		ldr	r0, [r0, #976]
 527              	.LVL41:
 528              		.loc 1 287 11 view .LVU120
 529 0006 FFF7FEFF 		bl	HAL_HCD_GetCurrentSpeed
 530              	.LVL42:
 531              		.loc 1 287 3 discriminator 1 view .LVU121
 532 000a 0128     		cmp	r0, #1
 533 000c 04D0     		beq	.L37
 534 000e 0228     		cmp	r0, #2
 535 0010 04D0     		beq	.L38
 536 0012 20B1     		cbz	r0, .L36
 288:Src/usbh_conf.c ****   {
 289:Src/usbh_conf.c ****   case 0 :
 290:Src/usbh_conf.c ****     speed = USBH_SPEED_HIGH;
 291:Src/usbh_conf.c ****     break;
 292:Src/usbh_conf.c **** 
 293:Src/usbh_conf.c ****   case 1 :
 294:Src/usbh_conf.c ****     speed = USBH_SPEED_FULL;
 295:Src/usbh_conf.c ****     break;
 296:Src/usbh_conf.c **** 
 297:Src/usbh_conf.c ****   case 2 :
 298:Src/usbh_conf.c ****     speed = USBH_SPEED_LOW;
 299:Src/usbh_conf.c ****     break;
 300:Src/usbh_conf.c **** 
 301:Src/usbh_conf.c ****   default:
 302:Src/usbh_conf.c ****    speed = USBH_SPEED_FULL;
 537              		.loc 1 302 10 view .LVU122
 538 0014 0120     		movs	r0, #1
 539 0016 02E0     		b	.L36
 540              	.L37:
 294:Src/usbh_conf.c ****     break;
 541              		.loc 1 294 11 view .LVU123
 542 0018 0120     		movs	r0, #1
 543 001a 00E0     		b	.L36
 544              	.L38:
 298:Src/usbh_conf.c ****     break;
 545              		.loc 1 298 11 view .LVU124
 546 001c 0220     		movs	r0, #2
 547              	.L36:
 548              	.LVL43:
 303:Src/usbh_conf.c ****     break;
 304:Src/usbh_conf.c ****   }
 305:Src/usbh_conf.c ****   return  speed;
 549              		.loc 1 305 3 is_stmt 1 view .LVU125
 306:Src/usbh_conf.c **** }
 550              		.loc 1 306 1 is_stmt 0 view .LVU126
 551 001e 08BD     		pop	{r3, pc}
 552              		.cfi_endproc
 553              	.LFE149:
 555              		.section	.text.USBH_LL_GetLastXferSize,"ax",%progbits
 556              		.align	1
 557              		.global	USBH_LL_GetLastXferSize
 558              		.syntax unified
 559              		.thumb
 560              		.thumb_func
 562              	USBH_LL_GetLastXferSize:
ARM GAS  /tmp/ccnObxM9.s 			page 17


 563              	.LVL44:
 564              	.LFB151:
 307:Src/usbh_conf.c **** 
 308:Src/usbh_conf.c **** /**
 309:Src/usbh_conf.c ****   * @brief  Reset the Host port of the low level driver.
 310:Src/usbh_conf.c ****   * @param  phost: Host handle
 311:Src/usbh_conf.c ****   * @retval USBH status
 312:Src/usbh_conf.c ****   */
 313:Src/usbh_conf.c **** USBH_StatusTypeDef USBH_LL_ResetPort(USBH_HandleTypeDef *phost)
 314:Src/usbh_conf.c **** {
 315:Src/usbh_conf.c ****   HAL_StatusTypeDef hal_status = HAL_OK;
 316:Src/usbh_conf.c ****   USBH_StatusTypeDef usb_status = USBH_OK;
 317:Src/usbh_conf.c **** 
 318:Src/usbh_conf.c ****   hal_status = HAL_HCD_ResetPort(phost->pData);
 319:Src/usbh_conf.c **** 
 320:Src/usbh_conf.c ****   usb_status = USBH_Get_USB_Status(hal_status);
 321:Src/usbh_conf.c **** 
 322:Src/usbh_conf.c ****   return usb_status;
 323:Src/usbh_conf.c **** }
 324:Src/usbh_conf.c **** 
 325:Src/usbh_conf.c **** /**
 326:Src/usbh_conf.c ****   * @brief  Return the last transferred packet size.
 327:Src/usbh_conf.c ****   * @param  phost: Host handle
 328:Src/usbh_conf.c ****   * @param  pipe: Pipe index
 329:Src/usbh_conf.c ****   * @retval Packet size
 330:Src/usbh_conf.c ****   */
 331:Src/usbh_conf.c **** uint32_t USBH_LL_GetLastXferSize(USBH_HandleTypeDef *phost, uint8_t pipe)
 332:Src/usbh_conf.c **** {
 565              		.loc 1 332 1 is_stmt 1 view -0
 566              		.cfi_startproc
 567              		@ args = 0, pretend = 0, frame = 0
 568              		@ frame_needed = 0, uses_anonymous_args = 0
 569              		.loc 1 332 1 is_stmt 0 view .LVU128
 570 0000 08B5     		push	{r3, lr}
 571              	.LCFI12:
 572              		.cfi_def_cfa_offset 8
 573              		.cfi_offset 3, -8
 574              		.cfi_offset 14, -4
 333:Src/usbh_conf.c ****   return HAL_HCD_HC_GetXferCount(phost->pData, pipe);
 575              		.loc 1 333 3 is_stmt 1 view .LVU129
 576              		.loc 1 333 10 is_stmt 0 view .LVU130
 577 0002 D0F8D003 		ldr	r0, [r0, #976]
 578              	.LVL45:
 579              		.loc 1 333 10 view .LVU131
 580 0006 FFF7FEFF 		bl	HAL_HCD_HC_GetXferCount
 581              	.LVL46:
 334:Src/usbh_conf.c **** }
 582              		.loc 1 334 1 view .LVU132
 583 000a 08BD     		pop	{r3, pc}
 584              		.cfi_endproc
 585              	.LFE151:
 587              		.section	.text.USBH_LL_ClosePipe,"ax",%progbits
 588              		.align	1
 589              		.global	USBH_LL_ClosePipe
 590              		.syntax unified
 591              		.thumb
 592              		.thumb_func
ARM GAS  /tmp/ccnObxM9.s 			page 18


 594              	USBH_LL_ClosePipe:
 595              	.LVL47:
 596              	.LFB153:
 335:Src/usbh_conf.c **** 
 336:Src/usbh_conf.c **** /**
 337:Src/usbh_conf.c ****   * @brief  Open a pipe of the low level driver.
 338:Src/usbh_conf.c ****   * @param  phost: Host handle
 339:Src/usbh_conf.c ****   * @param  pipe: Pipe index
 340:Src/usbh_conf.c ****   * @param  epnum: Endpoint number
 341:Src/usbh_conf.c ****   * @param  dev_address: Device USB address
 342:Src/usbh_conf.c ****   * @param  speed: Device Speed
 343:Src/usbh_conf.c ****   * @param  ep_type: Endpoint type
 344:Src/usbh_conf.c ****   * @param  mps: Endpoint max packet size
 345:Src/usbh_conf.c ****   * @retval USBH status
 346:Src/usbh_conf.c ****   */
 347:Src/usbh_conf.c **** USBH_StatusTypeDef USBH_LL_OpenPipe(USBH_HandleTypeDef *phost,
 348:Src/usbh_conf.c ****                                     uint8_t pipe,
 349:Src/usbh_conf.c ****                                     uint8_t epnum,
 350:Src/usbh_conf.c ****                                     uint8_t dev_address,
 351:Src/usbh_conf.c ****                                     uint8_t speed,
 352:Src/usbh_conf.c ****                                     uint8_t ep_type,
 353:Src/usbh_conf.c ****                                     uint16_t mps)
 354:Src/usbh_conf.c **** {
 355:Src/usbh_conf.c ****   HAL_StatusTypeDef hal_status = HAL_OK;
 356:Src/usbh_conf.c ****   USBH_StatusTypeDef usb_status = USBH_OK;
 357:Src/usbh_conf.c **** 
 358:Src/usbh_conf.c ****   hal_status = HAL_HCD_HC_Init(phost->pData, pipe, epnum,
 359:Src/usbh_conf.c ****                                dev_address, speed, ep_type, mps);
 360:Src/usbh_conf.c **** 
 361:Src/usbh_conf.c ****   usb_status = USBH_Get_USB_Status(hal_status);
 362:Src/usbh_conf.c **** 
 363:Src/usbh_conf.c ****   return usb_status;
 364:Src/usbh_conf.c **** }
 365:Src/usbh_conf.c **** 
 366:Src/usbh_conf.c **** /**
 367:Src/usbh_conf.c ****   * @brief  Close a pipe of the low level driver.
 368:Src/usbh_conf.c ****   * @param  phost: Host handle
 369:Src/usbh_conf.c ****   * @param  pipe: Pipe index
 370:Src/usbh_conf.c ****   * @retval USBH status
 371:Src/usbh_conf.c ****   */
 372:Src/usbh_conf.c **** USBH_StatusTypeDef USBH_LL_ClosePipe(USBH_HandleTypeDef *phost, uint8_t pipe)
 373:Src/usbh_conf.c **** {
 597              		.loc 1 373 1 is_stmt 1 view -0
 598              		.cfi_startproc
 599              		@ args = 0, pretend = 0, frame = 0
 600              		@ frame_needed = 0, uses_anonymous_args = 0
 601              		@ link register save eliminated.
 374:Src/usbh_conf.c ****   /* Prevent unused argument(s) compilation warning */
 375:Src/usbh_conf.c ****   UNUSED(phost);
 602              		.loc 1 375 3 view .LVU134
 376:Src/usbh_conf.c ****   UNUSED(pipe);
 603              		.loc 1 376 3 view .LVU135
 377:Src/usbh_conf.c **** 
 378:Src/usbh_conf.c ****   return USBH_OK;
 604              		.loc 1 378 3 view .LVU136
 379:Src/usbh_conf.c **** }
 605              		.loc 1 379 1 is_stmt 0 view .LVU137
ARM GAS  /tmp/ccnObxM9.s 			page 19


 606 0000 0020     		movs	r0, #0
 607              	.LVL48:
 608              		.loc 1 379 1 view .LVU138
 609 0002 7047     		bx	lr
 610              		.cfi_endproc
 611              	.LFE153:
 613              		.section	.text.USBH_LL_ActivatePipe,"ax",%progbits
 614              		.align	1
 615              		.global	USBH_LL_ActivatePipe
 616              		.syntax unified
 617              		.thumb
 618              		.thumb_func
 620              	USBH_LL_ActivatePipe:
 621              	.LVL49:
 622              	.LFB154:
 380:Src/usbh_conf.c **** 
 381:Src/usbh_conf.c **** /**
 382:Src/usbh_conf.c ****   * @brief  USBH_LL_ActivatePipe
 383:Src/usbh_conf.c ****   *         Activate a pipe of the Low Level Driver.
 384:Src/usbh_conf.c ****   * @param  phost: Host handle
 385:Src/usbh_conf.c ****   * @param  pipe: Pipe index
 386:Src/usbh_conf.c ****   * @retval USBH Status
 387:Src/usbh_conf.c ****   */
 388:Src/usbh_conf.c **** USBH_StatusTypeDef USBH_LL_ActivatePipe(USBH_HandleTypeDef *phost, uint8_t pipe)
 389:Src/usbh_conf.c **** {
 623              		.loc 1 389 1 is_stmt 1 view -0
 624              		.cfi_startproc
 625              		@ args = 0, pretend = 0, frame = 0
 626              		@ frame_needed = 0, uses_anonymous_args = 0
 627              		@ link register save eliminated.
 390:Src/usbh_conf.c ****   /* Prevent unused argument(s) compilation warning */
 391:Src/usbh_conf.c ****   UNUSED(phost);
 628              		.loc 1 391 3 view .LVU140
 392:Src/usbh_conf.c ****   UNUSED(pipe);
 629              		.loc 1 392 3 view .LVU141
 393:Src/usbh_conf.c **** 
 394:Src/usbh_conf.c ****   return USBH_OK;
 630              		.loc 1 394 3 view .LVU142
 395:Src/usbh_conf.c **** }
 631              		.loc 1 395 1 is_stmt 0 view .LVU143
 632 0000 0020     		movs	r0, #0
 633              	.LVL50:
 634              		.loc 1 395 1 view .LVU144
 635 0002 7047     		bx	lr
 636              		.cfi_endproc
 637              	.LFE154:
 639              		.section	.text.USBH_LL_GetURBState,"ax",%progbits
 640              		.align	1
 641              		.global	USBH_LL_GetURBState
 642              		.syntax unified
 643              		.thumb
 644              		.thumb_func
 646              	USBH_LL_GetURBState:
 647              	.LVL51:
 648              	.LFB156:
 396:Src/usbh_conf.c **** 
 397:Src/usbh_conf.c **** /**
ARM GAS  /tmp/ccnObxM9.s 			page 20


 398:Src/usbh_conf.c ****   * @brief  Submit a new URB to the low level driver.
 399:Src/usbh_conf.c ****   * @param  phost: Host handle
 400:Src/usbh_conf.c ****   * @param  pipe: Pipe index
 401:Src/usbh_conf.c ****   *         This parameter can be a value from 1 to 15
 402:Src/usbh_conf.c ****   * @param  direction : Channel number
 403:Src/usbh_conf.c ****   *          This parameter can be one of the these values:
 404:Src/usbh_conf.c ****   *           0 : Output
 405:Src/usbh_conf.c ****   *           1 : Input
 406:Src/usbh_conf.c ****   * @param  ep_type : Endpoint Type
 407:Src/usbh_conf.c ****   *          This parameter can be one of the these values:
 408:Src/usbh_conf.c ****   *            @arg EP_TYPE_CTRL: Control type
 409:Src/usbh_conf.c ****   *            @arg EP_TYPE_ISOC: Isochrounous type
 410:Src/usbh_conf.c ****   *            @arg EP_TYPE_BULK: Bulk type
 411:Src/usbh_conf.c ****   *            @arg EP_TYPE_INTR: Interrupt type
 412:Src/usbh_conf.c ****   * @param  token : Endpoint Type
 413:Src/usbh_conf.c ****   *          This parameter can be one of the these values:
 414:Src/usbh_conf.c ****   *            @arg 0: PID_SETUP
 415:Src/usbh_conf.c ****   *            @arg 1: PID_DATA
 416:Src/usbh_conf.c ****   * @param  pbuff : pointer to URB data
 417:Src/usbh_conf.c ****   * @param  length : Length of URB data
 418:Src/usbh_conf.c ****   * @param  do_ping : activate do ping protocol (for high speed only)
 419:Src/usbh_conf.c ****   *          This parameter can be one of the these values:
 420:Src/usbh_conf.c ****   *           0 : do ping inactive
 421:Src/usbh_conf.c ****   *           1 : do ping active
 422:Src/usbh_conf.c ****   * @retval Status
 423:Src/usbh_conf.c ****   */
 424:Src/usbh_conf.c **** USBH_StatusTypeDef USBH_LL_SubmitURB(USBH_HandleTypeDef *phost, uint8_t pipe, uint8_t direction,
 425:Src/usbh_conf.c ****                                      uint8_t ep_type, uint8_t token, uint8_t *pbuff, uint16_t lengt
 426:Src/usbh_conf.c ****                                      uint8_t do_ping)
 427:Src/usbh_conf.c **** {
 428:Src/usbh_conf.c ****   HAL_StatusTypeDef hal_status = HAL_OK;
 429:Src/usbh_conf.c ****   USBH_StatusTypeDef usb_status = USBH_OK;
 430:Src/usbh_conf.c **** 
 431:Src/usbh_conf.c ****   hal_status = HAL_HCD_HC_SubmitRequest(phost->pData, pipe, direction ,
 432:Src/usbh_conf.c ****                                         ep_type, token, pbuff, length,
 433:Src/usbh_conf.c ****                                         do_ping);
 434:Src/usbh_conf.c ****   usb_status =  USBH_Get_USB_Status(hal_status);
 435:Src/usbh_conf.c **** 
 436:Src/usbh_conf.c ****   return usb_status;
 437:Src/usbh_conf.c **** }
 438:Src/usbh_conf.c **** 
 439:Src/usbh_conf.c **** /**
 440:Src/usbh_conf.c ****   * @brief  Get a URB state from the low level driver.
 441:Src/usbh_conf.c ****   * @param  phost: Host handle
 442:Src/usbh_conf.c ****   * @param  pipe: Pipe index
 443:Src/usbh_conf.c ****   *         This parameter can be a value from 1 to 15
 444:Src/usbh_conf.c ****   * @retval URB state
 445:Src/usbh_conf.c ****   *          This parameter can be one of the these values:
 446:Src/usbh_conf.c ****   *            @arg URB_IDLE
 447:Src/usbh_conf.c ****   *            @arg URB_DONE
 448:Src/usbh_conf.c ****   *            @arg URB_NOTREADY
 449:Src/usbh_conf.c ****   *            @arg URB_NYET
 450:Src/usbh_conf.c ****   *            @arg URB_ERROR
 451:Src/usbh_conf.c ****   *            @arg URB_STALL
 452:Src/usbh_conf.c ****   */
 453:Src/usbh_conf.c **** USBH_URBStateTypeDef USBH_LL_GetURBState(USBH_HandleTypeDef *phost, uint8_t pipe)
 454:Src/usbh_conf.c **** {
ARM GAS  /tmp/ccnObxM9.s 			page 21


 649              		.loc 1 454 1 is_stmt 1 view -0
 650              		.cfi_startproc
 651              		@ args = 0, pretend = 0, frame = 0
 652              		@ frame_needed = 0, uses_anonymous_args = 0
 653              		.loc 1 454 1 is_stmt 0 view .LVU146
 654 0000 08B5     		push	{r3, lr}
 655              	.LCFI13:
 656              		.cfi_def_cfa_offset 8
 657              		.cfi_offset 3, -8
 658              		.cfi_offset 14, -4
 455:Src/usbh_conf.c ****   return (USBH_URBStateTypeDef)HAL_HCD_HC_GetURBState (phost->pData, pipe);
 659              		.loc 1 455 3 is_stmt 1 view .LVU147
 660              		.loc 1 455 32 is_stmt 0 view .LVU148
 661 0002 D0F8D003 		ldr	r0, [r0, #976]
 662              	.LVL52:
 663              		.loc 1 455 32 view .LVU149
 664 0006 FFF7FEFF 		bl	HAL_HCD_HC_GetURBState
 665              	.LVL53:
 456:Src/usbh_conf.c **** }
 666              		.loc 1 456 1 view .LVU150
 667 000a 08BD     		pop	{r3, pc}
 668              		.cfi_endproc
 669              	.LFE156:
 671              		.section	.text.USBH_LL_DriverVBUS,"ax",%progbits
 672              		.align	1
 673              		.global	USBH_LL_DriverVBUS
 674              		.syntax unified
 675              		.thumb
 676              		.thumb_func
 678              	USBH_LL_DriverVBUS:
 679              	.LVL54:
 680              	.LFB157:
 457:Src/usbh_conf.c **** 
 458:Src/usbh_conf.c **** /**
 459:Src/usbh_conf.c ****   * @brief  Drive VBUS.
 460:Src/usbh_conf.c ****   * @param  phost: Host handle
 461:Src/usbh_conf.c ****   * @param  state : VBUS state
 462:Src/usbh_conf.c ****   *          This parameter can be one of the these values:
 463:Src/usbh_conf.c ****   *           0 : VBUS Inactive
 464:Src/usbh_conf.c ****   *           1 : VBUS Active
 465:Src/usbh_conf.c ****   * @retval Status
 466:Src/usbh_conf.c ****   */
 467:Src/usbh_conf.c **** USBH_StatusTypeDef USBH_LL_DriverVBUS(USBH_HandleTypeDef *phost, uint8_t state)
 468:Src/usbh_conf.c **** {
 681              		.loc 1 468 1 is_stmt 1 view -0
 682              		.cfi_startproc
 683              		@ args = 0, pretend = 0, frame = 0
 684              		@ frame_needed = 0, uses_anonymous_args = 0
 685              		.loc 1 468 1 is_stmt 0 view .LVU152
 686 0000 08B5     		push	{r3, lr}
 687              	.LCFI14:
 688              		.cfi_def_cfa_offset 8
 689              		.cfi_offset 3, -8
 690              		.cfi_offset 14, -4
 469:Src/usbh_conf.c ****   if (phost->id == HOST_FS) {
 691              		.loc 1 469 3 is_stmt 1 view .LVU153
 692              		.loc 1 469 12 is_stmt 0 view .LVU154
ARM GAS  /tmp/ccnObxM9.s 			page 22


 693 0002 90F8CC33 		ldrb	r3, [r0, #972]	@ zero_extendqisi2
 694              		.loc 1 469 6 view .LVU155
 695 0006 012B     		cmp	r3, #1
 696 0008 04D0     		beq	.L50
 697              	.LVL55:
 698              	.L48:
 470:Src/usbh_conf.c ****     MX_DriverVbusFS(state);
 471:Src/usbh_conf.c ****   }
 472:Src/usbh_conf.c **** 
 473:Src/usbh_conf.c ****   /* USER CODE BEGIN 0 */
 474:Src/usbh_conf.c **** 
 475:Src/usbh_conf.c ****   /* USER CODE END 0*/
 476:Src/usbh_conf.c **** 
 477:Src/usbh_conf.c ****   HAL_Delay(200);
 699              		.loc 1 477 3 is_stmt 1 view .LVU156
 700 000a C820     		movs	r0, #200
 701 000c FFF7FEFF 		bl	HAL_Delay
 702              	.LVL56:
 478:Src/usbh_conf.c ****   return USBH_OK;
 703              		.loc 1 478 3 view .LVU157
 479:Src/usbh_conf.c **** }
 704              		.loc 1 479 1 is_stmt 0 view .LVU158
 705 0010 0020     		movs	r0, #0
 706 0012 08BD     		pop	{r3, pc}
 707              	.LVL57:
 708              	.L50:
 470:Src/usbh_conf.c ****     MX_DriverVbusFS(state);
 709              		.loc 1 470 5 is_stmt 1 view .LVU159
 710 0014 0846     		mov	r0, r1
 711              	.LVL58:
 470:Src/usbh_conf.c ****     MX_DriverVbusFS(state);
 712              		.loc 1 470 5 is_stmt 0 view .LVU160
 713 0016 FFF7FEFF 		bl	MX_DriverVbusFS
 714              	.LVL59:
 470:Src/usbh_conf.c ****     MX_DriverVbusFS(state);
 715              		.loc 1 470 5 view .LVU161
 716 001a F6E7     		b	.L48
 717              		.cfi_endproc
 718              	.LFE157:
 720              		.section	.text.USBH_LL_SetToggle,"ax",%progbits
 721              		.align	1
 722              		.global	USBH_LL_SetToggle
 723              		.syntax unified
 724              		.thumb
 725              		.thumb_func
 727              	USBH_LL_SetToggle:
 728              	.LVL60:
 729              	.LFB158:
 480:Src/usbh_conf.c **** 
 481:Src/usbh_conf.c **** /**
 482:Src/usbh_conf.c ****   * @brief  Set toggle for a pipe.
 483:Src/usbh_conf.c ****   * @param  phost: Host handle
 484:Src/usbh_conf.c ****   * @param  pipe: Pipe index
 485:Src/usbh_conf.c ****   * @param  toggle: toggle (0/1)
 486:Src/usbh_conf.c ****   * @retval Status
 487:Src/usbh_conf.c ****   */
 488:Src/usbh_conf.c **** USBH_StatusTypeDef USBH_LL_SetToggle(USBH_HandleTypeDef *phost, uint8_t pipe, uint8_t toggle)
ARM GAS  /tmp/ccnObxM9.s 			page 23


 489:Src/usbh_conf.c **** {
 730              		.loc 1 489 1 is_stmt 1 view -0
 731              		.cfi_startproc
 732              		@ args = 0, pretend = 0, frame = 0
 733              		@ frame_needed = 0, uses_anonymous_args = 0
 734              		@ link register save eliminated.
 490:Src/usbh_conf.c ****   HCD_HandleTypeDef *pHandle;
 735              		.loc 1 490 3 view .LVU163
 491:Src/usbh_conf.c ****   pHandle = phost->pData;
 736              		.loc 1 491 3 view .LVU164
 737              		.loc 1 491 11 is_stmt 0 view .LVU165
 738 0000 D0F8D033 		ldr	r3, [r0, #976]
 739              	.LVL61:
 492:Src/usbh_conf.c **** 
 493:Src/usbh_conf.c ****   if(pHandle->hc[pipe].ep_is_in)
 740              		.loc 1 493 3 is_stmt 1 view .LVU166
 741              		.loc 1 493 23 is_stmt 0 view .LVU167
 742 0004 C1EB0110 		rsb	r0, r1, r1, lsl #4
 743              	.LVL62:
 744              		.loc 1 493 23 view .LVU168
 745 0008 03EB8000 		add	r0, r3, r0, lsl #2
 746 000c C07D     		ldrb	r0, [r0, #23]	@ zero_extendqisi2
 747              		.loc 1 493 5 view .LVU169
 748 000e 38B1     		cbz	r0, .L52
 494:Src/usbh_conf.c ****   {
 495:Src/usbh_conf.c ****     pHandle->hc[pipe].toggle_in = toggle;
 749              		.loc 1 495 5 is_stmt 1 view .LVU170
 750              		.loc 1 495 33 is_stmt 0 view .LVU171
 751 0010 C1EB0111 		rsb	r1, r1, r1, lsl #4
 752              	.LVL63:
 753              		.loc 1 495 33 view .LVU172
 754 0014 03EB8103 		add	r3, r3, r1, lsl #2
 755              	.LVL64:
 756              		.loc 1 495 33 view .LVU173
 757 0018 83F83C20 		strb	r2, [r3, #60]
 758              	.LVL65:
 759              	.L53:
 496:Src/usbh_conf.c ****   }
 497:Src/usbh_conf.c ****   else
 498:Src/usbh_conf.c ****   {
 499:Src/usbh_conf.c ****     pHandle->hc[pipe].toggle_out = toggle;
 500:Src/usbh_conf.c ****   }
 501:Src/usbh_conf.c **** 
 502:Src/usbh_conf.c ****   return USBH_OK;
 760              		.loc 1 502 3 is_stmt 1 view .LVU174
 503:Src/usbh_conf.c **** }
 761              		.loc 1 503 1 is_stmt 0 view .LVU175
 762 001c 0020     		movs	r0, #0
 763 001e 7047     		bx	lr
 764              	.LVL66:
 765              	.L52:
 499:Src/usbh_conf.c ****   }
 766              		.loc 1 499 5 is_stmt 1 view .LVU176
 499:Src/usbh_conf.c ****   }
 767              		.loc 1 499 34 is_stmt 0 view .LVU177
 768 0020 C1EB0111 		rsb	r1, r1, r1, lsl #4
 769              	.LVL67:
ARM GAS  /tmp/ccnObxM9.s 			page 24


 499:Src/usbh_conf.c ****   }
 770              		.loc 1 499 34 view .LVU178
 771 0024 03EB8103 		add	r3, r3, r1, lsl #2
 772              	.LVL68:
 499:Src/usbh_conf.c ****   }
 773              		.loc 1 499 34 view .LVU179
 774 0028 83F83D20 		strb	r2, [r3, #61]
 775              	.LVL69:
 499:Src/usbh_conf.c ****   }
 776              		.loc 1 499 34 view .LVU180
 777 002c F6E7     		b	.L53
 778              		.cfi_endproc
 779              	.LFE158:
 781              		.section	.text.USBH_LL_GetToggle,"ax",%progbits
 782              		.align	1
 783              		.global	USBH_LL_GetToggle
 784              		.syntax unified
 785              		.thumb
 786              		.thumb_func
 788              	USBH_LL_GetToggle:
 789              	.LVL70:
 790              	.LFB159:
 504:Src/usbh_conf.c **** 
 505:Src/usbh_conf.c **** /**
 506:Src/usbh_conf.c ****   * @brief  Return the current toggle of a pipe.
 507:Src/usbh_conf.c ****   * @param  phost: Host handle
 508:Src/usbh_conf.c ****   * @param  pipe: Pipe index
 509:Src/usbh_conf.c ****   * @retval toggle (0/1)
 510:Src/usbh_conf.c ****   */
 511:Src/usbh_conf.c **** uint8_t USBH_LL_GetToggle(USBH_HandleTypeDef *phost, uint8_t pipe)
 512:Src/usbh_conf.c **** {
 791              		.loc 1 512 1 is_stmt 1 view -0
 792              		.cfi_startproc
 793              		@ args = 0, pretend = 0, frame = 0
 794              		@ frame_needed = 0, uses_anonymous_args = 0
 795              		@ link register save eliminated.
 513:Src/usbh_conf.c ****   uint8_t toggle = 0;
 796              		.loc 1 513 3 view .LVU182
 514:Src/usbh_conf.c ****   HCD_HandleTypeDef *pHandle;
 797              		.loc 1 514 3 view .LVU183
 515:Src/usbh_conf.c ****   pHandle = phost->pData;
 798              		.loc 1 515 3 view .LVU184
 799              		.loc 1 515 11 is_stmt 0 view .LVU185
 800 0000 D0F8D033 		ldr	r3, [r0, #976]
 801              	.LVL71:
 516:Src/usbh_conf.c **** 
 517:Src/usbh_conf.c ****   if(pHandle->hc[pipe].ep_is_in)
 802              		.loc 1 517 3 is_stmt 1 view .LVU186
 803              		.loc 1 517 23 is_stmt 0 view .LVU187
 804 0004 C1EB0112 		rsb	r2, r1, r1, lsl #4
 805 0008 03EB8202 		add	r2, r3, r2, lsl #2
 806 000c D27D     		ldrb	r2, [r2, #23]	@ zero_extendqisi2
 807              		.loc 1 517 5 view .LVU188
 808 000e 32B1     		cbz	r2, .L55
 518:Src/usbh_conf.c ****   {
 519:Src/usbh_conf.c ****     toggle = pHandle->hc[pipe].toggle_in;
 809              		.loc 1 519 5 is_stmt 1 view .LVU189
ARM GAS  /tmp/ccnObxM9.s 			page 25


 810              		.loc 1 519 12 is_stmt 0 view .LVU190
 811 0010 C1EB0111 		rsb	r1, r1, r1, lsl #4
 812              	.LVL72:
 813              		.loc 1 519 12 view .LVU191
 814 0014 03EB8103 		add	r3, r3, r1, lsl #2
 815              	.LVL73:
 816              		.loc 1 519 12 view .LVU192
 817 0018 93F83C00 		ldrb	r0, [r3, #60]	@ zero_extendqisi2
 818              	.LVL74:
 819              		.loc 1 519 12 view .LVU193
 820 001c 7047     		bx	lr
 821              	.LVL75:
 822              	.L55:
 520:Src/usbh_conf.c ****   }
 521:Src/usbh_conf.c ****   else
 522:Src/usbh_conf.c ****   {
 523:Src/usbh_conf.c ****     toggle = pHandle->hc[pipe].toggle_out;
 823              		.loc 1 523 5 is_stmt 1 view .LVU194
 824              		.loc 1 523 12 is_stmt 0 view .LVU195
 825 001e C1EB0111 		rsb	r1, r1, r1, lsl #4
 826              	.LVL76:
 827              		.loc 1 523 12 view .LVU196
 828 0022 03EB8103 		add	r3, r3, r1, lsl #2
 829              	.LVL77:
 830              		.loc 1 523 12 view .LVU197
 831 0026 93F83D00 		ldrb	r0, [r3, #61]	@ zero_extendqisi2
 832              	.LVL78:
 524:Src/usbh_conf.c ****   }
 525:Src/usbh_conf.c ****   return toggle;
 833              		.loc 1 525 3 is_stmt 1 view .LVU198
 526:Src/usbh_conf.c **** }
 834              		.loc 1 526 1 is_stmt 0 view .LVU199
 835 002a 7047     		bx	lr
 836              		.cfi_endproc
 837              	.LFE159:
 839              		.section	.text.USBH_Delay,"ax",%progbits
 840              		.align	1
 841              		.global	USBH_Delay
 842              		.syntax unified
 843              		.thumb
 844              		.thumb_func
 846              	USBH_Delay:
 847              	.LVL79:
 848              	.LFB160:
 527:Src/usbh_conf.c **** 
 528:Src/usbh_conf.c **** /**
 529:Src/usbh_conf.c ****   * @brief  Delay routine for the USB Host Library
 530:Src/usbh_conf.c ****   * @param  Delay: Delay in ms
 531:Src/usbh_conf.c ****   * @retval None
 532:Src/usbh_conf.c ****   */
 533:Src/usbh_conf.c **** void USBH_Delay(uint32_t Delay)
 534:Src/usbh_conf.c **** {
 849              		.loc 1 534 1 is_stmt 1 view -0
 850              		.cfi_startproc
 851              		@ args = 0, pretend = 0, frame = 0
 852              		@ frame_needed = 0, uses_anonymous_args = 0
 853              		.loc 1 534 1 is_stmt 0 view .LVU201
ARM GAS  /tmp/ccnObxM9.s 			page 26


 854 0000 08B5     		push	{r3, lr}
 855              	.LCFI15:
 856              		.cfi_def_cfa_offset 8
 857              		.cfi_offset 3, -8
 858              		.cfi_offset 14, -4
 535:Src/usbh_conf.c ****   HAL_Delay(Delay);
 859              		.loc 1 535 3 is_stmt 1 view .LVU202
 860 0002 FFF7FEFF 		bl	HAL_Delay
 861              	.LVL80:
 536:Src/usbh_conf.c **** }
 862              		.loc 1 536 1 is_stmt 0 view .LVU203
 863 0006 08BD     		pop	{r3, pc}
 864              		.cfi_endproc
 865              	.LFE160:
 867              		.section	.text.USBH_Get_USB_Status,"ax",%progbits
 868              		.align	1
 869              		.global	USBH_Get_USB_Status
 870              		.syntax unified
 871              		.thumb
 872              		.thumb_func
 874              	USBH_Get_USB_Status:
 875              	.LVL81:
 876              	.LFB161:
 537:Src/usbh_conf.c **** 
 538:Src/usbh_conf.c **** /**
 539:Src/usbh_conf.c ****   * @brief  Returns the USB status depending on the HAL status:
 540:Src/usbh_conf.c ****   * @param  hal_status: HAL status
 541:Src/usbh_conf.c ****   * @retval USB status
 542:Src/usbh_conf.c ****   */
 543:Src/usbh_conf.c **** USBH_StatusTypeDef USBH_Get_USB_Status(HAL_StatusTypeDef hal_status)
 544:Src/usbh_conf.c **** {
 877              		.loc 1 544 1 is_stmt 1 view -0
 878              		.cfi_startproc
 879              		@ args = 0, pretend = 0, frame = 0
 880              		@ frame_needed = 0, uses_anonymous_args = 0
 881              		@ link register save eliminated.
 545:Src/usbh_conf.c ****   USBH_StatusTypeDef usb_status = USBH_OK;
 882              		.loc 1 545 3 view .LVU205
 546:Src/usbh_conf.c **** 
 547:Src/usbh_conf.c ****   switch (hal_status)
 883              		.loc 1 547 3 view .LVU206
 884 0000 0228     		cmp	r0, #2
 885 0002 04D0     		beq	.L61
 886 0004 05D8     		bhi	.L62
 887 0006 08B1     		cbz	r0, .L64
 548:Src/usbh_conf.c ****   {
 549:Src/usbh_conf.c ****     case HAL_OK :
 550:Src/usbh_conf.c ****       usb_status = USBH_OK;
 551:Src/usbh_conf.c ****     break;
 552:Src/usbh_conf.c ****     case HAL_ERROR :
 553:Src/usbh_conf.c ****       usb_status = USBH_FAIL;
 888              		.loc 1 553 18 is_stmt 0 view .LVU207
 889 0008 0220     		movs	r0, #2
 890              	.LVL82:
 554:Src/usbh_conf.c ****     break;
 555:Src/usbh_conf.c ****     case HAL_BUSY :
 556:Src/usbh_conf.c ****       usb_status = USBH_BUSY;
ARM GAS  /tmp/ccnObxM9.s 			page 27


 557:Src/usbh_conf.c ****     break;
 558:Src/usbh_conf.c ****     case HAL_TIMEOUT :
 559:Src/usbh_conf.c ****       usb_status = USBH_FAIL;
 560:Src/usbh_conf.c ****     break;
 561:Src/usbh_conf.c ****     default :
 562:Src/usbh_conf.c ****       usb_status = USBH_FAIL;
 563:Src/usbh_conf.c ****     break;
 564:Src/usbh_conf.c ****   }
 565:Src/usbh_conf.c ****   return usb_status;
 891              		.loc 1 565 3 is_stmt 1 view .LVU208
 566:Src/usbh_conf.c **** }
 892              		.loc 1 566 1 is_stmt 0 view .LVU209
 893 000a 7047     		bx	lr
 894              	.LVL83:
 895              	.L64:
 896              		.loc 1 566 1 view .LVU210
 897 000c 7047     		bx	lr
 898              	.L61:
 556:Src/usbh_conf.c ****     break;
 899              		.loc 1 556 18 view .LVU211
 900 000e 0120     		movs	r0, #1
 901              	.LVL84:
 556:Src/usbh_conf.c ****     break;
 902              		.loc 1 556 18 view .LVU212
 903 0010 7047     		bx	lr
 904              	.LVL85:
 905              	.L62:
 559:Src/usbh_conf.c ****     break;
 906              		.loc 1 559 18 view .LVU213
 907 0012 0220     		movs	r0, #2
 908              	.LVL86:
 559:Src/usbh_conf.c ****     break;
 909              		.loc 1 559 18 view .LVU214
 910 0014 7047     		bx	lr
 911              		.cfi_endproc
 912              	.LFE161:
 914              		.section	.text.USBH_LL_DeInit,"ax",%progbits
 915              		.align	1
 916              		.global	USBH_LL_DeInit
 917              		.syntax unified
 918              		.thumb
 919              		.thumb_func
 921              	USBH_LL_DeInit:
 922              	.LVL87:
 923              	.LFB146:
 233:Src/usbh_conf.c ****   HAL_StatusTypeDef hal_status = HAL_OK;
 924              		.loc 1 233 1 is_stmt 1 view -0
 925              		.cfi_startproc
 926              		@ args = 0, pretend = 0, frame = 0
 927              		@ frame_needed = 0, uses_anonymous_args = 0
 233:Src/usbh_conf.c ****   HAL_StatusTypeDef hal_status = HAL_OK;
 928              		.loc 1 233 1 is_stmt 0 view .LVU216
 929 0000 08B5     		push	{r3, lr}
 930              	.LCFI16:
 931              		.cfi_def_cfa_offset 8
 932              		.cfi_offset 3, -8
 933              		.cfi_offset 14, -4
ARM GAS  /tmp/ccnObxM9.s 			page 28


 234:Src/usbh_conf.c ****   USBH_StatusTypeDef usb_status = USBH_OK;
 934              		.loc 1 234 3 is_stmt 1 view .LVU217
 935              	.LVL88:
 235:Src/usbh_conf.c **** 
 936              		.loc 1 235 3 view .LVU218
 237:Src/usbh_conf.c **** 
 937              		.loc 1 237 3 view .LVU219
 237:Src/usbh_conf.c **** 
 938              		.loc 1 237 16 is_stmt 0 view .LVU220
 939 0002 D0F8D003 		ldr	r0, [r0, #976]
 940              	.LVL89:
 237:Src/usbh_conf.c **** 
 941              		.loc 1 237 16 view .LVU221
 942 0006 FFF7FEFF 		bl	HAL_HCD_DeInit
 943              	.LVL90:
 239:Src/usbh_conf.c **** 
 944              		.loc 1 239 3 is_stmt 1 view .LVU222
 239:Src/usbh_conf.c **** 
 945              		.loc 1 239 16 is_stmt 0 view .LVU223
 946 000a FFF7FEFF 		bl	USBH_Get_USB_Status
 947              	.LVL91:
 241:Src/usbh_conf.c **** }
 948              		.loc 1 241 3 is_stmt 1 view .LVU224
 242:Src/usbh_conf.c **** 
 949              		.loc 1 242 1 is_stmt 0 view .LVU225
 950 000e 08BD     		pop	{r3, pc}
 951              		.cfi_endproc
 952              	.LFE146:
 954              		.section	.text.USBH_LL_Start,"ax",%progbits
 955              		.align	1
 956              		.global	USBH_LL_Start
 957              		.syntax unified
 958              		.thumb
 959              		.thumb_func
 961              	USBH_LL_Start:
 962              	.LVL92:
 963              	.LFB147:
 250:Src/usbh_conf.c ****   HAL_StatusTypeDef hal_status = HAL_OK;
 964              		.loc 1 250 1 is_stmt 1 view -0
 965              		.cfi_startproc
 966              		@ args = 0, pretend = 0, frame = 0
 967              		@ frame_needed = 0, uses_anonymous_args = 0
 250:Src/usbh_conf.c ****   HAL_StatusTypeDef hal_status = HAL_OK;
 968              		.loc 1 250 1 is_stmt 0 view .LVU227
 969 0000 08B5     		push	{r3, lr}
 970              	.LCFI17:
 971              		.cfi_def_cfa_offset 8
 972              		.cfi_offset 3, -8
 973              		.cfi_offset 14, -4
 251:Src/usbh_conf.c ****   USBH_StatusTypeDef usb_status = USBH_OK;
 974              		.loc 1 251 3 is_stmt 1 view .LVU228
 975              	.LVL93:
 252:Src/usbh_conf.c **** 
 976              		.loc 1 252 3 view .LVU229
 254:Src/usbh_conf.c **** 
 977              		.loc 1 254 3 view .LVU230
 254:Src/usbh_conf.c **** 
ARM GAS  /tmp/ccnObxM9.s 			page 29


 978              		.loc 1 254 16 is_stmt 0 view .LVU231
 979 0002 D0F8D003 		ldr	r0, [r0, #976]
 980              	.LVL94:
 254:Src/usbh_conf.c **** 
 981              		.loc 1 254 16 view .LVU232
 982 0006 FFF7FEFF 		bl	HAL_HCD_Start
 983              	.LVL95:
 256:Src/usbh_conf.c **** 
 984              		.loc 1 256 3 is_stmt 1 view .LVU233
 256:Src/usbh_conf.c **** 
 985              		.loc 1 256 16 is_stmt 0 view .LVU234
 986 000a FFF7FEFF 		bl	USBH_Get_USB_Status
 987              	.LVL96:
 258:Src/usbh_conf.c **** }
 988              		.loc 1 258 3 is_stmt 1 view .LVU235
 259:Src/usbh_conf.c **** 
 989              		.loc 1 259 1 is_stmt 0 view .LVU236
 990 000e 08BD     		pop	{r3, pc}
 991              		.cfi_endproc
 992              	.LFE147:
 994              		.section	.text.USBH_LL_Stop,"ax",%progbits
 995              		.align	1
 996              		.global	USBH_LL_Stop
 997              		.syntax unified
 998              		.thumb
 999              		.thumb_func
 1001              	USBH_LL_Stop:
 1002              	.LVL97:
 1003              	.LFB148:
 267:Src/usbh_conf.c ****   HAL_StatusTypeDef hal_status = HAL_OK;
 1004              		.loc 1 267 1 is_stmt 1 view -0
 1005              		.cfi_startproc
 1006              		@ args = 0, pretend = 0, frame = 0
 1007              		@ frame_needed = 0, uses_anonymous_args = 0
 267:Src/usbh_conf.c ****   HAL_StatusTypeDef hal_status = HAL_OK;
 1008              		.loc 1 267 1 is_stmt 0 view .LVU238
 1009 0000 08B5     		push	{r3, lr}
 1010              	.LCFI18:
 1011              		.cfi_def_cfa_offset 8
 1012              		.cfi_offset 3, -8
 1013              		.cfi_offset 14, -4
 268:Src/usbh_conf.c ****   USBH_StatusTypeDef usb_status = USBH_OK;
 1014              		.loc 1 268 3 is_stmt 1 view .LVU239
 1015              	.LVL98:
 269:Src/usbh_conf.c **** 
 1016              		.loc 1 269 3 view .LVU240
 271:Src/usbh_conf.c **** 
 1017              		.loc 1 271 3 view .LVU241
 271:Src/usbh_conf.c **** 
 1018              		.loc 1 271 16 is_stmt 0 view .LVU242
 1019 0002 D0F8D003 		ldr	r0, [r0, #976]
 1020              	.LVL99:
 271:Src/usbh_conf.c **** 
 1021              		.loc 1 271 16 view .LVU243
 1022 0006 FFF7FEFF 		bl	HAL_HCD_Stop
 1023              	.LVL100:
 273:Src/usbh_conf.c **** 
ARM GAS  /tmp/ccnObxM9.s 			page 30


 1024              		.loc 1 273 3 is_stmt 1 view .LVU244
 273:Src/usbh_conf.c **** 
 1025              		.loc 1 273 16 is_stmt 0 view .LVU245
 1026 000a FFF7FEFF 		bl	USBH_Get_USB_Status
 1027              	.LVL101:
 275:Src/usbh_conf.c **** }
 1028              		.loc 1 275 3 is_stmt 1 view .LVU246
 276:Src/usbh_conf.c **** 
 1029              		.loc 1 276 1 is_stmt 0 view .LVU247
 1030 000e 08BD     		pop	{r3, pc}
 1031              		.cfi_endproc
 1032              	.LFE148:
 1034              		.section	.text.USBH_LL_ResetPort,"ax",%progbits
 1035              		.align	1
 1036              		.global	USBH_LL_ResetPort
 1037              		.syntax unified
 1038              		.thumb
 1039              		.thumb_func
 1041              	USBH_LL_ResetPort:
 1042              	.LVL102:
 1043              	.LFB150:
 314:Src/usbh_conf.c ****   HAL_StatusTypeDef hal_status = HAL_OK;
 1044              		.loc 1 314 1 is_stmt 1 view -0
 1045              		.cfi_startproc
 1046              		@ args = 0, pretend = 0, frame = 0
 1047              		@ frame_needed = 0, uses_anonymous_args = 0
 314:Src/usbh_conf.c ****   HAL_StatusTypeDef hal_status = HAL_OK;
 1048              		.loc 1 314 1 is_stmt 0 view .LVU249
 1049 0000 08B5     		push	{r3, lr}
 1050              	.LCFI19:
 1051              		.cfi_def_cfa_offset 8
 1052              		.cfi_offset 3, -8
 1053              		.cfi_offset 14, -4
 315:Src/usbh_conf.c ****   USBH_StatusTypeDef usb_status = USBH_OK;
 1054              		.loc 1 315 3 is_stmt 1 view .LVU250
 1055              	.LVL103:
 316:Src/usbh_conf.c **** 
 1056              		.loc 1 316 3 view .LVU251
 318:Src/usbh_conf.c **** 
 1057              		.loc 1 318 3 view .LVU252
 318:Src/usbh_conf.c **** 
 1058              		.loc 1 318 16 is_stmt 0 view .LVU253
 1059 0002 D0F8D003 		ldr	r0, [r0, #976]
 1060              	.LVL104:
 318:Src/usbh_conf.c **** 
 1061              		.loc 1 318 16 view .LVU254
 1062 0006 FFF7FEFF 		bl	HAL_HCD_ResetPort
 1063              	.LVL105:
 320:Src/usbh_conf.c **** 
 1064              		.loc 1 320 3 is_stmt 1 view .LVU255
 320:Src/usbh_conf.c **** 
 1065              		.loc 1 320 16 is_stmt 0 view .LVU256
 1066 000a FFF7FEFF 		bl	USBH_Get_USB_Status
 1067              	.LVL106:
 322:Src/usbh_conf.c **** }
 1068              		.loc 1 322 3 is_stmt 1 view .LVU257
 323:Src/usbh_conf.c **** 
ARM GAS  /tmp/ccnObxM9.s 			page 31


 1069              		.loc 1 323 1 is_stmt 0 view .LVU258
 1070 000e 08BD     		pop	{r3, pc}
 1071              		.cfi_endproc
 1072              	.LFE150:
 1074              		.section	.text.USBH_LL_OpenPipe,"ax",%progbits
 1075              		.align	1
 1076              		.global	USBH_LL_OpenPipe
 1077              		.syntax unified
 1078              		.thumb
 1079              		.thumb_func
 1081              	USBH_LL_OpenPipe:
 1082              	.LVL107:
 1083              	.LFB152:
 354:Src/usbh_conf.c ****   HAL_StatusTypeDef hal_status = HAL_OK;
 1084              		.loc 1 354 1 is_stmt 1 view -0
 1085              		.cfi_startproc
 1086              		@ args = 12, pretend = 0, frame = 0
 1087              		@ frame_needed = 0, uses_anonymous_args = 0
 354:Src/usbh_conf.c ****   HAL_StatusTypeDef hal_status = HAL_OK;
 1088              		.loc 1 354 1 is_stmt 0 view .LVU260
 1089 0000 00B5     		push	{lr}
 1090              	.LCFI20:
 1091              		.cfi_def_cfa_offset 4
 1092              		.cfi_offset 14, -4
 1093 0002 85B0     		sub	sp, sp, #20
 1094              	.LCFI21:
 1095              		.cfi_def_cfa_offset 24
 355:Src/usbh_conf.c ****   USBH_StatusTypeDef usb_status = USBH_OK;
 1096              		.loc 1 355 3 is_stmt 1 view .LVU261
 1097              	.LVL108:
 356:Src/usbh_conf.c **** 
 1098              		.loc 1 356 3 view .LVU262
 358:Src/usbh_conf.c ****                                dev_address, speed, ep_type, mps);
 1099              		.loc 1 358 3 view .LVU263
 358:Src/usbh_conf.c ****                                dev_address, speed, ep_type, mps);
 1100              		.loc 1 358 37 is_stmt 0 view .LVU264
 1101 0004 D0F8D003 		ldr	r0, [r0, #976]
 1102              	.LVL109:
 358:Src/usbh_conf.c ****                                dev_address, speed, ep_type, mps);
 1103              		.loc 1 358 16 view .LVU265
 1104 0008 BDF820C0 		ldrh	ip, [sp, #32]
 1105 000c CDF808C0 		str	ip, [sp, #8]
 1106 0010 9DF81CC0 		ldrb	ip, [sp, #28]	@ zero_extendqisi2
 1107 0014 CDF804C0 		str	ip, [sp, #4]
 1108 0018 9DF818C0 		ldrb	ip, [sp, #24]	@ zero_extendqisi2
 1109 001c CDF800C0 		str	ip, [sp]
 1110 0020 FFF7FEFF 		bl	HAL_HCD_HC_Init
 1111              	.LVL110:
 361:Src/usbh_conf.c **** 
 1112              		.loc 1 361 3 is_stmt 1 view .LVU266
 361:Src/usbh_conf.c **** 
 1113              		.loc 1 361 16 is_stmt 0 view .LVU267
 1114 0024 FFF7FEFF 		bl	USBH_Get_USB_Status
 1115              	.LVL111:
 363:Src/usbh_conf.c **** }
 1116              		.loc 1 363 3 is_stmt 1 view .LVU268
 364:Src/usbh_conf.c **** 
ARM GAS  /tmp/ccnObxM9.s 			page 32


 1117              		.loc 1 364 1 is_stmt 0 view .LVU269
 1118 0028 05B0     		add	sp, sp, #20
 1119              	.LCFI22:
 1120              		.cfi_def_cfa_offset 4
 1121              		@ sp needed
 1122 002a 00BD     		pop	{pc}
 364:Src/usbh_conf.c **** 
 1123              		.loc 1 364 1 view .LVU270
 1124              		.cfi_endproc
 1125              	.LFE152:
 1127              		.section	.text.USBH_LL_SubmitURB,"ax",%progbits
 1128              		.align	1
 1129              		.global	USBH_LL_SubmitURB
 1130              		.syntax unified
 1131              		.thumb
 1132              		.thumb_func
 1134              	USBH_LL_SubmitURB:
 1135              	.LVL112:
 1136              	.LFB155:
 427:Src/usbh_conf.c ****   HAL_StatusTypeDef hal_status = HAL_OK;
 1137              		.loc 1 427 1 is_stmt 1 view -0
 1138              		.cfi_startproc
 1139              		@ args = 16, pretend = 0, frame = 0
 1140              		@ frame_needed = 0, uses_anonymous_args = 0
 427:Src/usbh_conf.c ****   HAL_StatusTypeDef hal_status = HAL_OK;
 1141              		.loc 1 427 1 is_stmt 0 view .LVU272
 1142 0000 10B5     		push	{r4, lr}
 1143              	.LCFI23:
 1144              		.cfi_def_cfa_offset 8
 1145              		.cfi_offset 4, -8
 1146              		.cfi_offset 14, -4
 1147 0002 84B0     		sub	sp, sp, #16
 1148              	.LCFI24:
 1149              		.cfi_def_cfa_offset 24
 428:Src/usbh_conf.c ****   USBH_StatusTypeDef usb_status = USBH_OK;
 1150              		.loc 1 428 3 is_stmt 1 view .LVU273
 1151              	.LVL113:
 429:Src/usbh_conf.c **** 
 1152              		.loc 1 429 3 view .LVU274
 431:Src/usbh_conf.c ****                                         ep_type, token, pbuff, length,
 1153              		.loc 1 431 3 view .LVU275
 431:Src/usbh_conf.c ****                                         ep_type, token, pbuff, length,
 1154              		.loc 1 431 46 is_stmt 0 view .LVU276
 1155 0004 D0F8D003 		ldr	r0, [r0, #976]
 1156              	.LVL114:
 431:Src/usbh_conf.c ****                                         ep_type, token, pbuff, length,
 1157              		.loc 1 431 16 view .LVU277
 1158 0008 9DF824C0 		ldrb	ip, [sp, #36]	@ zero_extendqisi2
 1159 000c CDF80CC0 		str	ip, [sp, #12]
 1160 0010 BDF820C0 		ldrh	ip, [sp, #32]
 1161 0014 CDF808C0 		str	ip, [sp, #8]
 1162 0018 079C     		ldr	r4, [sp, #28]
 1163 001a 0194     		str	r4, [sp, #4]
 1164 001c 9DF818C0 		ldrb	ip, [sp, #24]	@ zero_extendqisi2
 1165 0020 CDF800C0 		str	ip, [sp]
 1166 0024 FFF7FEFF 		bl	HAL_HCD_HC_SubmitRequest
 1167              	.LVL115:
ARM GAS  /tmp/ccnObxM9.s 			page 33


 434:Src/usbh_conf.c **** 
 1168              		.loc 1 434 3 is_stmt 1 view .LVU278
 434:Src/usbh_conf.c **** 
 1169              		.loc 1 434 17 is_stmt 0 view .LVU279
 1170 0028 FFF7FEFF 		bl	USBH_Get_USB_Status
 1171              	.LVL116:
 436:Src/usbh_conf.c **** }
 1172              		.loc 1 436 3 is_stmt 1 view .LVU280
 437:Src/usbh_conf.c **** 
 1173              		.loc 1 437 1 is_stmt 0 view .LVU281
 1174 002c 04B0     		add	sp, sp, #16
 1175              	.LCFI25:
 1176              		.cfi_def_cfa_offset 8
 1177              		@ sp needed
 1178 002e 10BD     		pop	{r4, pc}
 437:Src/usbh_conf.c **** 
 1179              		.loc 1 437 1 view .LVU282
 1180              		.cfi_endproc
 1181              	.LFE155:
 1183              		.global	hhcd_USB_OTG_FS
 1184              		.section	.bss.hhcd_USB_OTG_FS,"aw",%nobits
 1185              		.align	2
 1188              	hhcd_USB_OTG_FS:
 1189 0000 00000000 		.space	992
 1189      00000000 
 1189      00000000 
 1189      00000000 
 1189      00000000 
 1190              		.text
 1191              	.Letext0:
 1192              		.file 2 "/usr/arm-none-eabi/include/machine/_default_types.h"
 1193              		.file 3 "Drivers/CMSIS/Device/ST/STM32F4xx/Include/stm32f407xx.h"
 1194              		.file 4 "/usr/arm-none-eabi/include/sys/_stdint.h"
 1195              		.file 5 "Drivers/CMSIS/Device/ST/STM32F4xx/Include/stm32f4xx.h"
 1196              		.file 6 "Drivers/STM32F4xx_HAL_Driver/Inc/stm32f4xx_hal_def.h"
 1197              		.file 7 "Drivers/STM32F4xx_HAL_Driver/Inc/stm32f4xx_hal_gpio.h"
 1198              		.file 8 "Drivers/STM32F4xx_HAL_Driver/Inc/stm32f4xx_ll_usb.h"
 1199              		.file 9 "Drivers/STM32F4xx_HAL_Driver/Inc/stm32f4xx_hal_hcd.h"
 1200              		.file 10 "Middlewares/ST/STM32_USB_Host_Library/Core/Inc/usbh_def.h"
 1201              		.file 11 "Drivers/STM32F4xx_HAL_Driver/Inc/stm32f4xx_hal.h"
 1202              		.file 12 "Inc/usbh_platform.h"
 1203              		.file 13 "Middlewares/ST/STM32_USB_Host_Library/Core/Inc/usbh_core.h"
 1204              		.file 14 "Drivers/STM32F4xx_HAL_Driver/Inc/stm32f4xx_hal_cortex.h"
ARM GAS  /tmp/ccnObxM9.s 			page 34


DEFINED SYMBOLS
                            *ABS*:00000000 usbh_conf.c
     /tmp/ccnObxM9.s:21     .text.HAL_HCD_MspInit:00000000 $t
     /tmp/ccnObxM9.s:27     .text.HAL_HCD_MspInit:00000000 HAL_HCD_MspInit
     /tmp/ccnObxM9.s:164    .text.HAL_HCD_MspInit:0000008c $d
     /tmp/ccnObxM9.s:170    .text.HAL_HCD_MspDeInit:00000000 $t
     /tmp/ccnObxM9.s:176    .text.HAL_HCD_MspDeInit:00000000 HAL_HCD_MspDeInit
     /tmp/ccnObxM9.s:222    .text.HAL_HCD_MspDeInit:00000028 $d
     /tmp/ccnObxM9.s:228    .text.HAL_HCD_SOF_Callback:00000000 $t
     /tmp/ccnObxM9.s:234    .text.HAL_HCD_SOF_Callback:00000000 HAL_HCD_SOF_Callback
     /tmp/ccnObxM9.s:259    .text.HAL_HCD_Connect_Callback:00000000 $t
     /tmp/ccnObxM9.s:265    .text.HAL_HCD_Connect_Callback:00000000 HAL_HCD_Connect_Callback
     /tmp/ccnObxM9.s:290    .text.HAL_HCD_Disconnect_Callback:00000000 $t
     /tmp/ccnObxM9.s:296    .text.HAL_HCD_Disconnect_Callback:00000000 HAL_HCD_Disconnect_Callback
     /tmp/ccnObxM9.s:321    .text.HAL_HCD_HC_NotifyURBChange_Callback:00000000 $t
     /tmp/ccnObxM9.s:327    .text.HAL_HCD_HC_NotifyURBChange_Callback:00000000 HAL_HCD_HC_NotifyURBChange_Callback
     /tmp/ccnObxM9.s:341    .text.HAL_HCD_PortEnabled_Callback:00000000 $t
     /tmp/ccnObxM9.s:347    .text.HAL_HCD_PortEnabled_Callback:00000000 HAL_HCD_PortEnabled_Callback
     /tmp/ccnObxM9.s:372    .text.HAL_HCD_PortDisabled_Callback:00000000 $t
     /tmp/ccnObxM9.s:378    .text.HAL_HCD_PortDisabled_Callback:00000000 HAL_HCD_PortDisabled_Callback
     /tmp/ccnObxM9.s:403    .text.USBH_LL_Init:00000000 $t
     /tmp/ccnObxM9.s:409    .text.USBH_LL_Init:00000000 USBH_LL_Init
     /tmp/ccnObxM9.s:498    .text.USBH_LL_Init:00000050 $d
     /tmp/ccnObxM9.s:1188   .bss.hhcd_USB_OTG_FS:00000000 hhcd_USB_OTG_FS
     /tmp/ccnObxM9.s:503    .text.USBH_LL_GetSpeed:00000000 $t
     /tmp/ccnObxM9.s:509    .text.USBH_LL_GetSpeed:00000000 USBH_LL_GetSpeed
     /tmp/ccnObxM9.s:556    .text.USBH_LL_GetLastXferSize:00000000 $t
     /tmp/ccnObxM9.s:562    .text.USBH_LL_GetLastXferSize:00000000 USBH_LL_GetLastXferSize
     /tmp/ccnObxM9.s:588    .text.USBH_LL_ClosePipe:00000000 $t
     /tmp/ccnObxM9.s:594    .text.USBH_LL_ClosePipe:00000000 USBH_LL_ClosePipe
     /tmp/ccnObxM9.s:614    .text.USBH_LL_ActivatePipe:00000000 $t
     /tmp/ccnObxM9.s:620    .text.USBH_LL_ActivatePipe:00000000 USBH_LL_ActivatePipe
     /tmp/ccnObxM9.s:640    .text.USBH_LL_GetURBState:00000000 $t
     /tmp/ccnObxM9.s:646    .text.USBH_LL_GetURBState:00000000 USBH_LL_GetURBState
     /tmp/ccnObxM9.s:672    .text.USBH_LL_DriverVBUS:00000000 $t
     /tmp/ccnObxM9.s:678    .text.USBH_LL_DriverVBUS:00000000 USBH_LL_DriverVBUS
     /tmp/ccnObxM9.s:721    .text.USBH_LL_SetToggle:00000000 $t
     /tmp/ccnObxM9.s:727    .text.USBH_LL_SetToggle:00000000 USBH_LL_SetToggle
     /tmp/ccnObxM9.s:782    .text.USBH_LL_GetToggle:00000000 $t
     /tmp/ccnObxM9.s:788    .text.USBH_LL_GetToggle:00000000 USBH_LL_GetToggle
     /tmp/ccnObxM9.s:840    .text.USBH_Delay:00000000 $t
     /tmp/ccnObxM9.s:846    .text.USBH_Delay:00000000 USBH_Delay
     /tmp/ccnObxM9.s:868    .text.USBH_Get_USB_Status:00000000 $t
     /tmp/ccnObxM9.s:874    .text.USBH_Get_USB_Status:00000000 USBH_Get_USB_Status
     /tmp/ccnObxM9.s:915    .text.USBH_LL_DeInit:00000000 $t
     /tmp/ccnObxM9.s:921    .text.USBH_LL_DeInit:00000000 USBH_LL_DeInit
     /tmp/ccnObxM9.s:955    .text.USBH_LL_Start:00000000 $t
     /tmp/ccnObxM9.s:961    .text.USBH_LL_Start:00000000 USBH_LL_Start
     /tmp/ccnObxM9.s:995    .text.USBH_LL_Stop:00000000 $t
     /tmp/ccnObxM9.s:1001   .text.USBH_LL_Stop:00000000 USBH_LL_Stop
     /tmp/ccnObxM9.s:1035   .text.USBH_LL_ResetPort:00000000 $t
     /tmp/ccnObxM9.s:1041   .text.USBH_LL_ResetPort:00000000 USBH_LL_ResetPort
     /tmp/ccnObxM9.s:1075   .text.USBH_LL_OpenPipe:00000000 $t
     /tmp/ccnObxM9.s:1081   .text.USBH_LL_OpenPipe:00000000 USBH_LL_OpenPipe
     /tmp/ccnObxM9.s:1128   .text.USBH_LL_SubmitURB:00000000 $t
     /tmp/ccnObxM9.s:1134   .text.USBH_LL_SubmitURB:00000000 USBH_LL_SubmitURB
     /tmp/ccnObxM9.s:1185   .bss.hhcd_USB_OTG_FS:00000000 $d
ARM GAS  /tmp/ccnObxM9.s 			page 35



UNDEFINED SYMBOLS
HAL_GPIO_Init
HAL_NVIC_SetPriority
HAL_NVIC_EnableIRQ
HAL_GPIO_DeInit
HAL_NVIC_DisableIRQ
USBH_LL_IncTimer
USBH_LL_Connect
USBH_LL_Disconnect
USBH_LL_PortEnabled
USBH_LL_PortDisabled
HAL_HCD_Init
HAL_HCD_GetCurrentFrame
USBH_LL_SetTimer
Error_Handler
HAL_HCD_GetCurrentSpeed
HAL_HCD_HC_GetXferCount
HAL_HCD_HC_GetURBState
HAL_Delay
MX_DriverVbusFS
HAL_HCD_DeInit
HAL_HCD_Start
HAL_HCD_Stop
HAL_HCD_ResetPort
HAL_HCD_HC_Init
HAL_HCD_HC_SubmitRequest
