ARM GAS  /tmp/ccaDWcSt.s 			page 1


   1              		.cpu cortex-m4
   2              		.arch armv7e-m
   3              		.fpu fpv4-sp-d16
   4              		.eabi_attribute 27, 1
   5              		.eabi_attribute 28, 1
   6              		.eabi_attribute 20, 1
   7              		.eabi_attribute 21, 1
   8              		.eabi_attribute 23, 3
   9              		.eabi_attribute 24, 1
  10              		.eabi_attribute 25, 1
  11              		.eabi_attribute 26, 1
  12              		.eabi_attribute 30, 1
  13              		.eabi_attribute 34, 1
  14              		.eabi_attribute 18, 4
  15              		.file	"usbh_platform.c"
  16              		.text
  17              	.Ltext0:
  18              		.cfi_sections	.debug_frame
  19              		.file 1 "Src/usbh_platform.c"
  20              		.section	.text.MX_DriverVbusFS,"ax",%progbits
  21              		.align	1
  22              		.global	MX_DriverVbusFS
  23              		.syntax unified
  24              		.thumb
  25              		.thumb_func
  27              	MX_DriverVbusFS:
  28              	.LVL0:
  29              	.LFB134:
   1:Src/usbh_platform.c **** /* USER CODE BEGIN Header */
   2:Src/usbh_platform.c **** /**
   3:Src/usbh_platform.c ****   ******************************************************************************
   4:Src/usbh_platform.c ****   * @file           : usbh_platform.c
   5:Src/usbh_platform.c **** 
   6:Src/usbh_platform.c ****   * @brief          : This file implements the USB platform
   7:Src/usbh_platform.c ****   ******************************************************************************
   8:Src/usbh_platform.c ****   * @attention
   9:Src/usbh_platform.c ****   *
  10:Src/usbh_platform.c ****   * Copyright (c) 2026 STMicroelectronics.
  11:Src/usbh_platform.c ****   * All rights reserved.
  12:Src/usbh_platform.c ****   *
  13:Src/usbh_platform.c ****   * This software is licensed under terms that can be found in the LICENSE file
  14:Src/usbh_platform.c ****   * in the root directory of this software component.
  15:Src/usbh_platform.c ****   * If no LICENSE file comes with this software, it is provided AS-IS.
  16:Src/usbh_platform.c ****   *
  17:Src/usbh_platform.c ****   ******************************************************************************
  18:Src/usbh_platform.c ****   */
  19:Src/usbh_platform.c **** /* USER CODE END Header */
  20:Src/usbh_platform.c **** 
  21:Src/usbh_platform.c **** /* Includes ------------------------------------------------------------------*/
  22:Src/usbh_platform.c **** #include "usbh_platform.h"
  23:Src/usbh_platform.c **** 
  24:Src/usbh_platform.c **** /* USER CODE BEGIN INCLUDE */
  25:Src/usbh_platform.c **** 
  26:Src/usbh_platform.c **** /* USER CODE END INCLUDE */
  27:Src/usbh_platform.c **** 
  28:Src/usbh_platform.c **** /**
  29:Src/usbh_platform.c ****   * @brief  Drive VBUS.
ARM GAS  /tmp/ccaDWcSt.s 			page 2


  30:Src/usbh_platform.c ****   * @param  state : VBUS state
  31:Src/usbh_platform.c ****   *          This parameter can be one of the these values:
  32:Src/usbh_platform.c ****   *           - 1 : VBUS Active
  33:Src/usbh_platform.c ****   *           - 0 : VBUS Inactive
  34:Src/usbh_platform.c ****   */
  35:Src/usbh_platform.c **** void MX_DriverVbusFS(uint8_t state)
  36:Src/usbh_platform.c **** {
  30              		.loc 1 36 1 view -0
  31              		.cfi_startproc
  32              		@ args = 0, pretend = 0, frame = 0
  33              		@ frame_needed = 0, uses_anonymous_args = 0
  34              		.loc 1 36 1 is_stmt 0 view .LVU1
  35 0000 08B5     		push	{r3, lr}
  36              	.LCFI0:
  37              		.cfi_def_cfa_offset 8
  38              		.cfi_offset 3, -8
  39              		.cfi_offset 14, -4
  37:Src/usbh_platform.c ****   uint8_t data = state;
  40              		.loc 1 37 3 is_stmt 1 view .LVU2
  41              	.LVL1:
  38:Src/usbh_platform.c ****   /* USER CODE BEGIN PREPARE_GPIO_DATA_VBUS_FS */
  39:Src/usbh_platform.c ****   if(state == 0)
  42              		.loc 1 39 3 view .LVU3
  43              		.loc 1 39 5 is_stmt 0 view .LVU4
  44 0002 0246     		mov	r2, r0
  45 0004 00B1     		cbz	r0, .L2
  40:Src/usbh_platform.c ****   {
  41:Src/usbh_platform.c ****     /* Drive high Charge pump */
  42:Src/usbh_platform.c ****     data = GPIO_PIN_RESET;
  43:Src/usbh_platform.c ****   }
  44:Src/usbh_platform.c ****   else
  45:Src/usbh_platform.c ****   {
  46:Src/usbh_platform.c ****     /* Drive low Charge pump */
  47:Src/usbh_platform.c ****     data = GPIO_PIN_SET;
  46              		.loc 1 47 10 view .LVU5
  47 0006 0122     		movs	r2, #1
  48              	.L2:
  49              	.LVL2:
  48:Src/usbh_platform.c ****   }
  49:Src/usbh_platform.c ****   /* USER CODE END PREPARE_GPIO_DATA_VBUS_FS */
  50:Src/usbh_platform.c ****   HAL_GPIO_WritePin(GPIOC,GPIO_PIN_0,(GPIO_PinState)data);
  50              		.loc 1 50 3 is_stmt 1 view .LVU6
  51 0008 0121     		movs	r1, #1
  52 000a 0248     		ldr	r0, .L5
  53              	.LVL3:
  54              		.loc 1 50 3 is_stmt 0 view .LVU7
  55 000c FFF7FEFF 		bl	HAL_GPIO_WritePin
  56              	.LVL4:
  51:Src/usbh_platform.c **** }
  57              		.loc 1 51 1 view .LVU8
  58 0010 08BD     		pop	{r3, pc}
  59              	.L6:
  60 0012 00BF     		.align	2
  61              	.L5:
  62 0014 00080240 		.word	1073874944
  63              		.cfi_endproc
  64              	.LFE134:
ARM GAS  /tmp/ccaDWcSt.s 			page 3


  66              		.text
  67              	.Letext0:
  68              		.file 2 "/usr/arm-none-eabi/include/machine/_default_types.h"
  69              		.file 3 "/usr/arm-none-eabi/include/sys/_stdint.h"
  70              		.file 4 "Drivers/CMSIS/Device/ST/STM32F4xx/Include/stm32f407xx.h"
  71              		.file 5 "Drivers/STM32F4xx_HAL_Driver/Inc/stm32f4xx_hal_gpio.h"
ARM GAS  /tmp/ccaDWcSt.s 			page 4


DEFINED SYMBOLS
                            *ABS*:00000000 usbh_platform.c
     /tmp/ccaDWcSt.s:21     .text.MX_DriverVbusFS:00000000 $t
     /tmp/ccaDWcSt.s:27     .text.MX_DriverVbusFS:00000000 MX_DriverVbusFS
     /tmp/ccaDWcSt.s:62     .text.MX_DriverVbusFS:00000014 $d

UNDEFINED SYMBOLS
HAL_GPIO_WritePin
