ARM GAS  /tmp/ccmRK85E.s 			page 1


   1              		.cpu cortex-m4
   2              		.arch armv7e-m
   3              		.fpu fpv4-sp-d16
   4              		.eabi_attribute 27, 1
   5              		.eabi_attribute 28, 1
   6              		.eabi_attribute 20, 1
   7              		.eabi_attribute 21, 1
   8              		.eabi_attribute 23, 3
   9              		.eabi_attribute 24, 1
  10              		.eabi_attribute 25, 1
  11              		.eabi_attribute 26, 1
  12              		.eabi_attribute 30, 1
  13              		.eabi_attribute 34, 1
  14              		.eabi_attribute 18, 4
  15              		.file	"usbh_ioreq.c"
  16              		.text
  17              	.Ltext0:
  18              		.cfi_sections	.debug_frame
  19              		.file 1 "Middlewares/ST/STM32_USB_Host_Library/Core/Src/usbh_ioreq.c"
  20              		.section	.text.USBH_CtlSendSetup,"ax",%progbits
  21              		.align	1
  22              		.global	USBH_CtlSendSetup
  23              		.syntax unified
  24              		.thumb
  25              		.thumb_func
  27              	USBH_CtlSendSetup:
  28              	.LVL0:
  29              	.LFB137:
   1:Middlewares/ST/STM32_USB_Host_Library/Core/Src/usbh_ioreq.c **** /**
   2:Middlewares/ST/STM32_USB_Host_Library/Core/Src/usbh_ioreq.c ****   ******************************************************************************
   3:Middlewares/ST/STM32_USB_Host_Library/Core/Src/usbh_ioreq.c ****   * @file    usbh_ioreq.c
   4:Middlewares/ST/STM32_USB_Host_Library/Core/Src/usbh_ioreq.c ****   * @author  MCD Application Team
   5:Middlewares/ST/STM32_USB_Host_Library/Core/Src/usbh_ioreq.c ****   * @brief   This file handles the issuing of the USB transactions
   6:Middlewares/ST/STM32_USB_Host_Library/Core/Src/usbh_ioreq.c ****   ******************************************************************************
   7:Middlewares/ST/STM32_USB_Host_Library/Core/Src/usbh_ioreq.c ****   * @attention
   8:Middlewares/ST/STM32_USB_Host_Library/Core/Src/usbh_ioreq.c ****   *
   9:Middlewares/ST/STM32_USB_Host_Library/Core/Src/usbh_ioreq.c ****   * Copyright (c) 2015 STMicroelectronics.
  10:Middlewares/ST/STM32_USB_Host_Library/Core/Src/usbh_ioreq.c ****   * All rights reserved.
  11:Middlewares/ST/STM32_USB_Host_Library/Core/Src/usbh_ioreq.c ****   *
  12:Middlewares/ST/STM32_USB_Host_Library/Core/Src/usbh_ioreq.c ****   * This software is licensed under terms that can be found in the LICENSE file
  13:Middlewares/ST/STM32_USB_Host_Library/Core/Src/usbh_ioreq.c ****   * in the root directory of this software component.
  14:Middlewares/ST/STM32_USB_Host_Library/Core/Src/usbh_ioreq.c ****   * If no LICENSE file comes with this software, it is provided AS-IS.
  15:Middlewares/ST/STM32_USB_Host_Library/Core/Src/usbh_ioreq.c ****   *
  16:Middlewares/ST/STM32_USB_Host_Library/Core/Src/usbh_ioreq.c ****   ******************************************************************************
  17:Middlewares/ST/STM32_USB_Host_Library/Core/Src/usbh_ioreq.c ****   */
  18:Middlewares/ST/STM32_USB_Host_Library/Core/Src/usbh_ioreq.c **** 
  19:Middlewares/ST/STM32_USB_Host_Library/Core/Src/usbh_ioreq.c **** /* Includes ------------------------------------------------------------------*/
  20:Middlewares/ST/STM32_USB_Host_Library/Core/Src/usbh_ioreq.c **** #include "usbh_ioreq.h"
  21:Middlewares/ST/STM32_USB_Host_Library/Core/Src/usbh_ioreq.c **** 
  22:Middlewares/ST/STM32_USB_Host_Library/Core/Src/usbh_ioreq.c **** /** @addtogroup USBH_LIB
  23:Middlewares/ST/STM32_USB_Host_Library/Core/Src/usbh_ioreq.c ****   * @{
  24:Middlewares/ST/STM32_USB_Host_Library/Core/Src/usbh_ioreq.c ****   */
  25:Middlewares/ST/STM32_USB_Host_Library/Core/Src/usbh_ioreq.c **** 
  26:Middlewares/ST/STM32_USB_Host_Library/Core/Src/usbh_ioreq.c **** /** @addtogroup USBH_LIB_CORE
  27:Middlewares/ST/STM32_USB_Host_Library/Core/Src/usbh_ioreq.c ****   * @{
  28:Middlewares/ST/STM32_USB_Host_Library/Core/Src/usbh_ioreq.c ****   */
  29:Middlewares/ST/STM32_USB_Host_Library/Core/Src/usbh_ioreq.c **** 
ARM GAS  /tmp/ccmRK85E.s 			page 2


  30:Middlewares/ST/STM32_USB_Host_Library/Core/Src/usbh_ioreq.c **** /** @defgroup USBH_IOREQ
  31:Middlewares/ST/STM32_USB_Host_Library/Core/Src/usbh_ioreq.c ****   * @brief This file handles the standard protocol processing (USB v2.0)
  32:Middlewares/ST/STM32_USB_Host_Library/Core/Src/usbh_ioreq.c ****   * @{
  33:Middlewares/ST/STM32_USB_Host_Library/Core/Src/usbh_ioreq.c ****   */
  34:Middlewares/ST/STM32_USB_Host_Library/Core/Src/usbh_ioreq.c **** 
  35:Middlewares/ST/STM32_USB_Host_Library/Core/Src/usbh_ioreq.c **** 
  36:Middlewares/ST/STM32_USB_Host_Library/Core/Src/usbh_ioreq.c **** /** @defgroup USBH_IOREQ_Private_Defines
  37:Middlewares/ST/STM32_USB_Host_Library/Core/Src/usbh_ioreq.c ****   * @{
  38:Middlewares/ST/STM32_USB_Host_Library/Core/Src/usbh_ioreq.c ****   */
  39:Middlewares/ST/STM32_USB_Host_Library/Core/Src/usbh_ioreq.c **** 
  40:Middlewares/ST/STM32_USB_Host_Library/Core/Src/usbh_ioreq.c **** /**
  41:Middlewares/ST/STM32_USB_Host_Library/Core/Src/usbh_ioreq.c ****   * @}
  42:Middlewares/ST/STM32_USB_Host_Library/Core/Src/usbh_ioreq.c ****   */
  43:Middlewares/ST/STM32_USB_Host_Library/Core/Src/usbh_ioreq.c **** 
  44:Middlewares/ST/STM32_USB_Host_Library/Core/Src/usbh_ioreq.c **** 
  45:Middlewares/ST/STM32_USB_Host_Library/Core/Src/usbh_ioreq.c **** /** @defgroup USBH_IOREQ_Private_TypesDefinitions
  46:Middlewares/ST/STM32_USB_Host_Library/Core/Src/usbh_ioreq.c ****   * @{
  47:Middlewares/ST/STM32_USB_Host_Library/Core/Src/usbh_ioreq.c ****   */
  48:Middlewares/ST/STM32_USB_Host_Library/Core/Src/usbh_ioreq.c **** /**
  49:Middlewares/ST/STM32_USB_Host_Library/Core/Src/usbh_ioreq.c ****   * @}
  50:Middlewares/ST/STM32_USB_Host_Library/Core/Src/usbh_ioreq.c ****   */
  51:Middlewares/ST/STM32_USB_Host_Library/Core/Src/usbh_ioreq.c **** 
  52:Middlewares/ST/STM32_USB_Host_Library/Core/Src/usbh_ioreq.c **** 
  53:Middlewares/ST/STM32_USB_Host_Library/Core/Src/usbh_ioreq.c **** 
  54:Middlewares/ST/STM32_USB_Host_Library/Core/Src/usbh_ioreq.c **** /** @defgroup USBH_IOREQ_Private_Macros
  55:Middlewares/ST/STM32_USB_Host_Library/Core/Src/usbh_ioreq.c ****   * @{
  56:Middlewares/ST/STM32_USB_Host_Library/Core/Src/usbh_ioreq.c ****   */
  57:Middlewares/ST/STM32_USB_Host_Library/Core/Src/usbh_ioreq.c **** /**
  58:Middlewares/ST/STM32_USB_Host_Library/Core/Src/usbh_ioreq.c ****   * @}
  59:Middlewares/ST/STM32_USB_Host_Library/Core/Src/usbh_ioreq.c ****   */
  60:Middlewares/ST/STM32_USB_Host_Library/Core/Src/usbh_ioreq.c **** 
  61:Middlewares/ST/STM32_USB_Host_Library/Core/Src/usbh_ioreq.c **** 
  62:Middlewares/ST/STM32_USB_Host_Library/Core/Src/usbh_ioreq.c **** /** @defgroup USBH_IOREQ_Private_Variables
  63:Middlewares/ST/STM32_USB_Host_Library/Core/Src/usbh_ioreq.c ****   * @{
  64:Middlewares/ST/STM32_USB_Host_Library/Core/Src/usbh_ioreq.c ****   */
  65:Middlewares/ST/STM32_USB_Host_Library/Core/Src/usbh_ioreq.c **** /**
  66:Middlewares/ST/STM32_USB_Host_Library/Core/Src/usbh_ioreq.c ****   * @}
  67:Middlewares/ST/STM32_USB_Host_Library/Core/Src/usbh_ioreq.c ****   */
  68:Middlewares/ST/STM32_USB_Host_Library/Core/Src/usbh_ioreq.c **** /** @defgroup USBH_IOREQ_Private_FunctionPrototypes
  69:Middlewares/ST/STM32_USB_Host_Library/Core/Src/usbh_ioreq.c ****   * @{
  70:Middlewares/ST/STM32_USB_Host_Library/Core/Src/usbh_ioreq.c ****   */
  71:Middlewares/ST/STM32_USB_Host_Library/Core/Src/usbh_ioreq.c **** 
  72:Middlewares/ST/STM32_USB_Host_Library/Core/Src/usbh_ioreq.c **** /**
  73:Middlewares/ST/STM32_USB_Host_Library/Core/Src/usbh_ioreq.c ****   * @}
  74:Middlewares/ST/STM32_USB_Host_Library/Core/Src/usbh_ioreq.c ****   */
  75:Middlewares/ST/STM32_USB_Host_Library/Core/Src/usbh_ioreq.c **** 
  76:Middlewares/ST/STM32_USB_Host_Library/Core/Src/usbh_ioreq.c **** 
  77:Middlewares/ST/STM32_USB_Host_Library/Core/Src/usbh_ioreq.c **** /** @defgroup USBH_IOREQ_Private_Functions
  78:Middlewares/ST/STM32_USB_Host_Library/Core/Src/usbh_ioreq.c ****   * @{
  79:Middlewares/ST/STM32_USB_Host_Library/Core/Src/usbh_ioreq.c ****   */
  80:Middlewares/ST/STM32_USB_Host_Library/Core/Src/usbh_ioreq.c **** 
  81:Middlewares/ST/STM32_USB_Host_Library/Core/Src/usbh_ioreq.c **** 
  82:Middlewares/ST/STM32_USB_Host_Library/Core/Src/usbh_ioreq.c **** 
  83:Middlewares/ST/STM32_USB_Host_Library/Core/Src/usbh_ioreq.c **** /**
  84:Middlewares/ST/STM32_USB_Host_Library/Core/Src/usbh_ioreq.c ****   * @brief  USBH_CtlSendSetup
  85:Middlewares/ST/STM32_USB_Host_Library/Core/Src/usbh_ioreq.c ****   *         Sends the Setup Packet to the Device
  86:Middlewares/ST/STM32_USB_Host_Library/Core/Src/usbh_ioreq.c ****   * @param  phost: Host Handle
ARM GAS  /tmp/ccmRK85E.s 			page 3


  87:Middlewares/ST/STM32_USB_Host_Library/Core/Src/usbh_ioreq.c ****   * @param  buff: Buffer pointer from which the Data will be send to Device
  88:Middlewares/ST/STM32_USB_Host_Library/Core/Src/usbh_ioreq.c ****   * @param  pipe_num: Pipe Number
  89:Middlewares/ST/STM32_USB_Host_Library/Core/Src/usbh_ioreq.c ****   * @retval USBH Status
  90:Middlewares/ST/STM32_USB_Host_Library/Core/Src/usbh_ioreq.c ****   */
  91:Middlewares/ST/STM32_USB_Host_Library/Core/Src/usbh_ioreq.c **** USBH_StatusTypeDef USBH_CtlSendSetup(USBH_HandleTypeDef *phost,
  92:Middlewares/ST/STM32_USB_Host_Library/Core/Src/usbh_ioreq.c ****                                      uint8_t *buff,
  93:Middlewares/ST/STM32_USB_Host_Library/Core/Src/usbh_ioreq.c ****                                      uint8_t pipe_num)
  94:Middlewares/ST/STM32_USB_Host_Library/Core/Src/usbh_ioreq.c **** {
  30              		.loc 1 94 1 view -0
  31              		.cfi_startproc
  32              		@ args = 0, pretend = 0, frame = 0
  33              		@ frame_needed = 0, uses_anonymous_args = 0
  34              		.loc 1 94 1 is_stmt 0 view .LVU1
  35 0000 10B5     		push	{r4, lr}
  36              	.LCFI0:
  37              		.cfi_def_cfa_offset 8
  38              		.cfi_offset 4, -8
  39              		.cfi_offset 14, -4
  40 0002 84B0     		sub	sp, sp, #16
  41              	.LCFI1:
  42              		.cfi_def_cfa_offset 24
  43 0004 0B46     		mov	r3, r1
  44 0006 1146     		mov	r1, r2
  45              	.LVL1:
  95:Middlewares/ST/STM32_USB_Host_Library/Core/Src/usbh_ioreq.c **** 
  96:Middlewares/ST/STM32_USB_Host_Library/Core/Src/usbh_ioreq.c ****   (void)USBH_LL_SubmitURB(phost,                /* Driver handle    */
  46              		.loc 1 96 3 is_stmt 1 view .LVU2
  47              		.loc 1 96 9 is_stmt 0 view .LVU3
  48 0008 0024     		movs	r4, #0
  49 000a 0394     		str	r4, [sp, #12]
  50 000c 0822     		movs	r2, #8
  51              	.LVL2:
  52              		.loc 1 96 9 view .LVU4
  53 000e 0292     		str	r2, [sp, #8]
  54 0010 0193     		str	r3, [sp, #4]
  55 0012 0094     		str	r4, [sp]
  56 0014 2346     		mov	r3, r4
  57              	.LVL3:
  58              		.loc 1 96 9 view .LVU5
  59 0016 2246     		mov	r2, r4
  60 0018 FFF7FEFF 		bl	USBH_LL_SubmitURB
  61              	.LVL4:
  97:Middlewares/ST/STM32_USB_Host_Library/Core/Src/usbh_ioreq.c ****                           pipe_num,             /* Pipe index       */
  98:Middlewares/ST/STM32_USB_Host_Library/Core/Src/usbh_ioreq.c ****                           0U,                   /* Direction : OUT  */
  99:Middlewares/ST/STM32_USB_Host_Library/Core/Src/usbh_ioreq.c ****                           USBH_EP_CONTROL,      /* EP type          */
 100:Middlewares/ST/STM32_USB_Host_Library/Core/Src/usbh_ioreq.c ****                           USBH_PID_SETUP,       /* Type setup       */
 101:Middlewares/ST/STM32_USB_Host_Library/Core/Src/usbh_ioreq.c ****                           buff,                 /* data buffer      */
 102:Middlewares/ST/STM32_USB_Host_Library/Core/Src/usbh_ioreq.c ****                           USBH_SETUP_PKT_SIZE,  /* data length      */
 103:Middlewares/ST/STM32_USB_Host_Library/Core/Src/usbh_ioreq.c ****                           0U);
 104:Middlewares/ST/STM32_USB_Host_Library/Core/Src/usbh_ioreq.c ****   return USBH_OK;
  62              		.loc 1 104 3 is_stmt 1 view .LVU6
 105:Middlewares/ST/STM32_USB_Host_Library/Core/Src/usbh_ioreq.c **** }
  63              		.loc 1 105 1 is_stmt 0 view .LVU7
  64 001c 2046     		mov	r0, r4
  65 001e 04B0     		add	sp, sp, #16
  66              	.LCFI2:
  67              		.cfi_def_cfa_offset 8
ARM GAS  /tmp/ccmRK85E.s 			page 4


  68              		@ sp needed
  69 0020 10BD     		pop	{r4, pc}
  70              		.cfi_endproc
  71              	.LFE137:
  73              		.section	.text.USBH_CtlSendData,"ax",%progbits
  74              		.align	1
  75              		.global	USBH_CtlSendData
  76              		.syntax unified
  77              		.thumb
  78              		.thumb_func
  80              	USBH_CtlSendData:
  81              	.LVL5:
  82              	.LFB138:
 106:Middlewares/ST/STM32_USB_Host_Library/Core/Src/usbh_ioreq.c **** 
 107:Middlewares/ST/STM32_USB_Host_Library/Core/Src/usbh_ioreq.c **** 
 108:Middlewares/ST/STM32_USB_Host_Library/Core/Src/usbh_ioreq.c **** /**
 109:Middlewares/ST/STM32_USB_Host_Library/Core/Src/usbh_ioreq.c ****   * @brief  USBH_CtlSendData
 110:Middlewares/ST/STM32_USB_Host_Library/Core/Src/usbh_ioreq.c ****   *         Sends a data Packet to the Device
 111:Middlewares/ST/STM32_USB_Host_Library/Core/Src/usbh_ioreq.c ****   * @param  phost: Host Handle
 112:Middlewares/ST/STM32_USB_Host_Library/Core/Src/usbh_ioreq.c ****   * @param  buff: Buffer pointer from which the Data will be sent to Device
 113:Middlewares/ST/STM32_USB_Host_Library/Core/Src/usbh_ioreq.c ****   * @param  length: Length of the data to be sent
 114:Middlewares/ST/STM32_USB_Host_Library/Core/Src/usbh_ioreq.c ****   * @param  pipe_num: Pipe Number
 115:Middlewares/ST/STM32_USB_Host_Library/Core/Src/usbh_ioreq.c ****   * @retval USBH Status
 116:Middlewares/ST/STM32_USB_Host_Library/Core/Src/usbh_ioreq.c ****   */
 117:Middlewares/ST/STM32_USB_Host_Library/Core/Src/usbh_ioreq.c **** USBH_StatusTypeDef USBH_CtlSendData(USBH_HandleTypeDef *phost,
 118:Middlewares/ST/STM32_USB_Host_Library/Core/Src/usbh_ioreq.c ****                                     uint8_t *buff,
 119:Middlewares/ST/STM32_USB_Host_Library/Core/Src/usbh_ioreq.c ****                                     uint16_t length,
 120:Middlewares/ST/STM32_USB_Host_Library/Core/Src/usbh_ioreq.c ****                                     uint8_t pipe_num,
 121:Middlewares/ST/STM32_USB_Host_Library/Core/Src/usbh_ioreq.c ****                                     uint8_t do_ping)
 122:Middlewares/ST/STM32_USB_Host_Library/Core/Src/usbh_ioreq.c **** {
  83              		.loc 1 122 1 is_stmt 1 view -0
  84              		.cfi_startproc
  85              		@ args = 4, pretend = 0, frame = 0
  86              		@ frame_needed = 0, uses_anonymous_args = 0
  87              		.loc 1 122 1 is_stmt 0 view .LVU9
  88 0000 00B5     		push	{lr}
  89              	.LCFI3:
  90              		.cfi_def_cfa_offset 4
  91              		.cfi_offset 14, -4
  92 0002 85B0     		sub	sp, sp, #20
  93              	.LCFI4:
  94              		.cfi_def_cfa_offset 24
  95 0004 8C46     		mov	ip, r1
  96 0006 1946     		mov	r1, r3
  97              	.LVL6:
  98              		.loc 1 122 1 view .LVU10
  99 0008 9DF81830 		ldrb	r3, [sp, #24]	@ zero_extendqisi2
 100              	.LVL7:
 123:Middlewares/ST/STM32_USB_Host_Library/Core/Src/usbh_ioreq.c ****   if (phost->device.speed != USBH_SPEED_HIGH)
 101              		.loc 1 123 3 is_stmt 1 view .LVU11
 102              		.loc 1 123 20 is_stmt 0 view .LVU12
 103 000c 90F81DE3 		ldrb	lr, [r0, #797]	@ zero_extendqisi2
 104              		.loc 1 123 6 view .LVU13
 105 0010 BEF1000F 		cmp	lr, #0
 106 0014 00D0     		beq	.L4
 124:Middlewares/ST/STM32_USB_Host_Library/Core/Src/usbh_ioreq.c ****   {
 125:Middlewares/ST/STM32_USB_Host_Library/Core/Src/usbh_ioreq.c ****     do_ping = 0U;
ARM GAS  /tmp/ccmRK85E.s 			page 5


 107              		.loc 1 125 13 view .LVU14
 108 0016 0023     		movs	r3, #0
 109              	.L4:
 110              	.LVL8:
 126:Middlewares/ST/STM32_USB_Host_Library/Core/Src/usbh_ioreq.c ****   }
 127:Middlewares/ST/STM32_USB_Host_Library/Core/Src/usbh_ioreq.c **** 
 128:Middlewares/ST/STM32_USB_Host_Library/Core/Src/usbh_ioreq.c ****   (void)USBH_LL_SubmitURB(phost,                /* Driver handle    */
 111              		.loc 1 128 3 is_stmt 1 view .LVU15
 112              		.loc 1 128 9 is_stmt 0 view .LVU16
 113 0018 0393     		str	r3, [sp, #12]
 114 001a 0292     		str	r2, [sp, #8]
 115 001c CDF804C0 		str	ip, [sp, #4]
 116 0020 0123     		movs	r3, #1
 117              	.LVL9:
 118              		.loc 1 128 9 view .LVU17
 119 0022 0093     		str	r3, [sp]
 120 0024 0023     		movs	r3, #0
 121 0026 1A46     		mov	r2, r3
 122              	.LVL10:
 123              		.loc 1 128 9 view .LVU18
 124 0028 FFF7FEFF 		bl	USBH_LL_SubmitURB
 125              	.LVL11:
 129:Middlewares/ST/STM32_USB_Host_Library/Core/Src/usbh_ioreq.c ****                           pipe_num,             /* Pipe index       */
 130:Middlewares/ST/STM32_USB_Host_Library/Core/Src/usbh_ioreq.c ****                           0U,                   /* Direction : OUT  */
 131:Middlewares/ST/STM32_USB_Host_Library/Core/Src/usbh_ioreq.c ****                           USBH_EP_CONTROL,      /* EP type          */
 132:Middlewares/ST/STM32_USB_Host_Library/Core/Src/usbh_ioreq.c ****                           USBH_PID_DATA,        /* Type Data        */
 133:Middlewares/ST/STM32_USB_Host_Library/Core/Src/usbh_ioreq.c ****                           buff,                 /* data buffer      */
 134:Middlewares/ST/STM32_USB_Host_Library/Core/Src/usbh_ioreq.c ****                           length,               /* data length      */
 135:Middlewares/ST/STM32_USB_Host_Library/Core/Src/usbh_ioreq.c ****                           do_ping);             /* do ping (HS Only)*/
 136:Middlewares/ST/STM32_USB_Host_Library/Core/Src/usbh_ioreq.c **** 
 137:Middlewares/ST/STM32_USB_Host_Library/Core/Src/usbh_ioreq.c ****   return USBH_OK;
 126              		.loc 1 137 3 is_stmt 1 view .LVU19
 138:Middlewares/ST/STM32_USB_Host_Library/Core/Src/usbh_ioreq.c **** }
 127              		.loc 1 138 1 is_stmt 0 view .LVU20
 128 002c 0020     		movs	r0, #0
 129 002e 05B0     		add	sp, sp, #20
 130              	.LCFI5:
 131              		.cfi_def_cfa_offset 4
 132              		@ sp needed
 133 0030 00BD     		pop	{pc}
 134              		.cfi_endproc
 135              	.LFE138:
 137              		.section	.text.USBH_CtlReceiveData,"ax",%progbits
 138              		.align	1
 139              		.global	USBH_CtlReceiveData
 140              		.syntax unified
 141              		.thumb
 142              		.thumb_func
 144              	USBH_CtlReceiveData:
 145              	.LVL12:
 146              	.LFB139:
 139:Middlewares/ST/STM32_USB_Host_Library/Core/Src/usbh_ioreq.c **** 
 140:Middlewares/ST/STM32_USB_Host_Library/Core/Src/usbh_ioreq.c **** 
 141:Middlewares/ST/STM32_USB_Host_Library/Core/Src/usbh_ioreq.c **** /**
 142:Middlewares/ST/STM32_USB_Host_Library/Core/Src/usbh_ioreq.c ****   * @brief  USBH_CtlReceiveData
 143:Middlewares/ST/STM32_USB_Host_Library/Core/Src/usbh_ioreq.c ****   *         Receives the Device Response to the Setup Packet
 144:Middlewares/ST/STM32_USB_Host_Library/Core/Src/usbh_ioreq.c ****   * @param  phost: Host Handle
ARM GAS  /tmp/ccmRK85E.s 			page 6


 145:Middlewares/ST/STM32_USB_Host_Library/Core/Src/usbh_ioreq.c ****   * @param  buff: Buffer pointer in which the response needs to be copied
 146:Middlewares/ST/STM32_USB_Host_Library/Core/Src/usbh_ioreq.c ****   * @param  length: Length of the data to be received
 147:Middlewares/ST/STM32_USB_Host_Library/Core/Src/usbh_ioreq.c ****   * @param  pipe_num: Pipe Number
 148:Middlewares/ST/STM32_USB_Host_Library/Core/Src/usbh_ioreq.c ****   * @retval USBH Status.
 149:Middlewares/ST/STM32_USB_Host_Library/Core/Src/usbh_ioreq.c ****   */
 150:Middlewares/ST/STM32_USB_Host_Library/Core/Src/usbh_ioreq.c **** USBH_StatusTypeDef USBH_CtlReceiveData(USBH_HandleTypeDef *phost,
 151:Middlewares/ST/STM32_USB_Host_Library/Core/Src/usbh_ioreq.c ****                                        uint8_t *buff,
 152:Middlewares/ST/STM32_USB_Host_Library/Core/Src/usbh_ioreq.c ****                                        uint16_t length,
 153:Middlewares/ST/STM32_USB_Host_Library/Core/Src/usbh_ioreq.c ****                                        uint8_t pipe_num)
 154:Middlewares/ST/STM32_USB_Host_Library/Core/Src/usbh_ioreq.c **** {
 147              		.loc 1 154 1 is_stmt 1 view -0
 148              		.cfi_startproc
 149              		@ args = 0, pretend = 0, frame = 0
 150              		@ frame_needed = 0, uses_anonymous_args = 0
 151              		.loc 1 154 1 is_stmt 0 view .LVU22
 152 0000 10B5     		push	{r4, lr}
 153              	.LCFI6:
 154              		.cfi_def_cfa_offset 8
 155              		.cfi_offset 4, -8
 156              		.cfi_offset 14, -4
 157 0002 84B0     		sub	sp, sp, #16
 158              	.LCFI7:
 159              		.cfi_def_cfa_offset 24
 160 0004 8C46     		mov	ip, r1
 161 0006 1946     		mov	r1, r3
 162              	.LVL13:
 155:Middlewares/ST/STM32_USB_Host_Library/Core/Src/usbh_ioreq.c ****   (void)USBH_LL_SubmitURB(phost,                /* Driver handle    */
 163              		.loc 1 155 3 is_stmt 1 view .LVU23
 164              		.loc 1 155 9 is_stmt 0 view .LVU24
 165 0008 0024     		movs	r4, #0
 166 000a 0394     		str	r4, [sp, #12]
 167 000c 0292     		str	r2, [sp, #8]
 168 000e CDF804C0 		str	ip, [sp, #4]
 169 0012 0122     		movs	r2, #1
 170              	.LVL14:
 171              		.loc 1 155 9 view .LVU25
 172 0014 0092     		str	r2, [sp]
 173 0016 2346     		mov	r3, r4
 174              	.LVL15:
 175              		.loc 1 155 9 view .LVU26
 176 0018 FFF7FEFF 		bl	USBH_LL_SubmitURB
 177              	.LVL16:
 156:Middlewares/ST/STM32_USB_Host_Library/Core/Src/usbh_ioreq.c ****                           pipe_num,             /* Pipe index       */
 157:Middlewares/ST/STM32_USB_Host_Library/Core/Src/usbh_ioreq.c ****                           1U,                   /* Direction : IN   */
 158:Middlewares/ST/STM32_USB_Host_Library/Core/Src/usbh_ioreq.c ****                           USBH_EP_CONTROL,      /* EP type          */
 159:Middlewares/ST/STM32_USB_Host_Library/Core/Src/usbh_ioreq.c ****                           USBH_PID_DATA,        /* Type Data        */
 160:Middlewares/ST/STM32_USB_Host_Library/Core/Src/usbh_ioreq.c ****                           buff,                 /* data buffer      */
 161:Middlewares/ST/STM32_USB_Host_Library/Core/Src/usbh_ioreq.c ****                           length,               /* data length      */
 162:Middlewares/ST/STM32_USB_Host_Library/Core/Src/usbh_ioreq.c ****                           0U);
 163:Middlewares/ST/STM32_USB_Host_Library/Core/Src/usbh_ioreq.c ****   return USBH_OK;
 178              		.loc 1 163 3 is_stmt 1 view .LVU27
 164:Middlewares/ST/STM32_USB_Host_Library/Core/Src/usbh_ioreq.c **** 
 165:Middlewares/ST/STM32_USB_Host_Library/Core/Src/usbh_ioreq.c **** }
 179              		.loc 1 165 1 is_stmt 0 view .LVU28
 180 001c 2046     		mov	r0, r4
 181 001e 04B0     		add	sp, sp, #16
 182              	.LCFI8:
ARM GAS  /tmp/ccmRK85E.s 			page 7


 183              		.cfi_def_cfa_offset 8
 184              		@ sp needed
 185 0020 10BD     		pop	{r4, pc}
 186              		.cfi_endproc
 187              	.LFE139:
 189              		.section	.text.USBH_BulkSendData,"ax",%progbits
 190              		.align	1
 191              		.global	USBH_BulkSendData
 192              		.syntax unified
 193              		.thumb
 194              		.thumb_func
 196              	USBH_BulkSendData:
 197              	.LVL17:
 198              	.LFB140:
 166:Middlewares/ST/STM32_USB_Host_Library/Core/Src/usbh_ioreq.c **** 
 167:Middlewares/ST/STM32_USB_Host_Library/Core/Src/usbh_ioreq.c **** 
 168:Middlewares/ST/STM32_USB_Host_Library/Core/Src/usbh_ioreq.c **** /**
 169:Middlewares/ST/STM32_USB_Host_Library/Core/Src/usbh_ioreq.c ****   * @brief  USBH_BulkSendData
 170:Middlewares/ST/STM32_USB_Host_Library/Core/Src/usbh_ioreq.c ****   *         Sends the Bulk Packet to the device
 171:Middlewares/ST/STM32_USB_Host_Library/Core/Src/usbh_ioreq.c ****   * @param  phost: Host Handle
 172:Middlewares/ST/STM32_USB_Host_Library/Core/Src/usbh_ioreq.c ****   * @param  buff: Buffer pointer from which the Data will be sent to Device
 173:Middlewares/ST/STM32_USB_Host_Library/Core/Src/usbh_ioreq.c ****   * @param  length: Length of the data to be sent
 174:Middlewares/ST/STM32_USB_Host_Library/Core/Src/usbh_ioreq.c ****   * @param  pipe_num: Pipe Number
 175:Middlewares/ST/STM32_USB_Host_Library/Core/Src/usbh_ioreq.c ****   * @retval USBH Status
 176:Middlewares/ST/STM32_USB_Host_Library/Core/Src/usbh_ioreq.c ****   */
 177:Middlewares/ST/STM32_USB_Host_Library/Core/Src/usbh_ioreq.c **** USBH_StatusTypeDef USBH_BulkSendData(USBH_HandleTypeDef *phost,
 178:Middlewares/ST/STM32_USB_Host_Library/Core/Src/usbh_ioreq.c ****                                      uint8_t *buff,
 179:Middlewares/ST/STM32_USB_Host_Library/Core/Src/usbh_ioreq.c ****                                      uint16_t length,
 180:Middlewares/ST/STM32_USB_Host_Library/Core/Src/usbh_ioreq.c ****                                      uint8_t pipe_num,
 181:Middlewares/ST/STM32_USB_Host_Library/Core/Src/usbh_ioreq.c ****                                      uint8_t do_ping)
 182:Middlewares/ST/STM32_USB_Host_Library/Core/Src/usbh_ioreq.c **** {
 199              		.loc 1 182 1 is_stmt 1 view -0
 200              		.cfi_startproc
 201              		@ args = 4, pretend = 0, frame = 0
 202              		@ frame_needed = 0, uses_anonymous_args = 0
 203              		.loc 1 182 1 is_stmt 0 view .LVU30
 204 0000 00B5     		push	{lr}
 205              	.LCFI9:
 206              		.cfi_def_cfa_offset 4
 207              		.cfi_offset 14, -4
 208 0002 85B0     		sub	sp, sp, #20
 209              	.LCFI10:
 210              		.cfi_def_cfa_offset 24
 211 0004 8C46     		mov	ip, r1
 212 0006 1946     		mov	r1, r3
 213              	.LVL18:
 214              		.loc 1 182 1 view .LVU31
 215 0008 9DF81830 		ldrb	r3, [sp, #24]	@ zero_extendqisi2
 216              	.LVL19:
 183:Middlewares/ST/STM32_USB_Host_Library/Core/Src/usbh_ioreq.c ****   if (phost->device.speed != USBH_SPEED_HIGH)
 217              		.loc 1 183 3 is_stmt 1 view .LVU32
 218              		.loc 1 183 20 is_stmt 0 view .LVU33
 219 000c 90F81DE3 		ldrb	lr, [r0, #797]	@ zero_extendqisi2
 220              		.loc 1 183 6 view .LVU34
 221 0010 BEF1000F 		cmp	lr, #0
 222 0014 00D0     		beq	.L10
 184:Middlewares/ST/STM32_USB_Host_Library/Core/Src/usbh_ioreq.c ****   {
ARM GAS  /tmp/ccmRK85E.s 			page 8


 185:Middlewares/ST/STM32_USB_Host_Library/Core/Src/usbh_ioreq.c ****     do_ping = 0U;
 223              		.loc 1 185 13 view .LVU35
 224 0016 0023     		movs	r3, #0
 225              	.L10:
 226              	.LVL20:
 186:Middlewares/ST/STM32_USB_Host_Library/Core/Src/usbh_ioreq.c ****   }
 187:Middlewares/ST/STM32_USB_Host_Library/Core/Src/usbh_ioreq.c **** 
 188:Middlewares/ST/STM32_USB_Host_Library/Core/Src/usbh_ioreq.c ****   (void)USBH_LL_SubmitURB(phost,                /* Driver handle    */
 227              		.loc 1 188 3 is_stmt 1 view .LVU36
 228              		.loc 1 188 9 is_stmt 0 view .LVU37
 229 0018 0393     		str	r3, [sp, #12]
 230 001a 0292     		str	r2, [sp, #8]
 231 001c CDF804C0 		str	ip, [sp, #4]
 232 0020 0123     		movs	r3, #1
 233              	.LVL21:
 234              		.loc 1 188 9 view .LVU38
 235 0022 0093     		str	r3, [sp]
 236 0024 0223     		movs	r3, #2
 237 0026 0022     		movs	r2, #0
 238              	.LVL22:
 239              		.loc 1 188 9 view .LVU39
 240 0028 FFF7FEFF 		bl	USBH_LL_SubmitURB
 241              	.LVL23:
 189:Middlewares/ST/STM32_USB_Host_Library/Core/Src/usbh_ioreq.c ****                           pipe_num,             /* Pipe index       */
 190:Middlewares/ST/STM32_USB_Host_Library/Core/Src/usbh_ioreq.c ****                           0U,                   /* Direction : IN   */
 191:Middlewares/ST/STM32_USB_Host_Library/Core/Src/usbh_ioreq.c ****                           USBH_EP_BULK,         /* EP type          */
 192:Middlewares/ST/STM32_USB_Host_Library/Core/Src/usbh_ioreq.c ****                           USBH_PID_DATA,        /* Type Data        */
 193:Middlewares/ST/STM32_USB_Host_Library/Core/Src/usbh_ioreq.c ****                           buff,                 /* data buffer      */
 194:Middlewares/ST/STM32_USB_Host_Library/Core/Src/usbh_ioreq.c ****                           length,               /* data length      */
 195:Middlewares/ST/STM32_USB_Host_Library/Core/Src/usbh_ioreq.c ****                           do_ping);             /* do ping (HS Only)*/
 196:Middlewares/ST/STM32_USB_Host_Library/Core/Src/usbh_ioreq.c ****   return USBH_OK;
 242              		.loc 1 196 3 is_stmt 1 view .LVU40
 197:Middlewares/ST/STM32_USB_Host_Library/Core/Src/usbh_ioreq.c **** }
 243              		.loc 1 197 1 is_stmt 0 view .LVU41
 244 002c 0020     		movs	r0, #0
 245 002e 05B0     		add	sp, sp, #20
 246              	.LCFI11:
 247              		.cfi_def_cfa_offset 4
 248              		@ sp needed
 249 0030 00BD     		pop	{pc}
 250              		.cfi_endproc
 251              	.LFE140:
 253              		.section	.text.USBH_BulkReceiveData,"ax",%progbits
 254              		.align	1
 255              		.global	USBH_BulkReceiveData
 256              		.syntax unified
 257              		.thumb
 258              		.thumb_func
 260              	USBH_BulkReceiveData:
 261              	.LVL24:
 262              	.LFB141:
 198:Middlewares/ST/STM32_USB_Host_Library/Core/Src/usbh_ioreq.c **** 
 199:Middlewares/ST/STM32_USB_Host_Library/Core/Src/usbh_ioreq.c **** 
 200:Middlewares/ST/STM32_USB_Host_Library/Core/Src/usbh_ioreq.c **** /**
 201:Middlewares/ST/STM32_USB_Host_Library/Core/Src/usbh_ioreq.c ****   * @brief  USBH_BulkReceiveData
 202:Middlewares/ST/STM32_USB_Host_Library/Core/Src/usbh_ioreq.c ****   *         Receives IN bulk packet from device
 203:Middlewares/ST/STM32_USB_Host_Library/Core/Src/usbh_ioreq.c ****   * @param  phost: Host Handle
ARM GAS  /tmp/ccmRK85E.s 			page 9


 204:Middlewares/ST/STM32_USB_Host_Library/Core/Src/usbh_ioreq.c ****   * @param  buff: Buffer pointer in which the received data packet to be copied
 205:Middlewares/ST/STM32_USB_Host_Library/Core/Src/usbh_ioreq.c ****   * @param  length: Length of the data to be received
 206:Middlewares/ST/STM32_USB_Host_Library/Core/Src/usbh_ioreq.c ****   * @param  pipe_num: Pipe Number
 207:Middlewares/ST/STM32_USB_Host_Library/Core/Src/usbh_ioreq.c ****   * @retval USBH Status.
 208:Middlewares/ST/STM32_USB_Host_Library/Core/Src/usbh_ioreq.c ****   */
 209:Middlewares/ST/STM32_USB_Host_Library/Core/Src/usbh_ioreq.c **** USBH_StatusTypeDef USBH_BulkReceiveData(USBH_HandleTypeDef *phost,
 210:Middlewares/ST/STM32_USB_Host_Library/Core/Src/usbh_ioreq.c ****                                         uint8_t *buff,
 211:Middlewares/ST/STM32_USB_Host_Library/Core/Src/usbh_ioreq.c ****                                         uint16_t length,
 212:Middlewares/ST/STM32_USB_Host_Library/Core/Src/usbh_ioreq.c ****                                         uint8_t pipe_num)
 213:Middlewares/ST/STM32_USB_Host_Library/Core/Src/usbh_ioreq.c **** {
 263              		.loc 1 213 1 is_stmt 1 view -0
 264              		.cfi_startproc
 265              		@ args = 0, pretend = 0, frame = 0
 266              		@ frame_needed = 0, uses_anonymous_args = 0
 267              		.loc 1 213 1 is_stmt 0 view .LVU43
 268 0000 10B5     		push	{r4, lr}
 269              	.LCFI12:
 270              		.cfi_def_cfa_offset 8
 271              		.cfi_offset 4, -8
 272              		.cfi_offset 14, -4
 273 0002 84B0     		sub	sp, sp, #16
 274              	.LCFI13:
 275              		.cfi_def_cfa_offset 24
 276 0004 8C46     		mov	ip, r1
 277 0006 1946     		mov	r1, r3
 278              	.LVL25:
 214:Middlewares/ST/STM32_USB_Host_Library/Core/Src/usbh_ioreq.c ****   (void)USBH_LL_SubmitURB(phost,                /* Driver handle    */
 279              		.loc 1 214 3 is_stmt 1 view .LVU44
 280              		.loc 1 214 9 is_stmt 0 view .LVU45
 281 0008 0024     		movs	r4, #0
 282 000a 0394     		str	r4, [sp, #12]
 283 000c 0292     		str	r2, [sp, #8]
 284 000e CDF804C0 		str	ip, [sp, #4]
 285 0012 0122     		movs	r2, #1
 286              	.LVL26:
 287              		.loc 1 214 9 view .LVU46
 288 0014 0092     		str	r2, [sp]
 289 0016 0223     		movs	r3, #2
 290              	.LVL27:
 291              		.loc 1 214 9 view .LVU47
 292 0018 FFF7FEFF 		bl	USBH_LL_SubmitURB
 293              	.LVL28:
 215:Middlewares/ST/STM32_USB_Host_Library/Core/Src/usbh_ioreq.c ****                           pipe_num,             /* Pipe index       */
 216:Middlewares/ST/STM32_USB_Host_Library/Core/Src/usbh_ioreq.c ****                           1U,                   /* Direction : IN   */
 217:Middlewares/ST/STM32_USB_Host_Library/Core/Src/usbh_ioreq.c ****                           USBH_EP_BULK,         /* EP type          */
 218:Middlewares/ST/STM32_USB_Host_Library/Core/Src/usbh_ioreq.c ****                           USBH_PID_DATA,        /* Type Data        */
 219:Middlewares/ST/STM32_USB_Host_Library/Core/Src/usbh_ioreq.c ****                           buff,                 /* data buffer      */
 220:Middlewares/ST/STM32_USB_Host_Library/Core/Src/usbh_ioreq.c ****                           length,               /* data length      */
 221:Middlewares/ST/STM32_USB_Host_Library/Core/Src/usbh_ioreq.c ****                           0U);
 222:Middlewares/ST/STM32_USB_Host_Library/Core/Src/usbh_ioreq.c ****   return USBH_OK;
 294              		.loc 1 222 3 is_stmt 1 view .LVU48
 223:Middlewares/ST/STM32_USB_Host_Library/Core/Src/usbh_ioreq.c **** }
 295              		.loc 1 223 1 is_stmt 0 view .LVU49
 296 001c 2046     		mov	r0, r4
 297 001e 04B0     		add	sp, sp, #16
 298              	.LCFI14:
 299              		.cfi_def_cfa_offset 8
ARM GAS  /tmp/ccmRK85E.s 			page 10


 300              		@ sp needed
 301 0020 10BD     		pop	{r4, pc}
 302              		.cfi_endproc
 303              	.LFE141:
 305              		.section	.text.USBH_InterruptReceiveData,"ax",%progbits
 306              		.align	1
 307              		.global	USBH_InterruptReceiveData
 308              		.syntax unified
 309              		.thumb
 310              		.thumb_func
 312              	USBH_InterruptReceiveData:
 313              	.LVL29:
 314              	.LFB142:
 224:Middlewares/ST/STM32_USB_Host_Library/Core/Src/usbh_ioreq.c **** 
 225:Middlewares/ST/STM32_USB_Host_Library/Core/Src/usbh_ioreq.c **** 
 226:Middlewares/ST/STM32_USB_Host_Library/Core/Src/usbh_ioreq.c **** /**
 227:Middlewares/ST/STM32_USB_Host_Library/Core/Src/usbh_ioreq.c ****   * @brief  USBH_InterruptReceiveData
 228:Middlewares/ST/STM32_USB_Host_Library/Core/Src/usbh_ioreq.c ****   *         Receives the Device Response to the Interrupt IN token
 229:Middlewares/ST/STM32_USB_Host_Library/Core/Src/usbh_ioreq.c ****   * @param  phost: Host Handle
 230:Middlewares/ST/STM32_USB_Host_Library/Core/Src/usbh_ioreq.c ****   * @param  buff: Buffer pointer in which the response needs to be copied
 231:Middlewares/ST/STM32_USB_Host_Library/Core/Src/usbh_ioreq.c ****   * @param  length: Length of the data to be received
 232:Middlewares/ST/STM32_USB_Host_Library/Core/Src/usbh_ioreq.c ****   * @param  pipe_num: Pipe Number
 233:Middlewares/ST/STM32_USB_Host_Library/Core/Src/usbh_ioreq.c ****   * @retval USBH Status.
 234:Middlewares/ST/STM32_USB_Host_Library/Core/Src/usbh_ioreq.c ****   */
 235:Middlewares/ST/STM32_USB_Host_Library/Core/Src/usbh_ioreq.c **** USBH_StatusTypeDef USBH_InterruptReceiveData(USBH_HandleTypeDef *phost,
 236:Middlewares/ST/STM32_USB_Host_Library/Core/Src/usbh_ioreq.c ****                                              uint8_t *buff,
 237:Middlewares/ST/STM32_USB_Host_Library/Core/Src/usbh_ioreq.c ****                                              uint8_t length,
 238:Middlewares/ST/STM32_USB_Host_Library/Core/Src/usbh_ioreq.c ****                                              uint8_t pipe_num)
 239:Middlewares/ST/STM32_USB_Host_Library/Core/Src/usbh_ioreq.c **** {
 315              		.loc 1 239 1 is_stmt 1 view -0
 316              		.cfi_startproc
 317              		@ args = 0, pretend = 0, frame = 0
 318              		@ frame_needed = 0, uses_anonymous_args = 0
 319              		.loc 1 239 1 is_stmt 0 view .LVU51
 320 0000 10B5     		push	{r4, lr}
 321              	.LCFI15:
 322              		.cfi_def_cfa_offset 8
 323              		.cfi_offset 4, -8
 324              		.cfi_offset 14, -4
 325 0002 84B0     		sub	sp, sp, #16
 326              	.LCFI16:
 327              		.cfi_def_cfa_offset 24
 328 0004 8C46     		mov	ip, r1
 329 0006 1946     		mov	r1, r3
 330              	.LVL30:
 240:Middlewares/ST/STM32_USB_Host_Library/Core/Src/usbh_ioreq.c ****   (void)USBH_LL_SubmitURB(phost,                /* Driver handle    */
 331              		.loc 1 240 3 is_stmt 1 view .LVU52
 332              		.loc 1 240 9 is_stmt 0 view .LVU53
 333 0008 0024     		movs	r4, #0
 334 000a 0394     		str	r4, [sp, #12]
 335 000c 0292     		str	r2, [sp, #8]
 336 000e CDF804C0 		str	ip, [sp, #4]
 337 0012 0122     		movs	r2, #1
 338              	.LVL31:
 339              		.loc 1 240 9 view .LVU54
 340 0014 0092     		str	r2, [sp]
 341 0016 0323     		movs	r3, #3
ARM GAS  /tmp/ccmRK85E.s 			page 11


 342              	.LVL32:
 343              		.loc 1 240 9 view .LVU55
 344 0018 FFF7FEFF 		bl	USBH_LL_SubmitURB
 345              	.LVL33:
 241:Middlewares/ST/STM32_USB_Host_Library/Core/Src/usbh_ioreq.c ****                           pipe_num,             /* Pipe index       */
 242:Middlewares/ST/STM32_USB_Host_Library/Core/Src/usbh_ioreq.c ****                           1U,                   /* Direction : IN   */
 243:Middlewares/ST/STM32_USB_Host_Library/Core/Src/usbh_ioreq.c ****                           USBH_EP_INTERRUPT,    /* EP type          */
 244:Middlewares/ST/STM32_USB_Host_Library/Core/Src/usbh_ioreq.c ****                           USBH_PID_DATA,        /* Type Data        */
 245:Middlewares/ST/STM32_USB_Host_Library/Core/Src/usbh_ioreq.c ****                           buff,                 /* data buffer      */
 246:Middlewares/ST/STM32_USB_Host_Library/Core/Src/usbh_ioreq.c ****                           (uint16_t)length,     /* data length      */
 247:Middlewares/ST/STM32_USB_Host_Library/Core/Src/usbh_ioreq.c ****                           0U);
 248:Middlewares/ST/STM32_USB_Host_Library/Core/Src/usbh_ioreq.c **** 
 249:Middlewares/ST/STM32_USB_Host_Library/Core/Src/usbh_ioreq.c ****   return USBH_OK;
 346              		.loc 1 249 3 is_stmt 1 view .LVU56
 250:Middlewares/ST/STM32_USB_Host_Library/Core/Src/usbh_ioreq.c **** }
 347              		.loc 1 250 1 is_stmt 0 view .LVU57
 348 001c 2046     		mov	r0, r4
 349 001e 04B0     		add	sp, sp, #16
 350              	.LCFI17:
 351              		.cfi_def_cfa_offset 8
 352              		@ sp needed
 353 0020 10BD     		pop	{r4, pc}
 354              		.cfi_endproc
 355              	.LFE142:
 357              		.section	.text.USBH_InterruptSendData,"ax",%progbits
 358              		.align	1
 359              		.global	USBH_InterruptSendData
 360              		.syntax unified
 361              		.thumb
 362              		.thumb_func
 364              	USBH_InterruptSendData:
 365              	.LVL34:
 366              	.LFB143:
 251:Middlewares/ST/STM32_USB_Host_Library/Core/Src/usbh_ioreq.c **** 
 252:Middlewares/ST/STM32_USB_Host_Library/Core/Src/usbh_ioreq.c **** /**
 253:Middlewares/ST/STM32_USB_Host_Library/Core/Src/usbh_ioreq.c ****   * @brief  USBH_InterruptSendData
 254:Middlewares/ST/STM32_USB_Host_Library/Core/Src/usbh_ioreq.c ****   *         Sends the data on Interrupt OUT Endpoint
 255:Middlewares/ST/STM32_USB_Host_Library/Core/Src/usbh_ioreq.c ****   * @param  phost: Host Handle
 256:Middlewares/ST/STM32_USB_Host_Library/Core/Src/usbh_ioreq.c ****   * @param  buff: Buffer pointer from where the data needs to be copied
 257:Middlewares/ST/STM32_USB_Host_Library/Core/Src/usbh_ioreq.c ****   * @param  length: Length of the data to be sent
 258:Middlewares/ST/STM32_USB_Host_Library/Core/Src/usbh_ioreq.c ****   * @param  pipe_num: Pipe Number
 259:Middlewares/ST/STM32_USB_Host_Library/Core/Src/usbh_ioreq.c ****   * @retval USBH Status.
 260:Middlewares/ST/STM32_USB_Host_Library/Core/Src/usbh_ioreq.c ****   */
 261:Middlewares/ST/STM32_USB_Host_Library/Core/Src/usbh_ioreq.c **** USBH_StatusTypeDef USBH_InterruptSendData(USBH_HandleTypeDef *phost,
 262:Middlewares/ST/STM32_USB_Host_Library/Core/Src/usbh_ioreq.c ****                                           uint8_t *buff,
 263:Middlewares/ST/STM32_USB_Host_Library/Core/Src/usbh_ioreq.c ****                                           uint8_t length,
 264:Middlewares/ST/STM32_USB_Host_Library/Core/Src/usbh_ioreq.c ****                                           uint8_t pipe_num)
 265:Middlewares/ST/STM32_USB_Host_Library/Core/Src/usbh_ioreq.c **** {
 367              		.loc 1 265 1 is_stmt 1 view -0
 368              		.cfi_startproc
 369              		@ args = 0, pretend = 0, frame = 0
 370              		@ frame_needed = 0, uses_anonymous_args = 0
 371              		.loc 1 265 1 is_stmt 0 view .LVU59
 372 0000 10B5     		push	{r4, lr}
 373              	.LCFI18:
 374              		.cfi_def_cfa_offset 8
 375              		.cfi_offset 4, -8
ARM GAS  /tmp/ccmRK85E.s 			page 12


 376              		.cfi_offset 14, -4
 377 0002 84B0     		sub	sp, sp, #16
 378              	.LCFI19:
 379              		.cfi_def_cfa_offset 24
 380 0004 8C46     		mov	ip, r1
 381 0006 1946     		mov	r1, r3
 382              	.LVL35:
 266:Middlewares/ST/STM32_USB_Host_Library/Core/Src/usbh_ioreq.c ****   (void)USBH_LL_SubmitURB(phost,                /* Driver handle    */
 383              		.loc 1 266 3 is_stmt 1 view .LVU60
 384              		.loc 1 266 9 is_stmt 0 view .LVU61
 385 0008 0024     		movs	r4, #0
 386 000a 0394     		str	r4, [sp, #12]
 387 000c 0292     		str	r2, [sp, #8]
 388 000e CDF804C0 		str	ip, [sp, #4]
 389 0012 0123     		movs	r3, #1
 390              	.LVL36:
 391              		.loc 1 266 9 view .LVU62
 392 0014 0093     		str	r3, [sp]
 393 0016 0323     		movs	r3, #3
 394 0018 2246     		mov	r2, r4
 395              	.LVL37:
 396              		.loc 1 266 9 view .LVU63
 397 001a FFF7FEFF 		bl	USBH_LL_SubmitURB
 398              	.LVL38:
 267:Middlewares/ST/STM32_USB_Host_Library/Core/Src/usbh_ioreq.c ****                           pipe_num,             /* Pipe index       */
 268:Middlewares/ST/STM32_USB_Host_Library/Core/Src/usbh_ioreq.c ****                           0U,                   /* Direction : OUT  */
 269:Middlewares/ST/STM32_USB_Host_Library/Core/Src/usbh_ioreq.c ****                           USBH_EP_INTERRUPT,    /* EP type          */
 270:Middlewares/ST/STM32_USB_Host_Library/Core/Src/usbh_ioreq.c ****                           USBH_PID_DATA,        /* Type Data        */
 271:Middlewares/ST/STM32_USB_Host_Library/Core/Src/usbh_ioreq.c ****                           buff,                 /* data buffer      */
 272:Middlewares/ST/STM32_USB_Host_Library/Core/Src/usbh_ioreq.c ****                           (uint16_t)length,     /* data length      */
 273:Middlewares/ST/STM32_USB_Host_Library/Core/Src/usbh_ioreq.c ****                           0U);
 274:Middlewares/ST/STM32_USB_Host_Library/Core/Src/usbh_ioreq.c **** 
 275:Middlewares/ST/STM32_USB_Host_Library/Core/Src/usbh_ioreq.c ****   return USBH_OK;
 399              		.loc 1 275 3 is_stmt 1 view .LVU64
 276:Middlewares/ST/STM32_USB_Host_Library/Core/Src/usbh_ioreq.c **** }
 400              		.loc 1 276 1 is_stmt 0 view .LVU65
 401 001e 2046     		mov	r0, r4
 402 0020 04B0     		add	sp, sp, #16
 403              	.LCFI20:
 404              		.cfi_def_cfa_offset 8
 405              		@ sp needed
 406 0022 10BD     		pop	{r4, pc}
 407              		.cfi_endproc
 408              	.LFE143:
 410              		.section	.text.USBH_IsocReceiveData,"ax",%progbits
 411              		.align	1
 412              		.global	USBH_IsocReceiveData
 413              		.syntax unified
 414              		.thumb
 415              		.thumb_func
 417              	USBH_IsocReceiveData:
 418              	.LVL39:
 419              	.LFB144:
 277:Middlewares/ST/STM32_USB_Host_Library/Core/Src/usbh_ioreq.c **** 
 278:Middlewares/ST/STM32_USB_Host_Library/Core/Src/usbh_ioreq.c **** /**
 279:Middlewares/ST/STM32_USB_Host_Library/Core/Src/usbh_ioreq.c ****   * @brief  USBH_IsocReceiveData
 280:Middlewares/ST/STM32_USB_Host_Library/Core/Src/usbh_ioreq.c ****   *         Receives the Device Response to the Isochronous IN token
ARM GAS  /tmp/ccmRK85E.s 			page 13


 281:Middlewares/ST/STM32_USB_Host_Library/Core/Src/usbh_ioreq.c ****   * @param  phost: Host Handle
 282:Middlewares/ST/STM32_USB_Host_Library/Core/Src/usbh_ioreq.c ****   * @param  buff: Buffer pointer in which the response needs to be copied
 283:Middlewares/ST/STM32_USB_Host_Library/Core/Src/usbh_ioreq.c ****   * @param  length: Length of the data to be received
 284:Middlewares/ST/STM32_USB_Host_Library/Core/Src/usbh_ioreq.c ****   * @param  pipe_num: Pipe Number
 285:Middlewares/ST/STM32_USB_Host_Library/Core/Src/usbh_ioreq.c ****   * @retval USBH Status.
 286:Middlewares/ST/STM32_USB_Host_Library/Core/Src/usbh_ioreq.c ****   */
 287:Middlewares/ST/STM32_USB_Host_Library/Core/Src/usbh_ioreq.c **** USBH_StatusTypeDef USBH_IsocReceiveData(USBH_HandleTypeDef *phost,
 288:Middlewares/ST/STM32_USB_Host_Library/Core/Src/usbh_ioreq.c ****                                         uint8_t *buff,
 289:Middlewares/ST/STM32_USB_Host_Library/Core/Src/usbh_ioreq.c ****                                         uint32_t length,
 290:Middlewares/ST/STM32_USB_Host_Library/Core/Src/usbh_ioreq.c ****                                         uint8_t pipe_num)
 291:Middlewares/ST/STM32_USB_Host_Library/Core/Src/usbh_ioreq.c **** {
 420              		.loc 1 291 1 is_stmt 1 view -0
 421              		.cfi_startproc
 422              		@ args = 0, pretend = 0, frame = 0
 423              		@ frame_needed = 0, uses_anonymous_args = 0
 424              		.loc 1 291 1 is_stmt 0 view .LVU67
 425 0000 10B5     		push	{r4, lr}
 426              	.LCFI21:
 427              		.cfi_def_cfa_offset 8
 428              		.cfi_offset 4, -8
 429              		.cfi_offset 14, -4
 430 0002 84B0     		sub	sp, sp, #16
 431              	.LCFI22:
 432              		.cfi_def_cfa_offset 24
 433 0004 8C46     		mov	ip, r1
 434 0006 1946     		mov	r1, r3
 435              	.LVL40:
 292:Middlewares/ST/STM32_USB_Host_Library/Core/Src/usbh_ioreq.c ****   (void)USBH_LL_SubmitURB(phost,                /* Driver handle    */
 436              		.loc 1 292 3 is_stmt 1 view .LVU68
 437              		.loc 1 292 9 is_stmt 0 view .LVU69
 438 0008 0024     		movs	r4, #0
 439 000a 0394     		str	r4, [sp, #12]
 440 000c 92B2     		uxth	r2, r2
 441              	.LVL41:
 442              		.loc 1 292 9 view .LVU70
 443 000e 0292     		str	r2, [sp, #8]
 444 0010 CDF804C0 		str	ip, [sp, #4]
 445 0014 0122     		movs	r2, #1
 446 0016 0092     		str	r2, [sp]
 447 0018 1346     		mov	r3, r2
 448              	.LVL42:
 449              		.loc 1 292 9 view .LVU71
 450 001a FFF7FEFF 		bl	USBH_LL_SubmitURB
 451              	.LVL43:
 293:Middlewares/ST/STM32_USB_Host_Library/Core/Src/usbh_ioreq.c ****                           pipe_num,             /* Pipe index       */
 294:Middlewares/ST/STM32_USB_Host_Library/Core/Src/usbh_ioreq.c ****                           1U,                   /* Direction : IN   */
 295:Middlewares/ST/STM32_USB_Host_Library/Core/Src/usbh_ioreq.c ****                           USBH_EP_ISO,          /* EP type          */
 296:Middlewares/ST/STM32_USB_Host_Library/Core/Src/usbh_ioreq.c ****                           USBH_PID_DATA,        /* Type Data        */
 297:Middlewares/ST/STM32_USB_Host_Library/Core/Src/usbh_ioreq.c ****                           buff,                 /* data buffer      */
 298:Middlewares/ST/STM32_USB_Host_Library/Core/Src/usbh_ioreq.c ****                           (uint16_t)length,     /* data length      */
 299:Middlewares/ST/STM32_USB_Host_Library/Core/Src/usbh_ioreq.c ****                           0U);
 300:Middlewares/ST/STM32_USB_Host_Library/Core/Src/usbh_ioreq.c **** 
 301:Middlewares/ST/STM32_USB_Host_Library/Core/Src/usbh_ioreq.c **** 
 302:Middlewares/ST/STM32_USB_Host_Library/Core/Src/usbh_ioreq.c ****   return USBH_OK;
 452              		.loc 1 302 3 is_stmt 1 view .LVU72
 303:Middlewares/ST/STM32_USB_Host_Library/Core/Src/usbh_ioreq.c **** }
 453              		.loc 1 303 1 is_stmt 0 view .LVU73
ARM GAS  /tmp/ccmRK85E.s 			page 14


 454 001e 2046     		mov	r0, r4
 455 0020 04B0     		add	sp, sp, #16
 456              	.LCFI23:
 457              		.cfi_def_cfa_offset 8
 458              		@ sp needed
 459 0022 10BD     		pop	{r4, pc}
 460              		.cfi_endproc
 461              	.LFE144:
 463              		.section	.text.USBH_IsocSendData,"ax",%progbits
 464              		.align	1
 465              		.global	USBH_IsocSendData
 466              		.syntax unified
 467              		.thumb
 468              		.thumb_func
 470              	USBH_IsocSendData:
 471              	.LVL44:
 472              	.LFB145:
 304:Middlewares/ST/STM32_USB_Host_Library/Core/Src/usbh_ioreq.c **** 
 305:Middlewares/ST/STM32_USB_Host_Library/Core/Src/usbh_ioreq.c **** /**
 306:Middlewares/ST/STM32_USB_Host_Library/Core/Src/usbh_ioreq.c ****   * @brief  USBH_IsocSendData
 307:Middlewares/ST/STM32_USB_Host_Library/Core/Src/usbh_ioreq.c ****   *         Sends the data on Isochronous OUT Endpoint
 308:Middlewares/ST/STM32_USB_Host_Library/Core/Src/usbh_ioreq.c ****   * @param  phost: Host Handle
 309:Middlewares/ST/STM32_USB_Host_Library/Core/Src/usbh_ioreq.c ****   * @param  buff: Buffer pointer from where the data needs to be copied
 310:Middlewares/ST/STM32_USB_Host_Library/Core/Src/usbh_ioreq.c ****   * @param  length: Length of the data to be sent
 311:Middlewares/ST/STM32_USB_Host_Library/Core/Src/usbh_ioreq.c ****   * @param  pipe_num: Pipe Number
 312:Middlewares/ST/STM32_USB_Host_Library/Core/Src/usbh_ioreq.c ****   * @retval USBH Status.
 313:Middlewares/ST/STM32_USB_Host_Library/Core/Src/usbh_ioreq.c ****   */
 314:Middlewares/ST/STM32_USB_Host_Library/Core/Src/usbh_ioreq.c **** USBH_StatusTypeDef USBH_IsocSendData(USBH_HandleTypeDef *phost,
 315:Middlewares/ST/STM32_USB_Host_Library/Core/Src/usbh_ioreq.c ****                                      uint8_t *buff,
 316:Middlewares/ST/STM32_USB_Host_Library/Core/Src/usbh_ioreq.c ****                                      uint32_t length,
 317:Middlewares/ST/STM32_USB_Host_Library/Core/Src/usbh_ioreq.c ****                                      uint8_t pipe_num)
 318:Middlewares/ST/STM32_USB_Host_Library/Core/Src/usbh_ioreq.c **** {
 473              		.loc 1 318 1 is_stmt 1 view -0
 474              		.cfi_startproc
 475              		@ args = 0, pretend = 0, frame = 0
 476              		@ frame_needed = 0, uses_anonymous_args = 0
 477              		.loc 1 318 1 is_stmt 0 view .LVU75
 478 0000 10B5     		push	{r4, lr}
 479              	.LCFI24:
 480              		.cfi_def_cfa_offset 8
 481              		.cfi_offset 4, -8
 482              		.cfi_offset 14, -4
 483 0002 84B0     		sub	sp, sp, #16
 484              	.LCFI25:
 485              		.cfi_def_cfa_offset 24
 486 0004 8C46     		mov	ip, r1
 487 0006 1946     		mov	r1, r3
 488              	.LVL45:
 319:Middlewares/ST/STM32_USB_Host_Library/Core/Src/usbh_ioreq.c ****   (void)USBH_LL_SubmitURB(phost,                /* Driver handle    */
 489              		.loc 1 319 3 is_stmt 1 view .LVU76
 490              		.loc 1 319 9 is_stmt 0 view .LVU77
 491 0008 0024     		movs	r4, #0
 492 000a 0394     		str	r4, [sp, #12]
 493 000c 92B2     		uxth	r2, r2
 494              	.LVL46:
 495              		.loc 1 319 9 view .LVU78
 496 000e 0292     		str	r2, [sp, #8]
ARM GAS  /tmp/ccmRK85E.s 			page 15


 497 0010 CDF804C0 		str	ip, [sp, #4]
 498 0014 0123     		movs	r3, #1
 499              	.LVL47:
 500              		.loc 1 319 9 view .LVU79
 501 0016 0093     		str	r3, [sp]
 502 0018 2246     		mov	r2, r4
 503 001a FFF7FEFF 		bl	USBH_LL_SubmitURB
 504              	.LVL48:
 320:Middlewares/ST/STM32_USB_Host_Library/Core/Src/usbh_ioreq.c ****                           pipe_num,             /* Pipe index       */
 321:Middlewares/ST/STM32_USB_Host_Library/Core/Src/usbh_ioreq.c ****                           0U,                   /* Direction : OUT  */
 322:Middlewares/ST/STM32_USB_Host_Library/Core/Src/usbh_ioreq.c ****                           USBH_EP_ISO,          /* EP type          */
 323:Middlewares/ST/STM32_USB_Host_Library/Core/Src/usbh_ioreq.c ****                           USBH_PID_DATA,        /* Type Data        */
 324:Middlewares/ST/STM32_USB_Host_Library/Core/Src/usbh_ioreq.c ****                           buff,                 /* data buffer      */
 325:Middlewares/ST/STM32_USB_Host_Library/Core/Src/usbh_ioreq.c ****                           (uint16_t)length,     /* data length      */
 326:Middlewares/ST/STM32_USB_Host_Library/Core/Src/usbh_ioreq.c ****                           0U);
 327:Middlewares/ST/STM32_USB_Host_Library/Core/Src/usbh_ioreq.c **** 
 328:Middlewares/ST/STM32_USB_Host_Library/Core/Src/usbh_ioreq.c ****   return USBH_OK;
 505              		.loc 1 328 3 is_stmt 1 view .LVU80
 329:Middlewares/ST/STM32_USB_Host_Library/Core/Src/usbh_ioreq.c **** }
 506              		.loc 1 329 1 is_stmt 0 view .LVU81
 507 001e 2046     		mov	r0, r4
 508 0020 04B0     		add	sp, sp, #16
 509              	.LCFI26:
 510              		.cfi_def_cfa_offset 8
 511              		@ sp needed
 512 0022 10BD     		pop	{r4, pc}
 513              		.cfi_endproc
 514              	.LFE145:
 516              		.text
 517              	.Letext0:
 518              		.file 2 "/usr/arm-none-eabi/include/machine/_default_types.h"
 519              		.file 3 "/usr/arm-none-eabi/include/sys/_stdint.h"
 520              		.file 4 "Middlewares/ST/STM32_USB_Host_Library/Core/Inc/usbh_def.h"
 521              		.file 5 "Middlewares/ST/STM32_USB_Host_Library/Core/Inc/usbh_core.h"
ARM GAS  /tmp/ccmRK85E.s 			page 16


DEFINED SYMBOLS
                            *ABS*:00000000 usbh_ioreq.c
     /tmp/ccmRK85E.s:21     .text.USBH_CtlSendSetup:00000000 $t
     /tmp/ccmRK85E.s:27     .text.USBH_CtlSendSetup:00000000 USBH_CtlSendSetup
     /tmp/ccmRK85E.s:74     .text.USBH_CtlSendData:00000000 $t
     /tmp/ccmRK85E.s:80     .text.USBH_CtlSendData:00000000 USBH_CtlSendData
     /tmp/ccmRK85E.s:138    .text.USBH_CtlReceiveData:00000000 $t
     /tmp/ccmRK85E.s:144    .text.USBH_CtlReceiveData:00000000 USBH_CtlReceiveData
     /tmp/ccmRK85E.s:190    .text.USBH_BulkSendData:00000000 $t
     /tmp/ccmRK85E.s:196    .text.USBH_BulkSendData:00000000 USBH_BulkSendData
     /tmp/ccmRK85E.s:254    .text.USBH_BulkReceiveData:00000000 $t
     /tmp/ccmRK85E.s:260    .text.USBH_BulkReceiveData:00000000 USBH_BulkReceiveData
     /tmp/ccmRK85E.s:306    .text.USBH_InterruptReceiveData:00000000 $t
     /tmp/ccmRK85E.s:312    .text.USBH_InterruptReceiveData:00000000 USBH_InterruptReceiveData
     /tmp/ccmRK85E.s:358    .text.USBH_InterruptSendData:00000000 $t
     /tmp/ccmRK85E.s:364    .text.USBH_InterruptSendData:00000000 USBH_InterruptSendData
     /tmp/ccmRK85E.s:411    .text.USBH_IsocReceiveData:00000000 $t
     /tmp/ccmRK85E.s:417    .text.USBH_IsocReceiveData:00000000 USBH_IsocReceiveData
     /tmp/ccmRK85E.s:464    .text.USBH_IsocSendData:00000000 $t
     /tmp/ccmRK85E.s:470    .text.USBH_IsocSendData:00000000 USBH_IsocSendData

UNDEFINED SYMBOLS
USBH_LL_SubmitURB
