ARM GAS  /tmp/ccC68vUr.s 			page 1


   1              		.cpu cortex-m4
   2              		.arch armv7e-m
   3              		.fpu fpv4-sp-d16
   4              		.eabi_attribute 27, 1
   5              		.eabi_attribute 28, 1
   6              		.eabi_attribute 20, 1
   7              		.eabi_attribute 21, 1
   8              		.eabi_attribute 23, 3
   9              		.eabi_attribute 24, 1
  10              		.eabi_attribute 25, 1
  11              		.eabi_attribute 26, 1
  12              		.eabi_attribute 30, 1
  13              		.eabi_attribute 34, 1
  14              		.eabi_attribute 18, 4
  15              		.file	"stm32f4xx_hal_msp.c"
  16              		.text
  17              	.Ltext0:
  18              		.cfi_sections	.debug_frame
  19              		.file 1 "Src/stm32f4xx_hal_msp.c"
  20              		.section	.text.HAL_MspInit,"ax",%progbits
  21              		.align	1
  22              		.global	HAL_MspInit
  23              		.syntax unified
  24              		.thumb
  25              		.thumb_func
  27              	HAL_MspInit:
  28              	.LFB134:
   1:Src/stm32f4xx_hal_msp.c **** /* USER CODE BEGIN Header */
   2:Src/stm32f4xx_hal_msp.c **** /**
   3:Src/stm32f4xx_hal_msp.c ****   ******************************************************************************
   4:Src/stm32f4xx_hal_msp.c ****   * @file         stm32f4xx_hal_msp.c
   5:Src/stm32f4xx_hal_msp.c ****   * @brief        This file provides code for the MSP Initialization
   6:Src/stm32f4xx_hal_msp.c ****   *               and de-Initialization codes.
   7:Src/stm32f4xx_hal_msp.c ****   ******************************************************************************
   8:Src/stm32f4xx_hal_msp.c ****   * @attention
   9:Src/stm32f4xx_hal_msp.c ****   *
  10:Src/stm32f4xx_hal_msp.c ****   * Copyright (c) 2026 STMicroelectronics.
  11:Src/stm32f4xx_hal_msp.c ****   * All rights reserved.
  12:Src/stm32f4xx_hal_msp.c ****   *
  13:Src/stm32f4xx_hal_msp.c ****   * This software is licensed under terms that can be found in the LICENSE file
  14:Src/stm32f4xx_hal_msp.c ****   * in the root directory of this software component.
  15:Src/stm32f4xx_hal_msp.c ****   * If no LICENSE file comes with this software, it is provided AS-IS.
  16:Src/stm32f4xx_hal_msp.c ****   *
  17:Src/stm32f4xx_hal_msp.c ****   ******************************************************************************
  18:Src/stm32f4xx_hal_msp.c ****   */
  19:Src/stm32f4xx_hal_msp.c **** /* USER CODE END Header */
  20:Src/stm32f4xx_hal_msp.c **** /* Includes ------------------------------------------------------------------*/
  21:Src/stm32f4xx_hal_msp.c **** #include "main.h"
  22:Src/stm32f4xx_hal_msp.c **** /* USER CODE BEGIN Includes */
  23:Src/stm32f4xx_hal_msp.c **** 
  24:Src/stm32f4xx_hal_msp.c **** /* USER CODE END Includes */
  25:Src/stm32f4xx_hal_msp.c **** 
  26:Src/stm32f4xx_hal_msp.c **** /* Private typedef -----------------------------------------------------------*/
  27:Src/stm32f4xx_hal_msp.c **** /* USER CODE BEGIN TD */
  28:Src/stm32f4xx_hal_msp.c **** 
  29:Src/stm32f4xx_hal_msp.c **** /* USER CODE END TD */
  30:Src/stm32f4xx_hal_msp.c **** 
ARM GAS  /tmp/ccC68vUr.s 			page 2


  31:Src/stm32f4xx_hal_msp.c **** /* Private define ------------------------------------------------------------*/
  32:Src/stm32f4xx_hal_msp.c **** /* USER CODE BEGIN Define */
  33:Src/stm32f4xx_hal_msp.c **** 
  34:Src/stm32f4xx_hal_msp.c **** /* USER CODE END Define */
  35:Src/stm32f4xx_hal_msp.c **** 
  36:Src/stm32f4xx_hal_msp.c **** /* Private macro -------------------------------------------------------------*/
  37:Src/stm32f4xx_hal_msp.c **** /* USER CODE BEGIN Macro */
  38:Src/stm32f4xx_hal_msp.c **** 
  39:Src/stm32f4xx_hal_msp.c **** /* USER CODE END Macro */
  40:Src/stm32f4xx_hal_msp.c **** 
  41:Src/stm32f4xx_hal_msp.c **** /* Private variables ---------------------------------------------------------*/
  42:Src/stm32f4xx_hal_msp.c **** /* USER CODE BEGIN PV */
  43:Src/stm32f4xx_hal_msp.c **** 
  44:Src/stm32f4xx_hal_msp.c **** /* USER CODE END PV */
  45:Src/stm32f4xx_hal_msp.c **** 
  46:Src/stm32f4xx_hal_msp.c **** /* Private function prototypes -----------------------------------------------*/
  47:Src/stm32f4xx_hal_msp.c **** /* USER CODE BEGIN PFP */
  48:Src/stm32f4xx_hal_msp.c **** 
  49:Src/stm32f4xx_hal_msp.c **** /* USER CODE END PFP */
  50:Src/stm32f4xx_hal_msp.c **** 
  51:Src/stm32f4xx_hal_msp.c **** /* External functions --------------------------------------------------------*/
  52:Src/stm32f4xx_hal_msp.c **** /* USER CODE BEGIN ExternalFunctions */
  53:Src/stm32f4xx_hal_msp.c **** 
  54:Src/stm32f4xx_hal_msp.c **** /* USER CODE END ExternalFunctions */
  55:Src/stm32f4xx_hal_msp.c **** 
  56:Src/stm32f4xx_hal_msp.c **** /* USER CODE BEGIN 0 */
  57:Src/stm32f4xx_hal_msp.c **** 
  58:Src/stm32f4xx_hal_msp.c **** /* USER CODE END 0 */
  59:Src/stm32f4xx_hal_msp.c **** 
  60:Src/stm32f4xx_hal_msp.c **** void HAL_TIM_MspPostInit(TIM_HandleTypeDef *htim);
  61:Src/stm32f4xx_hal_msp.c ****                     /**
  62:Src/stm32f4xx_hal_msp.c ****   * Initializes the Global MSP.
  63:Src/stm32f4xx_hal_msp.c ****   */
  64:Src/stm32f4xx_hal_msp.c **** void HAL_MspInit(void)
  65:Src/stm32f4xx_hal_msp.c **** {
  29              		.loc 1 65 1 view -0
  30              		.cfi_startproc
  31              		@ args = 0, pretend = 0, frame = 8
  32              		@ frame_needed = 0, uses_anonymous_args = 0
  33              		@ link register save eliminated.
  34 0000 82B0     		sub	sp, sp, #8
  35              	.LCFI0:
  36              		.cfi_def_cfa_offset 8
  66:Src/stm32f4xx_hal_msp.c **** 
  67:Src/stm32f4xx_hal_msp.c ****   /* USER CODE BEGIN MspInit 0 */
  68:Src/stm32f4xx_hal_msp.c **** 
  69:Src/stm32f4xx_hal_msp.c ****   /* USER CODE END MspInit 0 */
  70:Src/stm32f4xx_hal_msp.c **** 
  71:Src/stm32f4xx_hal_msp.c ****   __HAL_RCC_SYSCFG_CLK_ENABLE();
  37              		.loc 1 71 3 view .LVU1
  38              	.LBB2:
  39              		.loc 1 71 3 view .LVU2
  40 0002 0021     		movs	r1, #0
  41 0004 0091     		str	r1, [sp]
  42              		.loc 1 71 3 view .LVU3
  43 0006 0B4B     		ldr	r3, .L3
  44 0008 5A6C     		ldr	r2, [r3, #68]
ARM GAS  /tmp/ccC68vUr.s 			page 3


  45 000a 42F48042 		orr	r2, r2, #16384
  46 000e 5A64     		str	r2, [r3, #68]
  47              		.loc 1 71 3 view .LVU4
  48 0010 5A6C     		ldr	r2, [r3, #68]
  49 0012 02F48042 		and	r2, r2, #16384
  50 0016 0092     		str	r2, [sp]
  51              		.loc 1 71 3 view .LVU5
  52 0018 009A     		ldr	r2, [sp]
  53              	.LBE2:
  54              		.loc 1 71 3 view .LVU6
  72:Src/stm32f4xx_hal_msp.c ****   __HAL_RCC_PWR_CLK_ENABLE();
  55              		.loc 1 72 3 view .LVU7
  56              	.LBB3:
  57              		.loc 1 72 3 view .LVU8
  58 001a 0191     		str	r1, [sp, #4]
  59              		.loc 1 72 3 view .LVU9
  60 001c 1A6C     		ldr	r2, [r3, #64]
  61 001e 42F08052 		orr	r2, r2, #268435456
  62 0022 1A64     		str	r2, [r3, #64]
  63              		.loc 1 72 3 view .LVU10
  64 0024 1B6C     		ldr	r3, [r3, #64]
  65 0026 03F08053 		and	r3, r3, #268435456
  66 002a 0193     		str	r3, [sp, #4]
  67              		.loc 1 72 3 view .LVU11
  68 002c 019B     		ldr	r3, [sp, #4]
  69              	.LBE3:
  70              		.loc 1 72 3 view .LVU12
  73:Src/stm32f4xx_hal_msp.c **** 
  74:Src/stm32f4xx_hal_msp.c ****   /* System interrupt init*/
  75:Src/stm32f4xx_hal_msp.c **** 
  76:Src/stm32f4xx_hal_msp.c ****   /* USER CODE BEGIN MspInit 1 */
  77:Src/stm32f4xx_hal_msp.c **** 
  78:Src/stm32f4xx_hal_msp.c ****   /* USER CODE END MspInit 1 */
  79:Src/stm32f4xx_hal_msp.c **** }
  71              		.loc 1 79 1 is_stmt 0 view .LVU13
  72 002e 02B0     		add	sp, sp, #8
  73              	.LCFI1:
  74              		.cfi_def_cfa_offset 0
  75              		@ sp needed
  76 0030 7047     		bx	lr
  77              	.L4:
  78 0032 00BF     		.align	2
  79              	.L3:
  80 0034 00380240 		.word	1073887232
  81              		.cfi_endproc
  82              	.LFE134:
  84              		.section	.text.HAL_CAN_MspInit,"ax",%progbits
  85              		.align	1
  86              		.global	HAL_CAN_MspInit
  87              		.syntax unified
  88              		.thumb
  89              		.thumb_func
  91              	HAL_CAN_MspInit:
  92              	.LVL0:
  93              	.LFB135:
  80:Src/stm32f4xx_hal_msp.c **** 
  81:Src/stm32f4xx_hal_msp.c **** /**
ARM GAS  /tmp/ccC68vUr.s 			page 4


  82:Src/stm32f4xx_hal_msp.c ****   * @brief CAN MSP Initialization
  83:Src/stm32f4xx_hal_msp.c ****   * This function configures the hardware resources used in this example
  84:Src/stm32f4xx_hal_msp.c ****   * @param hcan: CAN handle pointer
  85:Src/stm32f4xx_hal_msp.c ****   * @retval None
  86:Src/stm32f4xx_hal_msp.c ****   */
  87:Src/stm32f4xx_hal_msp.c **** void HAL_CAN_MspInit(CAN_HandleTypeDef* hcan)
  88:Src/stm32f4xx_hal_msp.c **** {
  94              		.loc 1 88 1 is_stmt 1 view -0
  95              		.cfi_startproc
  96              		@ args = 0, pretend = 0, frame = 32
  97              		@ frame_needed = 0, uses_anonymous_args = 0
  98              		.loc 1 88 1 is_stmt 0 view .LVU15
  99 0000 00B5     		push	{lr}
 100              	.LCFI2:
 101              		.cfi_def_cfa_offset 4
 102              		.cfi_offset 14, -4
 103 0002 89B0     		sub	sp, sp, #36
 104              	.LCFI3:
 105              		.cfi_def_cfa_offset 40
  89:Src/stm32f4xx_hal_msp.c ****   GPIO_InitTypeDef GPIO_InitStruct = {0};
 106              		.loc 1 89 3 is_stmt 1 view .LVU16
 107              		.loc 1 89 20 is_stmt 0 view .LVU17
 108 0004 0023     		movs	r3, #0
 109 0006 0393     		str	r3, [sp, #12]
 110 0008 0493     		str	r3, [sp, #16]
 111 000a 0593     		str	r3, [sp, #20]
 112 000c 0693     		str	r3, [sp, #24]
 113 000e 0793     		str	r3, [sp, #28]
  90:Src/stm32f4xx_hal_msp.c ****   if(hcan->Instance==CAN1)
 114              		.loc 1 90 3 is_stmt 1 view .LVU18
 115              		.loc 1 90 10 is_stmt 0 view .LVU19
 116 0010 0268     		ldr	r2, [r0]
 117              		.loc 1 90 5 view .LVU20
 118 0012 184B     		ldr	r3, .L9
 119 0014 9A42     		cmp	r2, r3
 120 0016 01D0     		beq	.L8
 121              	.LVL1:
 122              	.L5:
  91:Src/stm32f4xx_hal_msp.c ****   {
  92:Src/stm32f4xx_hal_msp.c ****     /* USER CODE BEGIN CAN1_MspInit 0 */
  93:Src/stm32f4xx_hal_msp.c **** 
  94:Src/stm32f4xx_hal_msp.c ****     /* USER CODE END CAN1_MspInit 0 */
  95:Src/stm32f4xx_hal_msp.c ****     /* Peripheral clock enable */
  96:Src/stm32f4xx_hal_msp.c ****     __HAL_RCC_CAN1_CLK_ENABLE();
  97:Src/stm32f4xx_hal_msp.c **** 
  98:Src/stm32f4xx_hal_msp.c ****     __HAL_RCC_GPIOD_CLK_ENABLE();
  99:Src/stm32f4xx_hal_msp.c ****     /**CAN1 GPIO Configuration
 100:Src/stm32f4xx_hal_msp.c ****     PD0     ------> CAN1_RX
 101:Src/stm32f4xx_hal_msp.c ****     PD1     ------> CAN1_TX
 102:Src/stm32f4xx_hal_msp.c ****     */
 103:Src/stm32f4xx_hal_msp.c ****     GPIO_InitStruct.Pin = GPIO_PIN_0|GPIO_PIN_1;
 104:Src/stm32f4xx_hal_msp.c ****     GPIO_InitStruct.Mode = GPIO_MODE_AF_PP;
 105:Src/stm32f4xx_hal_msp.c ****     GPIO_InitStruct.Pull = GPIO_NOPULL;
 106:Src/stm32f4xx_hal_msp.c ****     GPIO_InitStruct.Speed = GPIO_SPEED_FREQ_VERY_HIGH;
 107:Src/stm32f4xx_hal_msp.c ****     GPIO_InitStruct.Alternate = GPIO_AF9_CAN1;
 108:Src/stm32f4xx_hal_msp.c ****     HAL_GPIO_Init(GPIOD, &GPIO_InitStruct);
 109:Src/stm32f4xx_hal_msp.c **** 
ARM GAS  /tmp/ccC68vUr.s 			page 5


 110:Src/stm32f4xx_hal_msp.c ****     /* CAN1 interrupt Init */
 111:Src/stm32f4xx_hal_msp.c ****     HAL_NVIC_SetPriority(CAN1_RX0_IRQn, 0, 0);
 112:Src/stm32f4xx_hal_msp.c ****     HAL_NVIC_EnableIRQ(CAN1_RX0_IRQn);
 113:Src/stm32f4xx_hal_msp.c ****     /* USER CODE BEGIN CAN1_MspInit 1 */
 114:Src/stm32f4xx_hal_msp.c **** 
 115:Src/stm32f4xx_hal_msp.c ****     /* USER CODE END CAN1_MspInit 1 */
 116:Src/stm32f4xx_hal_msp.c **** 
 117:Src/stm32f4xx_hal_msp.c ****   }
 118:Src/stm32f4xx_hal_msp.c **** 
 119:Src/stm32f4xx_hal_msp.c **** }
 123              		.loc 1 119 1 view .LVU21
 124 0018 09B0     		add	sp, sp, #36
 125              	.LCFI4:
 126              		.cfi_remember_state
 127              		.cfi_def_cfa_offset 4
 128              		@ sp needed
 129 001a 00BD     		pop	{pc}
 130              	.LVL2:
 131              	.L8:
 132              	.LCFI5:
 133              		.cfi_restore_state
  96:Src/stm32f4xx_hal_msp.c **** 
 134              		.loc 1 96 5 is_stmt 1 view .LVU22
 135              	.LBB4:
  96:Src/stm32f4xx_hal_msp.c **** 
 136              		.loc 1 96 5 view .LVU23
 137 001c 0021     		movs	r1, #0
 138 001e 0191     		str	r1, [sp, #4]
  96:Src/stm32f4xx_hal_msp.c **** 
 139              		.loc 1 96 5 view .LVU24
 140 0020 03F5EA33 		add	r3, r3, #119808
 141 0024 1A6C     		ldr	r2, [r3, #64]
 142 0026 42F00072 		orr	r2, r2, #33554432
 143 002a 1A64     		str	r2, [r3, #64]
  96:Src/stm32f4xx_hal_msp.c **** 
 144              		.loc 1 96 5 view .LVU25
 145 002c 1A6C     		ldr	r2, [r3, #64]
 146 002e 02F00072 		and	r2, r2, #33554432
 147 0032 0192     		str	r2, [sp, #4]
  96:Src/stm32f4xx_hal_msp.c **** 
 148              		.loc 1 96 5 view .LVU26
 149 0034 019A     		ldr	r2, [sp, #4]
 150              	.LBE4:
  96:Src/stm32f4xx_hal_msp.c **** 
 151              		.loc 1 96 5 view .LVU27
  98:Src/stm32f4xx_hal_msp.c ****     /**CAN1 GPIO Configuration
 152              		.loc 1 98 5 view .LVU28
 153              	.LBB5:
  98:Src/stm32f4xx_hal_msp.c ****     /**CAN1 GPIO Configuration
 154              		.loc 1 98 5 view .LVU29
 155 0036 0291     		str	r1, [sp, #8]
  98:Src/stm32f4xx_hal_msp.c ****     /**CAN1 GPIO Configuration
 156              		.loc 1 98 5 view .LVU30
 157 0038 1A6B     		ldr	r2, [r3, #48]
 158 003a 42F00802 		orr	r2, r2, #8
 159 003e 1A63     		str	r2, [r3, #48]
  98:Src/stm32f4xx_hal_msp.c ****     /**CAN1 GPIO Configuration
ARM GAS  /tmp/ccC68vUr.s 			page 6


 160              		.loc 1 98 5 view .LVU31
 161 0040 1B6B     		ldr	r3, [r3, #48]
 162 0042 03F00803 		and	r3, r3, #8
 163 0046 0293     		str	r3, [sp, #8]
  98:Src/stm32f4xx_hal_msp.c ****     /**CAN1 GPIO Configuration
 164              		.loc 1 98 5 view .LVU32
 165 0048 029B     		ldr	r3, [sp, #8]
 166              	.LBE5:
  98:Src/stm32f4xx_hal_msp.c ****     /**CAN1 GPIO Configuration
 167              		.loc 1 98 5 view .LVU33
 103:Src/stm32f4xx_hal_msp.c ****     GPIO_InitStruct.Mode = GPIO_MODE_AF_PP;
 168              		.loc 1 103 5 view .LVU34
 103:Src/stm32f4xx_hal_msp.c ****     GPIO_InitStruct.Mode = GPIO_MODE_AF_PP;
 169              		.loc 1 103 25 is_stmt 0 view .LVU35
 170 004a 0323     		movs	r3, #3
 171 004c 0393     		str	r3, [sp, #12]
 104:Src/stm32f4xx_hal_msp.c ****     GPIO_InitStruct.Pull = GPIO_NOPULL;
 172              		.loc 1 104 5 is_stmt 1 view .LVU36
 104:Src/stm32f4xx_hal_msp.c ****     GPIO_InitStruct.Pull = GPIO_NOPULL;
 173              		.loc 1 104 26 is_stmt 0 view .LVU37
 174 004e 0222     		movs	r2, #2
 175 0050 0492     		str	r2, [sp, #16]
 105:Src/stm32f4xx_hal_msp.c ****     GPIO_InitStruct.Speed = GPIO_SPEED_FREQ_VERY_HIGH;
 176              		.loc 1 105 5 is_stmt 1 view .LVU38
 106:Src/stm32f4xx_hal_msp.c ****     GPIO_InitStruct.Alternate = GPIO_AF9_CAN1;
 177              		.loc 1 106 5 view .LVU39
 106:Src/stm32f4xx_hal_msp.c ****     GPIO_InitStruct.Alternate = GPIO_AF9_CAN1;
 178              		.loc 1 106 27 is_stmt 0 view .LVU40
 179 0052 0693     		str	r3, [sp, #24]
 107:Src/stm32f4xx_hal_msp.c ****     HAL_GPIO_Init(GPIOD, &GPIO_InitStruct);
 180              		.loc 1 107 5 is_stmt 1 view .LVU41
 107:Src/stm32f4xx_hal_msp.c ****     HAL_GPIO_Init(GPIOD, &GPIO_InitStruct);
 181              		.loc 1 107 31 is_stmt 0 view .LVU42
 182 0054 0923     		movs	r3, #9
 183 0056 0793     		str	r3, [sp, #28]
 108:Src/stm32f4xx_hal_msp.c **** 
 184              		.loc 1 108 5 is_stmt 1 view .LVU43
 185 0058 03A9     		add	r1, sp, #12
 186 005a 0748     		ldr	r0, .L9+4
 187              	.LVL3:
 108:Src/stm32f4xx_hal_msp.c **** 
 188              		.loc 1 108 5 is_stmt 0 view .LVU44
 189 005c FFF7FEFF 		bl	HAL_GPIO_Init
 190              	.LVL4:
 111:Src/stm32f4xx_hal_msp.c ****     HAL_NVIC_EnableIRQ(CAN1_RX0_IRQn);
 191              		.loc 1 111 5 is_stmt 1 view .LVU45
 192 0060 0022     		movs	r2, #0
 193 0062 1146     		mov	r1, r2
 194 0064 1420     		movs	r0, #20
 195 0066 FFF7FEFF 		bl	HAL_NVIC_SetPriority
 196              	.LVL5:
 112:Src/stm32f4xx_hal_msp.c ****     /* USER CODE BEGIN CAN1_MspInit 1 */
 197              		.loc 1 112 5 view .LVU46
 198 006a 1420     		movs	r0, #20
 199 006c FFF7FEFF 		bl	HAL_NVIC_EnableIRQ
 200              	.LVL6:
 201              		.loc 1 119 1 is_stmt 0 view .LVU47
ARM GAS  /tmp/ccC68vUr.s 			page 7


 202 0070 D2E7     		b	.L5
 203              	.L10:
 204 0072 00BF     		.align	2
 205              	.L9:
 206 0074 00640040 		.word	1073767424
 207 0078 000C0240 		.word	1073875968
 208              		.cfi_endproc
 209              	.LFE135:
 211              		.section	.text.HAL_CAN_MspDeInit,"ax",%progbits
 212              		.align	1
 213              		.global	HAL_CAN_MspDeInit
 214              		.syntax unified
 215              		.thumb
 216              		.thumb_func
 218              	HAL_CAN_MspDeInit:
 219              	.LVL7:
 220              	.LFB136:
 120:Src/stm32f4xx_hal_msp.c **** 
 121:Src/stm32f4xx_hal_msp.c **** /**
 122:Src/stm32f4xx_hal_msp.c ****   * @brief CAN MSP De-Initialization
 123:Src/stm32f4xx_hal_msp.c ****   * This function freeze the hardware resources used in this example
 124:Src/stm32f4xx_hal_msp.c ****   * @param hcan: CAN handle pointer
 125:Src/stm32f4xx_hal_msp.c ****   * @retval None
 126:Src/stm32f4xx_hal_msp.c ****   */
 127:Src/stm32f4xx_hal_msp.c **** void HAL_CAN_MspDeInit(CAN_HandleTypeDef* hcan)
 128:Src/stm32f4xx_hal_msp.c **** {
 221              		.loc 1 128 1 is_stmt 1 view -0
 222              		.cfi_startproc
 223              		@ args = 0, pretend = 0, frame = 0
 224              		@ frame_needed = 0, uses_anonymous_args = 0
 225              		.loc 1 128 1 is_stmt 0 view .LVU49
 226 0000 08B5     		push	{r3, lr}
 227              	.LCFI6:
 228              		.cfi_def_cfa_offset 8
 229              		.cfi_offset 3, -8
 230              		.cfi_offset 14, -4
 129:Src/stm32f4xx_hal_msp.c ****   if(hcan->Instance==CAN1)
 231              		.loc 1 129 3 is_stmt 1 view .LVU50
 232              		.loc 1 129 10 is_stmt 0 view .LVU51
 233 0002 0268     		ldr	r2, [r0]
 234              		.loc 1 129 5 view .LVU52
 235 0004 084B     		ldr	r3, .L15
 236 0006 9A42     		cmp	r2, r3
 237 0008 00D0     		beq	.L14
 238              	.LVL8:
 239              	.L11:
 130:Src/stm32f4xx_hal_msp.c ****   {
 131:Src/stm32f4xx_hal_msp.c ****     /* USER CODE BEGIN CAN1_MspDeInit 0 */
 132:Src/stm32f4xx_hal_msp.c **** 
 133:Src/stm32f4xx_hal_msp.c ****     /* USER CODE END CAN1_MspDeInit 0 */
 134:Src/stm32f4xx_hal_msp.c ****     /* Peripheral clock disable */
 135:Src/stm32f4xx_hal_msp.c ****     __HAL_RCC_CAN1_CLK_DISABLE();
 136:Src/stm32f4xx_hal_msp.c **** 
 137:Src/stm32f4xx_hal_msp.c ****     /**CAN1 GPIO Configuration
 138:Src/stm32f4xx_hal_msp.c ****     PD0     ------> CAN1_RX
 139:Src/stm32f4xx_hal_msp.c ****     PD1     ------> CAN1_TX
 140:Src/stm32f4xx_hal_msp.c ****     */
ARM GAS  /tmp/ccC68vUr.s 			page 8


 141:Src/stm32f4xx_hal_msp.c ****     HAL_GPIO_DeInit(GPIOD, GPIO_PIN_0|GPIO_PIN_1);
 142:Src/stm32f4xx_hal_msp.c **** 
 143:Src/stm32f4xx_hal_msp.c ****     /* CAN1 interrupt DeInit */
 144:Src/stm32f4xx_hal_msp.c ****     HAL_NVIC_DisableIRQ(CAN1_RX0_IRQn);
 145:Src/stm32f4xx_hal_msp.c ****     /* USER CODE BEGIN CAN1_MspDeInit 1 */
 146:Src/stm32f4xx_hal_msp.c **** 
 147:Src/stm32f4xx_hal_msp.c ****     /* USER CODE END CAN1_MspDeInit 1 */
 148:Src/stm32f4xx_hal_msp.c ****   }
 149:Src/stm32f4xx_hal_msp.c **** 
 150:Src/stm32f4xx_hal_msp.c **** }
 240              		.loc 1 150 1 view .LVU53
 241 000a 08BD     		pop	{r3, pc}
 242              	.LVL9:
 243              	.L14:
 135:Src/stm32f4xx_hal_msp.c **** 
 244              		.loc 1 135 5 is_stmt 1 view .LVU54
 245 000c 074A     		ldr	r2, .L15+4
 246 000e 136C     		ldr	r3, [r2, #64]
 247 0010 23F00073 		bic	r3, r3, #33554432
 248 0014 1364     		str	r3, [r2, #64]
 141:Src/stm32f4xx_hal_msp.c **** 
 249              		.loc 1 141 5 view .LVU55
 250 0016 0321     		movs	r1, #3
 251 0018 0548     		ldr	r0, .L15+8
 252              	.LVL10:
 141:Src/stm32f4xx_hal_msp.c **** 
 253              		.loc 1 141 5 is_stmt 0 view .LVU56
 254 001a FFF7FEFF 		bl	HAL_GPIO_DeInit
 255              	.LVL11:
 144:Src/stm32f4xx_hal_msp.c ****     /* USER CODE BEGIN CAN1_MspDeInit 1 */
 256              		.loc 1 144 5 is_stmt 1 view .LVU57
 257 001e 1420     		movs	r0, #20
 258 0020 FFF7FEFF 		bl	HAL_NVIC_DisableIRQ
 259              	.LVL12:
 260              		.loc 1 150 1 is_stmt 0 view .LVU58
 261 0024 F1E7     		b	.L11
 262              	.L16:
 263 0026 00BF     		.align	2
 264              	.L15:
 265 0028 00640040 		.word	1073767424
 266 002c 00380240 		.word	1073887232
 267 0030 000C0240 		.word	1073875968
 268              		.cfi_endproc
 269              	.LFE136:
 271              		.section	.text.HAL_TIM_Base_MspInit,"ax",%progbits
 272              		.align	1
 273              		.global	HAL_TIM_Base_MspInit
 274              		.syntax unified
 275              		.thumb
 276              		.thumb_func
 278              	HAL_TIM_Base_MspInit:
 279              	.LVL13:
 280              	.LFB137:
 151:Src/stm32f4xx_hal_msp.c **** 
 152:Src/stm32f4xx_hal_msp.c **** /**
 153:Src/stm32f4xx_hal_msp.c ****   * @brief TIM_Base MSP Initialization
 154:Src/stm32f4xx_hal_msp.c ****   * This function configures the hardware resources used in this example
ARM GAS  /tmp/ccC68vUr.s 			page 9


 155:Src/stm32f4xx_hal_msp.c ****   * @param htim_base: TIM_Base handle pointer
 156:Src/stm32f4xx_hal_msp.c ****   * @retval None
 157:Src/stm32f4xx_hal_msp.c ****   */
 158:Src/stm32f4xx_hal_msp.c **** void HAL_TIM_Base_MspInit(TIM_HandleTypeDef* htim_base)
 159:Src/stm32f4xx_hal_msp.c **** {
 281              		.loc 1 159 1 is_stmt 1 view -0
 282              		.cfi_startproc
 283              		@ args = 0, pretend = 0, frame = 8
 284              		@ frame_needed = 0, uses_anonymous_args = 0
 285              		@ link register save eliminated.
 160:Src/stm32f4xx_hal_msp.c ****   if(htim_base->Instance==TIM2)
 286              		.loc 1 160 3 view .LVU60
 287              		.loc 1 160 15 is_stmt 0 view .LVU61
 288 0000 0368     		ldr	r3, [r0]
 289              		.loc 1 160 5 view .LVU62
 290 0002 B3F1804F 		cmp	r3, #1073741824
 291 0006 00D0     		beq	.L23
 292 0008 7047     		bx	lr
 293              	.L23:
 159:Src/stm32f4xx_hal_msp.c ****   if(htim_base->Instance==TIM2)
 294              		.loc 1 159 1 view .LVU63
 295 000a 82B0     		sub	sp, sp, #8
 296              	.LCFI7:
 297              		.cfi_def_cfa_offset 8
 161:Src/stm32f4xx_hal_msp.c ****   {
 162:Src/stm32f4xx_hal_msp.c ****     /* USER CODE BEGIN TIM2_MspInit 0 */
 163:Src/stm32f4xx_hal_msp.c **** 
 164:Src/stm32f4xx_hal_msp.c ****     /* USER CODE END TIM2_MspInit 0 */
 165:Src/stm32f4xx_hal_msp.c ****     /* Peripheral clock enable */
 166:Src/stm32f4xx_hal_msp.c ****     __HAL_RCC_TIM2_CLK_ENABLE();
 298              		.loc 1 166 5 is_stmt 1 view .LVU64
 299              	.LBB6:
 300              		.loc 1 166 5 view .LVU65
 301 000c 0023     		movs	r3, #0
 302 000e 0193     		str	r3, [sp, #4]
 303              		.loc 1 166 5 view .LVU66
 304 0010 054B     		ldr	r3, .L24
 305 0012 1A6C     		ldr	r2, [r3, #64]
 306 0014 42F00102 		orr	r2, r2, #1
 307 0018 1A64     		str	r2, [r3, #64]
 308              		.loc 1 166 5 view .LVU67
 309 001a 1B6C     		ldr	r3, [r3, #64]
 310 001c 03F00103 		and	r3, r3, #1
 311 0020 0193     		str	r3, [sp, #4]
 312              		.loc 1 166 5 view .LVU68
 313 0022 019B     		ldr	r3, [sp, #4]
 314              	.LBE6:
 315              		.loc 1 166 5 view .LVU69
 167:Src/stm32f4xx_hal_msp.c ****     /* USER CODE BEGIN TIM2_MspInit 1 */
 168:Src/stm32f4xx_hal_msp.c **** 
 169:Src/stm32f4xx_hal_msp.c ****     /* USER CODE END TIM2_MspInit 1 */
 170:Src/stm32f4xx_hal_msp.c **** 
 171:Src/stm32f4xx_hal_msp.c ****   }
 172:Src/stm32f4xx_hal_msp.c **** 
 173:Src/stm32f4xx_hal_msp.c **** }
 316              		.loc 1 173 1 is_stmt 0 view .LVU70
 317 0024 02B0     		add	sp, sp, #8
ARM GAS  /tmp/ccC68vUr.s 			page 10


 318              	.LCFI8:
 319              		.cfi_def_cfa_offset 0
 320              		@ sp needed
 321 0026 7047     		bx	lr
 322              	.L25:
 323              		.align	2
 324              	.L24:
 325 0028 00380240 		.word	1073887232
 326              		.cfi_endproc
 327              	.LFE137:
 329              		.section	.text.HAL_TIM_MspPostInit,"ax",%progbits
 330              		.align	1
 331              		.global	HAL_TIM_MspPostInit
 332              		.syntax unified
 333              		.thumb
 334              		.thumb_func
 336              	HAL_TIM_MspPostInit:
 337              	.LVL14:
 338              	.LFB138:
 174:Src/stm32f4xx_hal_msp.c **** 
 175:Src/stm32f4xx_hal_msp.c **** void HAL_TIM_MspPostInit(TIM_HandleTypeDef* htim)
 176:Src/stm32f4xx_hal_msp.c **** {
 339              		.loc 1 176 1 is_stmt 1 view -0
 340              		.cfi_startproc
 341              		@ args = 0, pretend = 0, frame = 24
 342              		@ frame_needed = 0, uses_anonymous_args = 0
 343              		.loc 1 176 1 is_stmt 0 view .LVU72
 344 0000 00B5     		push	{lr}
 345              	.LCFI9:
 346              		.cfi_def_cfa_offset 4
 347              		.cfi_offset 14, -4
 348 0002 87B0     		sub	sp, sp, #28
 349              	.LCFI10:
 350              		.cfi_def_cfa_offset 32
 177:Src/stm32f4xx_hal_msp.c ****   GPIO_InitTypeDef GPIO_InitStruct = {0};
 351              		.loc 1 177 3 is_stmt 1 view .LVU73
 352              		.loc 1 177 20 is_stmt 0 view .LVU74
 353 0004 0023     		movs	r3, #0
 354 0006 0193     		str	r3, [sp, #4]
 355 0008 0293     		str	r3, [sp, #8]
 356 000a 0393     		str	r3, [sp, #12]
 357 000c 0493     		str	r3, [sp, #16]
 358 000e 0593     		str	r3, [sp, #20]
 178:Src/stm32f4xx_hal_msp.c ****   if(htim->Instance==TIM2)
 359              		.loc 1 178 3 is_stmt 1 view .LVU75
 360              		.loc 1 178 10 is_stmt 0 view .LVU76
 361 0010 0368     		ldr	r3, [r0]
 362              		.loc 1 178 5 view .LVU77
 363 0012 B3F1804F 		cmp	r3, #1073741824
 364 0016 01D0     		beq	.L29
 365              	.LVL15:
 366              	.L26:
 179:Src/stm32f4xx_hal_msp.c ****   {
 180:Src/stm32f4xx_hal_msp.c ****     /* USER CODE BEGIN TIM2_MspPostInit 0 */
 181:Src/stm32f4xx_hal_msp.c **** 
 182:Src/stm32f4xx_hal_msp.c ****     /* USER CODE END TIM2_MspPostInit 0 */
 183:Src/stm32f4xx_hal_msp.c **** 
ARM GAS  /tmp/ccC68vUr.s 			page 11


 184:Src/stm32f4xx_hal_msp.c ****     __HAL_RCC_GPIOB_CLK_ENABLE();
 185:Src/stm32f4xx_hal_msp.c ****     /**TIM2 GPIO Configuration
 186:Src/stm32f4xx_hal_msp.c ****     PB10     ------> TIM2_CH3
 187:Src/stm32f4xx_hal_msp.c ****     */
 188:Src/stm32f4xx_hal_msp.c ****     GPIO_InitStruct.Pin = GPIO_PIN_10;
 189:Src/stm32f4xx_hal_msp.c ****     GPIO_InitStruct.Mode = GPIO_MODE_AF_PP;
 190:Src/stm32f4xx_hal_msp.c ****     GPIO_InitStruct.Pull = GPIO_NOPULL;
 191:Src/stm32f4xx_hal_msp.c ****     GPIO_InitStruct.Speed = GPIO_SPEED_FREQ_LOW;
 192:Src/stm32f4xx_hal_msp.c ****     GPIO_InitStruct.Alternate = GPIO_AF1_TIM2;
 193:Src/stm32f4xx_hal_msp.c ****     HAL_GPIO_Init(GPIOB, &GPIO_InitStruct);
 194:Src/stm32f4xx_hal_msp.c **** 
 195:Src/stm32f4xx_hal_msp.c ****     /* USER CODE BEGIN TIM2_MspPostInit 1 */
 196:Src/stm32f4xx_hal_msp.c **** 
 197:Src/stm32f4xx_hal_msp.c ****     /* USER CODE END TIM2_MspPostInit 1 */
 198:Src/stm32f4xx_hal_msp.c ****   }
 199:Src/stm32f4xx_hal_msp.c **** 
 200:Src/stm32f4xx_hal_msp.c **** }
 367              		.loc 1 200 1 view .LVU78
 368 0018 07B0     		add	sp, sp, #28
 369              	.LCFI11:
 370              		.cfi_remember_state
 371              		.cfi_def_cfa_offset 4
 372              		@ sp needed
 373 001a 00BD     		pop	{pc}
 374              	.LVL16:
 375              	.L29:
 376              	.LCFI12:
 377              		.cfi_restore_state
 184:Src/stm32f4xx_hal_msp.c ****     /**TIM2 GPIO Configuration
 378              		.loc 1 184 5 is_stmt 1 view .LVU79
 379              	.LBB7:
 184:Src/stm32f4xx_hal_msp.c ****     /**TIM2 GPIO Configuration
 380              		.loc 1 184 5 view .LVU80
 381 001c 0023     		movs	r3, #0
 382 001e 0093     		str	r3, [sp]
 184:Src/stm32f4xx_hal_msp.c ****     /**TIM2 GPIO Configuration
 383              		.loc 1 184 5 view .LVU81
 384 0020 0A4B     		ldr	r3, .L30
 385 0022 1A6B     		ldr	r2, [r3, #48]
 386 0024 42F00202 		orr	r2, r2, #2
 387 0028 1A63     		str	r2, [r3, #48]
 184:Src/stm32f4xx_hal_msp.c ****     /**TIM2 GPIO Configuration
 388              		.loc 1 184 5 view .LVU82
 389 002a 1B6B     		ldr	r3, [r3, #48]
 390 002c 03F00203 		and	r3, r3, #2
 391 0030 0093     		str	r3, [sp]
 184:Src/stm32f4xx_hal_msp.c ****     /**TIM2 GPIO Configuration
 392              		.loc 1 184 5 view .LVU83
 393 0032 009B     		ldr	r3, [sp]
 394              	.LBE7:
 184:Src/stm32f4xx_hal_msp.c ****     /**TIM2 GPIO Configuration
 395              		.loc 1 184 5 view .LVU84
 188:Src/stm32f4xx_hal_msp.c ****     GPIO_InitStruct.Mode = GPIO_MODE_AF_PP;
 396              		.loc 1 188 5 view .LVU85
 188:Src/stm32f4xx_hal_msp.c ****     GPIO_InitStruct.Mode = GPIO_MODE_AF_PP;
 397              		.loc 1 188 25 is_stmt 0 view .LVU86
 398 0034 4FF48063 		mov	r3, #1024
ARM GAS  /tmp/ccC68vUr.s 			page 12


 399 0038 0193     		str	r3, [sp, #4]
 189:Src/stm32f4xx_hal_msp.c ****     GPIO_InitStruct.Pull = GPIO_NOPULL;
 400              		.loc 1 189 5 is_stmt 1 view .LVU87
 189:Src/stm32f4xx_hal_msp.c ****     GPIO_InitStruct.Pull = GPIO_NOPULL;
 401              		.loc 1 189 26 is_stmt 0 view .LVU88
 402 003a 0223     		movs	r3, #2
 403 003c 0293     		str	r3, [sp, #8]
 190:Src/stm32f4xx_hal_msp.c ****     GPIO_InitStruct.Speed = GPIO_SPEED_FREQ_LOW;
 404              		.loc 1 190 5 is_stmt 1 view .LVU89
 191:Src/stm32f4xx_hal_msp.c ****     GPIO_InitStruct.Alternate = GPIO_AF1_TIM2;
 405              		.loc 1 191 5 view .LVU90
 192:Src/stm32f4xx_hal_msp.c ****     HAL_GPIO_Init(GPIOB, &GPIO_InitStruct);
 406              		.loc 1 192 5 view .LVU91
 192:Src/stm32f4xx_hal_msp.c ****     HAL_GPIO_Init(GPIOB, &GPIO_InitStruct);
 407              		.loc 1 192 31 is_stmt 0 view .LVU92
 408 003e 0123     		movs	r3, #1
 409 0040 0593     		str	r3, [sp, #20]
 193:Src/stm32f4xx_hal_msp.c **** 
 410              		.loc 1 193 5 is_stmt 1 view .LVU93
 411 0042 01A9     		add	r1, sp, #4
 412 0044 0248     		ldr	r0, .L30+4
 413              	.LVL17:
 193:Src/stm32f4xx_hal_msp.c **** 
 414              		.loc 1 193 5 is_stmt 0 view .LVU94
 415 0046 FFF7FEFF 		bl	HAL_GPIO_Init
 416              	.LVL18:
 417              		.loc 1 200 1 view .LVU95
 418 004a E5E7     		b	.L26
 419              	.L31:
 420              		.align	2
 421              	.L30:
 422 004c 00380240 		.word	1073887232
 423 0050 00040240 		.word	1073873920
 424              		.cfi_endproc
 425              	.LFE138:
 427              		.section	.text.HAL_TIM_Base_MspDeInit,"ax",%progbits
 428              		.align	1
 429              		.global	HAL_TIM_Base_MspDeInit
 430              		.syntax unified
 431              		.thumb
 432              		.thumb_func
 434              	HAL_TIM_Base_MspDeInit:
 435              	.LVL19:
 436              	.LFB139:
 201:Src/stm32f4xx_hal_msp.c **** /**
 202:Src/stm32f4xx_hal_msp.c ****   * @brief TIM_Base MSP De-Initialization
 203:Src/stm32f4xx_hal_msp.c ****   * This function freeze the hardware resources used in this example
 204:Src/stm32f4xx_hal_msp.c ****   * @param htim_base: TIM_Base handle pointer
 205:Src/stm32f4xx_hal_msp.c ****   * @retval None
 206:Src/stm32f4xx_hal_msp.c ****   */
 207:Src/stm32f4xx_hal_msp.c **** void HAL_TIM_Base_MspDeInit(TIM_HandleTypeDef* htim_base)
 208:Src/stm32f4xx_hal_msp.c **** {
 437              		.loc 1 208 1 is_stmt 1 view -0
 438              		.cfi_startproc
 439              		@ args = 0, pretend = 0, frame = 0
 440              		@ frame_needed = 0, uses_anonymous_args = 0
 441              		@ link register save eliminated.
ARM GAS  /tmp/ccC68vUr.s 			page 13


 209:Src/stm32f4xx_hal_msp.c ****   if(htim_base->Instance==TIM2)
 442              		.loc 1 209 3 view .LVU97
 443              		.loc 1 209 15 is_stmt 0 view .LVU98
 444 0000 0368     		ldr	r3, [r0]
 445              		.loc 1 209 5 view .LVU99
 446 0002 B3F1804F 		cmp	r3, #1073741824
 447 0006 00D0     		beq	.L34
 448              	.L32:
 210:Src/stm32f4xx_hal_msp.c ****   {
 211:Src/stm32f4xx_hal_msp.c ****     /* USER CODE BEGIN TIM2_MspDeInit 0 */
 212:Src/stm32f4xx_hal_msp.c **** 
 213:Src/stm32f4xx_hal_msp.c ****     /* USER CODE END TIM2_MspDeInit 0 */
 214:Src/stm32f4xx_hal_msp.c ****     /* Peripheral clock disable */
 215:Src/stm32f4xx_hal_msp.c ****     __HAL_RCC_TIM2_CLK_DISABLE();
 216:Src/stm32f4xx_hal_msp.c ****     /* USER CODE BEGIN TIM2_MspDeInit 1 */
 217:Src/stm32f4xx_hal_msp.c **** 
 218:Src/stm32f4xx_hal_msp.c ****     /* USER CODE END TIM2_MspDeInit 1 */
 219:Src/stm32f4xx_hal_msp.c ****   }
 220:Src/stm32f4xx_hal_msp.c **** 
 221:Src/stm32f4xx_hal_msp.c **** }
 449              		.loc 1 221 1 view .LVU100
 450 0008 7047     		bx	lr
 451              	.L34:
 215:Src/stm32f4xx_hal_msp.c ****     /* USER CODE BEGIN TIM2_MspDeInit 1 */
 452              		.loc 1 215 5 is_stmt 1 view .LVU101
 453 000a 034A     		ldr	r2, .L35
 454 000c 136C     		ldr	r3, [r2, #64]
 455 000e 23F00103 		bic	r3, r3, #1
 456 0012 1364     		str	r3, [r2, #64]
 457              		.loc 1 221 1 is_stmt 0 view .LVU102
 458 0014 F8E7     		b	.L32
 459              	.L36:
 460 0016 00BF     		.align	2
 461              	.L35:
 462 0018 00380240 		.word	1073887232
 463              		.cfi_endproc
 464              	.LFE139:
 466              		.section	.text.HAL_UART_MspInit,"ax",%progbits
 467              		.align	1
 468              		.global	HAL_UART_MspInit
 469              		.syntax unified
 470              		.thumb
 471              		.thumb_func
 473              	HAL_UART_MspInit:
 474              	.LVL20:
 475              	.LFB140:
 222:Src/stm32f4xx_hal_msp.c **** 
 223:Src/stm32f4xx_hal_msp.c **** /**
 224:Src/stm32f4xx_hal_msp.c ****   * @brief UART MSP Initialization
 225:Src/stm32f4xx_hal_msp.c ****   * This function configures the hardware resources used in this example
 226:Src/stm32f4xx_hal_msp.c ****   * @param huart: UART handle pointer
 227:Src/stm32f4xx_hal_msp.c ****   * @retval None
 228:Src/stm32f4xx_hal_msp.c ****   */
 229:Src/stm32f4xx_hal_msp.c **** void HAL_UART_MspInit(UART_HandleTypeDef* huart)
 230:Src/stm32f4xx_hal_msp.c **** {
 476              		.loc 1 230 1 is_stmt 1 view -0
 477              		.cfi_startproc
ARM GAS  /tmp/ccC68vUr.s 			page 14


 478              		@ args = 0, pretend = 0, frame = 32
 479              		@ frame_needed = 0, uses_anonymous_args = 0
 480              		.loc 1 230 1 is_stmt 0 view .LVU104
 481 0000 00B5     		push	{lr}
 482              	.LCFI13:
 483              		.cfi_def_cfa_offset 4
 484              		.cfi_offset 14, -4
 485 0002 89B0     		sub	sp, sp, #36
 486              	.LCFI14:
 487              		.cfi_def_cfa_offset 40
 231:Src/stm32f4xx_hal_msp.c ****   GPIO_InitTypeDef GPIO_InitStruct = {0};
 488              		.loc 1 231 3 is_stmt 1 view .LVU105
 489              		.loc 1 231 20 is_stmt 0 view .LVU106
 490 0004 0023     		movs	r3, #0
 491 0006 0393     		str	r3, [sp, #12]
 492 0008 0493     		str	r3, [sp, #16]
 493 000a 0593     		str	r3, [sp, #20]
 494 000c 0693     		str	r3, [sp, #24]
 495 000e 0793     		str	r3, [sp, #28]
 232:Src/stm32f4xx_hal_msp.c ****   if(huart->Instance==USART3)
 496              		.loc 1 232 3 is_stmt 1 view .LVU107
 497              		.loc 1 232 11 is_stmt 0 view .LVU108
 498 0010 0268     		ldr	r2, [r0]
 499              		.loc 1 232 5 view .LVU109
 500 0012 154B     		ldr	r3, .L41
 501 0014 9A42     		cmp	r2, r3
 502 0016 01D0     		beq	.L40
 503              	.LVL21:
 504              	.L37:
 233:Src/stm32f4xx_hal_msp.c ****   {
 234:Src/stm32f4xx_hal_msp.c ****     /* USER CODE BEGIN USART3_MspInit 0 */
 235:Src/stm32f4xx_hal_msp.c **** 
 236:Src/stm32f4xx_hal_msp.c ****     /* USER CODE END USART3_MspInit 0 */
 237:Src/stm32f4xx_hal_msp.c ****     /* Peripheral clock enable */
 238:Src/stm32f4xx_hal_msp.c ****     __HAL_RCC_USART3_CLK_ENABLE();
 239:Src/stm32f4xx_hal_msp.c **** 
 240:Src/stm32f4xx_hal_msp.c ****     __HAL_RCC_GPIOD_CLK_ENABLE();
 241:Src/stm32f4xx_hal_msp.c ****     /**USART3 GPIO Configuration
 242:Src/stm32f4xx_hal_msp.c ****     PD8     ------> USART3_TX
 243:Src/stm32f4xx_hal_msp.c ****     PD9     ------> USART3_RX
 244:Src/stm32f4xx_hal_msp.c ****     */
 245:Src/stm32f4xx_hal_msp.c ****     GPIO_InitStruct.Pin = STLK_RX_Pin|STLK_TX_Pin;
 246:Src/stm32f4xx_hal_msp.c ****     GPIO_InitStruct.Mode = GPIO_MODE_AF_PP;
 247:Src/stm32f4xx_hal_msp.c ****     GPIO_InitStruct.Pull = GPIO_NOPULL;
 248:Src/stm32f4xx_hal_msp.c ****     GPIO_InitStruct.Speed = GPIO_SPEED_FREQ_VERY_HIGH;
 249:Src/stm32f4xx_hal_msp.c ****     GPIO_InitStruct.Alternate = GPIO_AF7_USART3;
 250:Src/stm32f4xx_hal_msp.c ****     HAL_GPIO_Init(GPIOD, &GPIO_InitStruct);
 251:Src/stm32f4xx_hal_msp.c **** 
 252:Src/stm32f4xx_hal_msp.c ****     /* USER CODE BEGIN USART3_MspInit 1 */
 253:Src/stm32f4xx_hal_msp.c **** 
 254:Src/stm32f4xx_hal_msp.c ****     /* USER CODE END USART3_MspInit 1 */
 255:Src/stm32f4xx_hal_msp.c **** 
 256:Src/stm32f4xx_hal_msp.c ****   }
 257:Src/stm32f4xx_hal_msp.c **** 
 258:Src/stm32f4xx_hal_msp.c **** }
 505              		.loc 1 258 1 view .LVU110
 506 0018 09B0     		add	sp, sp, #36
ARM GAS  /tmp/ccC68vUr.s 			page 15


 507              	.LCFI15:
 508              		.cfi_remember_state
 509              		.cfi_def_cfa_offset 4
 510              		@ sp needed
 511 001a 00BD     		pop	{pc}
 512              	.LVL22:
 513              	.L40:
 514              	.LCFI16:
 515              		.cfi_restore_state
 238:Src/stm32f4xx_hal_msp.c **** 
 516              		.loc 1 238 5 is_stmt 1 view .LVU111
 517              	.LBB8:
 238:Src/stm32f4xx_hal_msp.c **** 
 518              		.loc 1 238 5 view .LVU112
 519 001c 0021     		movs	r1, #0
 520 001e 0191     		str	r1, [sp, #4]
 238:Src/stm32f4xx_hal_msp.c **** 
 521              		.loc 1 238 5 view .LVU113
 522 0020 03F5F833 		add	r3, r3, #126976
 523 0024 1A6C     		ldr	r2, [r3, #64]
 524 0026 42F48022 		orr	r2, r2, #262144
 525 002a 1A64     		str	r2, [r3, #64]
 238:Src/stm32f4xx_hal_msp.c **** 
 526              		.loc 1 238 5 view .LVU114
 527 002c 1A6C     		ldr	r2, [r3, #64]
 528 002e 02F48022 		and	r2, r2, #262144
 529 0032 0192     		str	r2, [sp, #4]
 238:Src/stm32f4xx_hal_msp.c **** 
 530              		.loc 1 238 5 view .LVU115
 531 0034 019A     		ldr	r2, [sp, #4]
 532              	.LBE8:
 238:Src/stm32f4xx_hal_msp.c **** 
 533              		.loc 1 238 5 view .LVU116
 240:Src/stm32f4xx_hal_msp.c ****     /**USART3 GPIO Configuration
 534              		.loc 1 240 5 view .LVU117
 535              	.LBB9:
 240:Src/stm32f4xx_hal_msp.c ****     /**USART3 GPIO Configuration
 536              		.loc 1 240 5 view .LVU118
 537 0036 0291     		str	r1, [sp, #8]
 240:Src/stm32f4xx_hal_msp.c ****     /**USART3 GPIO Configuration
 538              		.loc 1 240 5 view .LVU119
 539 0038 1A6B     		ldr	r2, [r3, #48]
 540 003a 42F00802 		orr	r2, r2, #8
 541 003e 1A63     		str	r2, [r3, #48]
 240:Src/stm32f4xx_hal_msp.c ****     /**USART3 GPIO Configuration
 542              		.loc 1 240 5 view .LVU120
 543 0040 1B6B     		ldr	r3, [r3, #48]
 544 0042 03F00803 		and	r3, r3, #8
 545 0046 0293     		str	r3, [sp, #8]
 240:Src/stm32f4xx_hal_msp.c ****     /**USART3 GPIO Configuration
 546              		.loc 1 240 5 view .LVU121
 547 0048 029B     		ldr	r3, [sp, #8]
 548              	.LBE9:
 240:Src/stm32f4xx_hal_msp.c ****     /**USART3 GPIO Configuration
 549              		.loc 1 240 5 view .LVU122
 245:Src/stm32f4xx_hal_msp.c ****     GPIO_InitStruct.Mode = GPIO_MODE_AF_PP;
 550              		.loc 1 245 5 view .LVU123
ARM GAS  /tmp/ccC68vUr.s 			page 16


 245:Src/stm32f4xx_hal_msp.c ****     GPIO_InitStruct.Mode = GPIO_MODE_AF_PP;
 551              		.loc 1 245 25 is_stmt 0 view .LVU124
 552 004a 4FF44073 		mov	r3, #768
 553 004e 0393     		str	r3, [sp, #12]
 246:Src/stm32f4xx_hal_msp.c ****     GPIO_InitStruct.Pull = GPIO_NOPULL;
 554              		.loc 1 246 5 is_stmt 1 view .LVU125
 246:Src/stm32f4xx_hal_msp.c ****     GPIO_InitStruct.Pull = GPIO_NOPULL;
 555              		.loc 1 246 26 is_stmt 0 view .LVU126
 556 0050 0223     		movs	r3, #2
 557 0052 0493     		str	r3, [sp, #16]
 247:Src/stm32f4xx_hal_msp.c ****     GPIO_InitStruct.Speed = GPIO_SPEED_FREQ_VERY_HIGH;
 558              		.loc 1 247 5 is_stmt 1 view .LVU127
 248:Src/stm32f4xx_hal_msp.c ****     GPIO_InitStruct.Alternate = GPIO_AF7_USART3;
 559              		.loc 1 248 5 view .LVU128
 248:Src/stm32f4xx_hal_msp.c ****     GPIO_InitStruct.Alternate = GPIO_AF7_USART3;
 560              		.loc 1 248 27 is_stmt 0 view .LVU129
 561 0054 0323     		movs	r3, #3
 562 0056 0693     		str	r3, [sp, #24]
 249:Src/stm32f4xx_hal_msp.c ****     HAL_GPIO_Init(GPIOD, &GPIO_InitStruct);
 563              		.loc 1 249 5 is_stmt 1 view .LVU130
 249:Src/stm32f4xx_hal_msp.c ****     HAL_GPIO_Init(GPIOD, &GPIO_InitStruct);
 564              		.loc 1 249 31 is_stmt 0 view .LVU131
 565 0058 0723     		movs	r3, #7
 566 005a 0793     		str	r3, [sp, #28]
 250:Src/stm32f4xx_hal_msp.c **** 
 567              		.loc 1 250 5 is_stmt 1 view .LVU132
 568 005c 03A9     		add	r1, sp, #12
 569 005e 0348     		ldr	r0, .L41+4
 570              	.LVL23:
 250:Src/stm32f4xx_hal_msp.c **** 
 571              		.loc 1 250 5 is_stmt 0 view .LVU133
 572 0060 FFF7FEFF 		bl	HAL_GPIO_Init
 573              	.LVL24:
 574              		.loc 1 258 1 view .LVU134
 575 0064 D8E7     		b	.L37
 576              	.L42:
 577 0066 00BF     		.align	2
 578              	.L41:
 579 0068 00480040 		.word	1073760256
 580 006c 000C0240 		.word	1073875968
 581              		.cfi_endproc
 582              	.LFE140:
 584              		.section	.text.HAL_UART_MspDeInit,"ax",%progbits
 585              		.align	1
 586              		.global	HAL_UART_MspDeInit
 587              		.syntax unified
 588              		.thumb
 589              		.thumb_func
 591              	HAL_UART_MspDeInit:
 592              	.LVL25:
 593              	.LFB141:
 259:Src/stm32f4xx_hal_msp.c **** 
 260:Src/stm32f4xx_hal_msp.c **** /**
 261:Src/stm32f4xx_hal_msp.c ****   * @brief UART MSP De-Initialization
 262:Src/stm32f4xx_hal_msp.c ****   * This function freeze the hardware resources used in this example
 263:Src/stm32f4xx_hal_msp.c ****   * @param huart: UART handle pointer
 264:Src/stm32f4xx_hal_msp.c ****   * @retval None
ARM GAS  /tmp/ccC68vUr.s 			page 17


 265:Src/stm32f4xx_hal_msp.c ****   */
 266:Src/stm32f4xx_hal_msp.c **** void HAL_UART_MspDeInit(UART_HandleTypeDef* huart)
 267:Src/stm32f4xx_hal_msp.c **** {
 594              		.loc 1 267 1 is_stmt 1 view -0
 595              		.cfi_startproc
 596              		@ args = 0, pretend = 0, frame = 0
 597              		@ frame_needed = 0, uses_anonymous_args = 0
 598              		.loc 1 267 1 is_stmt 0 view .LVU136
 599 0000 08B5     		push	{r3, lr}
 600              	.LCFI17:
 601              		.cfi_def_cfa_offset 8
 602              		.cfi_offset 3, -8
 603              		.cfi_offset 14, -4
 268:Src/stm32f4xx_hal_msp.c ****   if(huart->Instance==USART3)
 604              		.loc 1 268 3 is_stmt 1 view .LVU137
 605              		.loc 1 268 11 is_stmt 0 view .LVU138
 606 0002 0268     		ldr	r2, [r0]
 607              		.loc 1 268 5 view .LVU139
 608 0004 074B     		ldr	r3, .L47
 609 0006 9A42     		cmp	r2, r3
 610 0008 00D0     		beq	.L46
 611              	.LVL26:
 612              	.L43:
 269:Src/stm32f4xx_hal_msp.c ****   {
 270:Src/stm32f4xx_hal_msp.c ****     /* USER CODE BEGIN USART3_MspDeInit 0 */
 271:Src/stm32f4xx_hal_msp.c **** 
 272:Src/stm32f4xx_hal_msp.c ****     /* USER CODE END USART3_MspDeInit 0 */
 273:Src/stm32f4xx_hal_msp.c ****     /* Peripheral clock disable */
 274:Src/stm32f4xx_hal_msp.c ****     __HAL_RCC_USART3_CLK_DISABLE();
 275:Src/stm32f4xx_hal_msp.c **** 
 276:Src/stm32f4xx_hal_msp.c ****     /**USART3 GPIO Configuration
 277:Src/stm32f4xx_hal_msp.c ****     PD8     ------> USART3_TX
 278:Src/stm32f4xx_hal_msp.c ****     PD9     ------> USART3_RX
 279:Src/stm32f4xx_hal_msp.c ****     */
 280:Src/stm32f4xx_hal_msp.c ****     HAL_GPIO_DeInit(GPIOD, STLK_RX_Pin|STLK_TX_Pin);
 281:Src/stm32f4xx_hal_msp.c **** 
 282:Src/stm32f4xx_hal_msp.c ****     /* USER CODE BEGIN USART3_MspDeInit 1 */
 283:Src/stm32f4xx_hal_msp.c **** 
 284:Src/stm32f4xx_hal_msp.c ****     /* USER CODE END USART3_MspDeInit 1 */
 285:Src/stm32f4xx_hal_msp.c ****   }
 286:Src/stm32f4xx_hal_msp.c **** 
 287:Src/stm32f4xx_hal_msp.c **** }
 613              		.loc 1 287 1 view .LVU140
 614 000a 08BD     		pop	{r3, pc}
 615              	.LVL27:
 616              	.L46:
 274:Src/stm32f4xx_hal_msp.c **** 
 617              		.loc 1 274 5 is_stmt 1 view .LVU141
 618 000c 064A     		ldr	r2, .L47+4
 619 000e 136C     		ldr	r3, [r2, #64]
 620 0010 23F48023 		bic	r3, r3, #262144
 621 0014 1364     		str	r3, [r2, #64]
 280:Src/stm32f4xx_hal_msp.c **** 
 622              		.loc 1 280 5 view .LVU142
 623 0016 4FF44071 		mov	r1, #768
 624 001a 0448     		ldr	r0, .L47+8
 625              	.LVL28:
ARM GAS  /tmp/ccC68vUr.s 			page 18


 280:Src/stm32f4xx_hal_msp.c **** 
 626              		.loc 1 280 5 is_stmt 0 view .LVU143
 627 001c FFF7FEFF 		bl	HAL_GPIO_DeInit
 628              	.LVL29:
 629              		.loc 1 287 1 view .LVU144
 630 0020 F3E7     		b	.L43
 631              	.L48:
 632 0022 00BF     		.align	2
 633              	.L47:
 634 0024 00480040 		.word	1073760256
 635 0028 00380240 		.word	1073887232
 636 002c 000C0240 		.word	1073875968
 637              		.cfi_endproc
 638              	.LFE141:
 640              		.section	.text.HAL_PCD_MspInit,"ax",%progbits
 641              		.align	1
 642              		.global	HAL_PCD_MspInit
 643              		.syntax unified
 644              		.thumb
 645              		.thumb_func
 647              	HAL_PCD_MspInit:
 648              	.LVL30:
 649              	.LFB142:
 288:Src/stm32f4xx_hal_msp.c **** 
 289:Src/stm32f4xx_hal_msp.c **** /**
 290:Src/stm32f4xx_hal_msp.c ****   * @brief PCD MSP Initialization
 291:Src/stm32f4xx_hal_msp.c ****   * This function configures the hardware resources used in this example
 292:Src/stm32f4xx_hal_msp.c ****   * @param hpcd: PCD handle pointer
 293:Src/stm32f4xx_hal_msp.c ****   * @retval None
 294:Src/stm32f4xx_hal_msp.c ****   */
 295:Src/stm32f4xx_hal_msp.c **** void HAL_PCD_MspInit(PCD_HandleTypeDef* hpcd)
 296:Src/stm32f4xx_hal_msp.c **** {
 650              		.loc 1 296 1 is_stmt 1 view -0
 651              		.cfi_startproc
 652              		@ args = 0, pretend = 0, frame = 120
 653              		@ frame_needed = 0, uses_anonymous_args = 0
 654              		.loc 1 296 1 is_stmt 0 view .LVU146
 655 0000 30B5     		push	{r4, r5, lr}
 656              	.LCFI18:
 657              		.cfi_def_cfa_offset 12
 658              		.cfi_offset 4, -12
 659              		.cfi_offset 5, -8
 660              		.cfi_offset 14, -4
 661 0002 9FB0     		sub	sp, sp, #124
 662              	.LCFI19:
 663              		.cfi_def_cfa_offset 136
 664 0004 0446     		mov	r4, r0
 297:Src/stm32f4xx_hal_msp.c ****   GPIO_InitTypeDef GPIO_InitStruct = {0};
 665              		.loc 1 297 3 is_stmt 1 view .LVU147
 666              		.loc 1 297 20 is_stmt 0 view .LVU148
 667 0006 0021     		movs	r1, #0
 668 0008 1991     		str	r1, [sp, #100]
 669 000a 1A91     		str	r1, [sp, #104]
 670 000c 1B91     		str	r1, [sp, #108]
 671 000e 1C91     		str	r1, [sp, #112]
 672 0010 1D91     		str	r1, [sp, #116]
 298:Src/stm32f4xx_hal_msp.c ****   RCC_PeriphCLKInitTypeDef PeriphClkInitStruct = {0};
ARM GAS  /tmp/ccC68vUr.s 			page 19


 673              		.loc 1 298 3 is_stmt 1 view .LVU149
 674              		.loc 1 298 28 is_stmt 0 view .LVU150
 675 0012 5822     		movs	r2, #88
 676 0014 03A8     		add	r0, sp, #12
 677              	.LVL31:
 678              		.loc 1 298 28 view .LVU151
 679 0016 FFF7FEFF 		bl	memset
 680              	.LVL32:
 299:Src/stm32f4xx_hal_msp.c ****   if(hpcd->Instance==USB_OTG_FS)
 681              		.loc 1 299 3 is_stmt 1 view .LVU152
 682              		.loc 1 299 10 is_stmt 0 view .LVU153
 683 001a 2368     		ldr	r3, [r4]
 684              		.loc 1 299 5 view .LVU154
 685 001c B3F1A04F 		cmp	r3, #1342177280
 686 0020 01D0     		beq	.L53
 687              	.LVL33:
 688              	.L49:
 300:Src/stm32f4xx_hal_msp.c ****   {
 301:Src/stm32f4xx_hal_msp.c ****     /* USER CODE BEGIN USB_OTG_FS_MspInit 0 */
 302:Src/stm32f4xx_hal_msp.c **** 
 303:Src/stm32f4xx_hal_msp.c ****     /* USER CODE END USB_OTG_FS_MspInit 0 */
 304:Src/stm32f4xx_hal_msp.c **** 
 305:Src/stm32f4xx_hal_msp.c ****   /** Initializes the peripherals clock
 306:Src/stm32f4xx_hal_msp.c ****   */
 307:Src/stm32f4xx_hal_msp.c ****     PeriphClkInitStruct.PeriphClockSelection = RCC_PERIPHCLK_CLK48;
 308:Src/stm32f4xx_hal_msp.c ****     PeriphClkInitStruct.Clk48ClockSelection = RCC_CLK48CLKSOURCE_PLLQ;
 309:Src/stm32f4xx_hal_msp.c ****     if (HAL_RCCEx_PeriphCLKConfig(&PeriphClkInitStruct) != HAL_OK)
 310:Src/stm32f4xx_hal_msp.c ****     {
 311:Src/stm32f4xx_hal_msp.c ****       Error_Handler();
 312:Src/stm32f4xx_hal_msp.c ****     }
 313:Src/stm32f4xx_hal_msp.c **** 
 314:Src/stm32f4xx_hal_msp.c ****     __HAL_RCC_GPIOA_CLK_ENABLE();
 315:Src/stm32f4xx_hal_msp.c ****     /**USB_OTG_FS GPIO Configuration
 316:Src/stm32f4xx_hal_msp.c ****     PA8     ------> USB_OTG_FS_SOF
 317:Src/stm32f4xx_hal_msp.c ****     PA9     ------> USB_OTG_FS_VBUS
 318:Src/stm32f4xx_hal_msp.c ****     PA10     ------> USB_OTG_FS_ID
 319:Src/stm32f4xx_hal_msp.c ****     PA11     ------> USB_OTG_FS_DM
 320:Src/stm32f4xx_hal_msp.c ****     PA12     ------> USB_OTG_FS_DP
 321:Src/stm32f4xx_hal_msp.c ****     */
 322:Src/stm32f4xx_hal_msp.c ****     GPIO_InitStruct.Pin = USB_SOF_Pin|USB_ID_Pin|USB_DM_Pin|USB_DP_Pin;
 323:Src/stm32f4xx_hal_msp.c ****     GPIO_InitStruct.Mode = GPIO_MODE_AF_PP;
 324:Src/stm32f4xx_hal_msp.c ****     GPIO_InitStruct.Pull = GPIO_NOPULL;
 325:Src/stm32f4xx_hal_msp.c ****     GPIO_InitStruct.Speed = GPIO_SPEED_FREQ_VERY_HIGH;
 326:Src/stm32f4xx_hal_msp.c ****     GPIO_InitStruct.Alternate = GPIO_AF10_OTG_FS;
 327:Src/stm32f4xx_hal_msp.c ****     HAL_GPIO_Init(GPIOA, &GPIO_InitStruct);
 328:Src/stm32f4xx_hal_msp.c **** 
 329:Src/stm32f4xx_hal_msp.c ****     GPIO_InitStruct.Pin = USB_VBUS_Pin;
 330:Src/stm32f4xx_hal_msp.c ****     GPIO_InitStruct.Mode = GPIO_MODE_INPUT;
 331:Src/stm32f4xx_hal_msp.c ****     GPIO_InitStruct.Pull = GPIO_NOPULL;
 332:Src/stm32f4xx_hal_msp.c ****     HAL_GPIO_Init(USB_VBUS_GPIO_Port, &GPIO_InitStruct);
 333:Src/stm32f4xx_hal_msp.c **** 
 334:Src/stm32f4xx_hal_msp.c ****     /* Peripheral clock enable */
 335:Src/stm32f4xx_hal_msp.c ****     __HAL_RCC_USB_OTG_FS_CLK_ENABLE();
 336:Src/stm32f4xx_hal_msp.c ****     /* USER CODE BEGIN USB_OTG_FS_MspInit 1 */
 337:Src/stm32f4xx_hal_msp.c **** 
 338:Src/stm32f4xx_hal_msp.c ****     /* USER CODE END USB_OTG_FS_MspInit 1 */
 339:Src/stm32f4xx_hal_msp.c **** 
ARM GAS  /tmp/ccC68vUr.s 			page 20


 340:Src/stm32f4xx_hal_msp.c ****   }
 341:Src/stm32f4xx_hal_msp.c **** 
 342:Src/stm32f4xx_hal_msp.c **** }
 689              		.loc 1 342 1 view .LVU155
 690 0022 1FB0     		add	sp, sp, #124
 691              	.LCFI20:
 692              		.cfi_remember_state
 693              		.cfi_def_cfa_offset 12
 694              		@ sp needed
 695 0024 30BD     		pop	{r4, r5, pc}
 696              	.LVL34:
 697              	.L53:
 698              	.LCFI21:
 699              		.cfi_restore_state
 307:Src/stm32f4xx_hal_msp.c ****     PeriphClkInitStruct.Clk48ClockSelection = RCC_CLK48CLKSOURCE_PLLQ;
 700              		.loc 1 307 5 is_stmt 1 view .LVU156
 307:Src/stm32f4xx_hal_msp.c ****     PeriphClkInitStruct.Clk48ClockSelection = RCC_CLK48CLKSOURCE_PLLQ;
 701              		.loc 1 307 46 is_stmt 0 view .LVU157
 702 0026 2023     		movs	r3, #32
 703 0028 0393     		str	r3, [sp, #12]
 308:Src/stm32f4xx_hal_msp.c ****     if (HAL_RCCEx_PeriphCLKConfig(&PeriphClkInitStruct) != HAL_OK)
 704              		.loc 1 308 5 is_stmt 1 view .LVU158
 309:Src/stm32f4xx_hal_msp.c ****     {
 705              		.loc 1 309 5 view .LVU159
 309:Src/stm32f4xx_hal_msp.c ****     {
 706              		.loc 1 309 9 is_stmt 0 view .LVU160
 707 002a 03A8     		add	r0, sp, #12
 708 002c FFF7FEFF 		bl	HAL_RCCEx_PeriphCLKConfig
 709              	.LVL35:
 309:Src/stm32f4xx_hal_msp.c ****     {
 710              		.loc 1 309 8 discriminator 1 view .LVU161
 711 0030 0028     		cmp	r0, #0
 712 0032 32D1     		bne	.L54
 713              	.L51:
 314:Src/stm32f4xx_hal_msp.c ****     /**USB_OTG_FS GPIO Configuration
 714              		.loc 1 314 5 is_stmt 1 view .LVU162
 715              	.LBB10:
 314:Src/stm32f4xx_hal_msp.c ****     /**USB_OTG_FS GPIO Configuration
 716              		.loc 1 314 5 view .LVU163
 717 0034 0022     		movs	r2, #0
 718 0036 0192     		str	r2, [sp, #4]
 314:Src/stm32f4xx_hal_msp.c ****     /**USB_OTG_FS GPIO Configuration
 719              		.loc 1 314 5 view .LVU164
 720 0038 194C     		ldr	r4, .L55
 721              	.LVL36:
 314:Src/stm32f4xx_hal_msp.c ****     /**USB_OTG_FS GPIO Configuration
 722              		.loc 1 314 5 is_stmt 0 view .LVU165
 723 003a 236B     		ldr	r3, [r4, #48]
 724 003c 43F00103 		orr	r3, r3, #1
 725 0040 2363     		str	r3, [r4, #48]
 314:Src/stm32f4xx_hal_msp.c ****     /**USB_OTG_FS GPIO Configuration
 726              		.loc 1 314 5 is_stmt 1 view .LVU166
 727 0042 236B     		ldr	r3, [r4, #48]
 728 0044 03F00103 		and	r3, r3, #1
 729 0048 0193     		str	r3, [sp, #4]
 314:Src/stm32f4xx_hal_msp.c ****     /**USB_OTG_FS GPIO Configuration
 730              		.loc 1 314 5 view .LVU167
ARM GAS  /tmp/ccC68vUr.s 			page 21


 731 004a 019B     		ldr	r3, [sp, #4]
 732              	.LBE10:
 314:Src/stm32f4xx_hal_msp.c ****     /**USB_OTG_FS GPIO Configuration
 733              		.loc 1 314 5 view .LVU168
 322:Src/stm32f4xx_hal_msp.c ****     GPIO_InitStruct.Mode = GPIO_MODE_AF_PP;
 734              		.loc 1 322 5 view .LVU169
 322:Src/stm32f4xx_hal_msp.c ****     GPIO_InitStruct.Mode = GPIO_MODE_AF_PP;
 735              		.loc 1 322 25 is_stmt 0 view .LVU170
 736 004c 4FF4E853 		mov	r3, #7424
 737 0050 1993     		str	r3, [sp, #100]
 323:Src/stm32f4xx_hal_msp.c ****     GPIO_InitStruct.Pull = GPIO_NOPULL;
 738              		.loc 1 323 5 is_stmt 1 view .LVU171
 323:Src/stm32f4xx_hal_msp.c ****     GPIO_InitStruct.Pull = GPIO_NOPULL;
 739              		.loc 1 323 26 is_stmt 0 view .LVU172
 740 0052 0223     		movs	r3, #2
 741 0054 1A93     		str	r3, [sp, #104]
 324:Src/stm32f4xx_hal_msp.c ****     GPIO_InitStruct.Speed = GPIO_SPEED_FREQ_VERY_HIGH;
 742              		.loc 1 324 5 is_stmt 1 view .LVU173
 324:Src/stm32f4xx_hal_msp.c ****     GPIO_InitStruct.Speed = GPIO_SPEED_FREQ_VERY_HIGH;
 743              		.loc 1 324 26 is_stmt 0 view .LVU174
 744 0056 1546     		mov	r5, r2
 745 0058 1B92     		str	r2, [sp, #108]
 325:Src/stm32f4xx_hal_msp.c ****     GPIO_InitStruct.Alternate = GPIO_AF10_OTG_FS;
 746              		.loc 1 325 5 is_stmt 1 view .LVU175
 325:Src/stm32f4xx_hal_msp.c ****     GPIO_InitStruct.Alternate = GPIO_AF10_OTG_FS;
 747              		.loc 1 325 27 is_stmt 0 view .LVU176
 748 005a 0323     		movs	r3, #3
 749 005c 1C93     		str	r3, [sp, #112]
 326:Src/stm32f4xx_hal_msp.c ****     HAL_GPIO_Init(GPIOA, &GPIO_InitStruct);
 750              		.loc 1 326 5 is_stmt 1 view .LVU177
 326:Src/stm32f4xx_hal_msp.c ****     HAL_GPIO_Init(GPIOA, &GPIO_InitStruct);
 751              		.loc 1 326 31 is_stmt 0 view .LVU178
 752 005e 0A23     		movs	r3, #10
 753 0060 1D93     		str	r3, [sp, #116]
 327:Src/stm32f4xx_hal_msp.c **** 
 754              		.loc 1 327 5 is_stmt 1 view .LVU179
 755 0062 19A9     		add	r1, sp, #100
 756 0064 0F48     		ldr	r0, .L55+4
 757 0066 FFF7FEFF 		bl	HAL_GPIO_Init
 758              	.LVL37:
 329:Src/stm32f4xx_hal_msp.c ****     GPIO_InitStruct.Mode = GPIO_MODE_INPUT;
 759              		.loc 1 329 5 view .LVU180
 329:Src/stm32f4xx_hal_msp.c ****     GPIO_InitStruct.Mode = GPIO_MODE_INPUT;
 760              		.loc 1 329 25 is_stmt 0 view .LVU181
 761 006a 4FF40073 		mov	r3, #512
 762 006e 1993     		str	r3, [sp, #100]
 330:Src/stm32f4xx_hal_msp.c ****     GPIO_InitStruct.Pull = GPIO_NOPULL;
 763              		.loc 1 330 5 is_stmt 1 view .LVU182
 330:Src/stm32f4xx_hal_msp.c ****     GPIO_InitStruct.Pull = GPIO_NOPULL;
 764              		.loc 1 330 26 is_stmt 0 view .LVU183
 765 0070 1A95     		str	r5, [sp, #104]
 331:Src/stm32f4xx_hal_msp.c ****     HAL_GPIO_Init(USB_VBUS_GPIO_Port, &GPIO_InitStruct);
 766              		.loc 1 331 5 is_stmt 1 view .LVU184
 331:Src/stm32f4xx_hal_msp.c ****     HAL_GPIO_Init(USB_VBUS_GPIO_Port, &GPIO_InitStruct);
 767              		.loc 1 331 26 is_stmt 0 view .LVU185
 768 0072 1B95     		str	r5, [sp, #108]
 332:Src/stm32f4xx_hal_msp.c **** 
ARM GAS  /tmp/ccC68vUr.s 			page 22


 769              		.loc 1 332 5 is_stmt 1 view .LVU186
 770 0074 19A9     		add	r1, sp, #100
 771 0076 0B48     		ldr	r0, .L55+4
 772 0078 FFF7FEFF 		bl	HAL_GPIO_Init
 773              	.LVL38:
 335:Src/stm32f4xx_hal_msp.c ****     /* USER CODE BEGIN USB_OTG_FS_MspInit 1 */
 774              		.loc 1 335 5 view .LVU187
 335:Src/stm32f4xx_hal_msp.c ****     /* USER CODE BEGIN USB_OTG_FS_MspInit 1 */
 775              		.loc 1 335 5 view .LVU188
 776 007c 636B     		ldr	r3, [r4, #52]
 777 007e 43F08003 		orr	r3, r3, #128
 778 0082 6363     		str	r3, [r4, #52]
 335:Src/stm32f4xx_hal_msp.c ****     /* USER CODE BEGIN USB_OTG_FS_MspInit 1 */
 779              		.loc 1 335 5 view .LVU189
 780              	.LBB11:
 335:Src/stm32f4xx_hal_msp.c ****     /* USER CODE BEGIN USB_OTG_FS_MspInit 1 */
 781              		.loc 1 335 5 view .LVU190
 782 0084 0295     		str	r5, [sp, #8]
 335:Src/stm32f4xx_hal_msp.c ****     /* USER CODE BEGIN USB_OTG_FS_MspInit 1 */
 783              		.loc 1 335 5 view .LVU191
 784 0086 636C     		ldr	r3, [r4, #68]
 785 0088 43F48043 		orr	r3, r3, #16384
 786 008c 6364     		str	r3, [r4, #68]
 335:Src/stm32f4xx_hal_msp.c ****     /* USER CODE BEGIN USB_OTG_FS_MspInit 1 */
 787              		.loc 1 335 5 view .LVU192
 788 008e 636C     		ldr	r3, [r4, #68]
 789 0090 03F48043 		and	r3, r3, #16384
 790 0094 0293     		str	r3, [sp, #8]
 335:Src/stm32f4xx_hal_msp.c ****     /* USER CODE BEGIN USB_OTG_FS_MspInit 1 */
 791              		.loc 1 335 5 view .LVU193
 792 0096 029B     		ldr	r3, [sp, #8]
 793              	.LBE11:
 335:Src/stm32f4xx_hal_msp.c ****     /* USER CODE BEGIN USB_OTG_FS_MspInit 1 */
 794              		.loc 1 335 5 view .LVU194
 335:Src/stm32f4xx_hal_msp.c ****     /* USER CODE BEGIN USB_OTG_FS_MspInit 1 */
 795              		.loc 1 335 5 view .LVU195
 796              		.loc 1 342 1 is_stmt 0 view .LVU196
 797 0098 C3E7     		b	.L49
 798              	.LVL39:
 799              	.L54:
 311:Src/stm32f4xx_hal_msp.c ****     }
 800              		.loc 1 311 7 is_stmt 1 view .LVU197
 801 009a FFF7FEFF 		bl	Error_Handler
 802              	.LVL40:
 803 009e C9E7     		b	.L51
 804              	.L56:
 805              		.align	2
 806              	.L55:
 807 00a0 00380240 		.word	1073887232
 808 00a4 00000240 		.word	1073872896
 809              		.cfi_endproc
 810              	.LFE142:
 812              		.section	.text.HAL_PCD_MspDeInit,"ax",%progbits
 813              		.align	1
 814              		.global	HAL_PCD_MspDeInit
 815              		.syntax unified
 816              		.thumb
ARM GAS  /tmp/ccC68vUr.s 			page 23


 817              		.thumb_func
 819              	HAL_PCD_MspDeInit:
 820              	.LVL41:
 821              	.LFB143:
 343:Src/stm32f4xx_hal_msp.c **** 
 344:Src/stm32f4xx_hal_msp.c **** /**
 345:Src/stm32f4xx_hal_msp.c ****   * @brief PCD MSP De-Initialization
 346:Src/stm32f4xx_hal_msp.c ****   * This function freeze the hardware resources used in this example
 347:Src/stm32f4xx_hal_msp.c ****   * @param hpcd: PCD handle pointer
 348:Src/stm32f4xx_hal_msp.c ****   * @retval None
 349:Src/stm32f4xx_hal_msp.c ****   */
 350:Src/stm32f4xx_hal_msp.c **** void HAL_PCD_MspDeInit(PCD_HandleTypeDef* hpcd)
 351:Src/stm32f4xx_hal_msp.c **** {
 822              		.loc 1 351 1 view -0
 823              		.cfi_startproc
 824              		@ args = 0, pretend = 0, frame = 0
 825              		@ frame_needed = 0, uses_anonymous_args = 0
 826              		.loc 1 351 1 is_stmt 0 view .LVU199
 827 0000 08B5     		push	{r3, lr}
 828              	.LCFI22:
 829              		.cfi_def_cfa_offset 8
 830              		.cfi_offset 3, -8
 831              		.cfi_offset 14, -4
 352:Src/stm32f4xx_hal_msp.c ****   if(hpcd->Instance==USB_OTG_FS)
 832              		.loc 1 352 3 is_stmt 1 view .LVU200
 833              		.loc 1 352 10 is_stmt 0 view .LVU201
 834 0002 0368     		ldr	r3, [r0]
 835              		.loc 1 352 5 view .LVU202
 836 0004 B3F1A04F 		cmp	r3, #1342177280
 837 0008 00D0     		beq	.L60
 838              	.LVL42:
 839              	.L57:
 353:Src/stm32f4xx_hal_msp.c ****   {
 354:Src/stm32f4xx_hal_msp.c ****     /* USER CODE BEGIN USB_OTG_FS_MspDeInit 0 */
 355:Src/stm32f4xx_hal_msp.c **** 
 356:Src/stm32f4xx_hal_msp.c ****     /* USER CODE END USB_OTG_FS_MspDeInit 0 */
 357:Src/stm32f4xx_hal_msp.c ****     /* Peripheral clock disable */
 358:Src/stm32f4xx_hal_msp.c ****     __HAL_RCC_USB_OTG_FS_CLK_DISABLE();
 359:Src/stm32f4xx_hal_msp.c **** 
 360:Src/stm32f4xx_hal_msp.c ****     /**USB_OTG_FS GPIO Configuration
 361:Src/stm32f4xx_hal_msp.c ****     PA8     ------> USB_OTG_FS_SOF
 362:Src/stm32f4xx_hal_msp.c ****     PA9     ------> USB_OTG_FS_VBUS
 363:Src/stm32f4xx_hal_msp.c ****     PA10     ------> USB_OTG_FS_ID
 364:Src/stm32f4xx_hal_msp.c ****     PA11     ------> USB_OTG_FS_DM
 365:Src/stm32f4xx_hal_msp.c ****     PA12     ------> USB_OTG_FS_DP
 366:Src/stm32f4xx_hal_msp.c ****     */
 367:Src/stm32f4xx_hal_msp.c ****     HAL_GPIO_DeInit(GPIOA, USB_SOF_Pin|USB_VBUS_Pin|USB_ID_Pin|USB_DM_Pin
 368:Src/stm32f4xx_hal_msp.c ****                           |USB_DP_Pin);
 369:Src/stm32f4xx_hal_msp.c **** 
 370:Src/stm32f4xx_hal_msp.c ****     /* USER CODE BEGIN USB_OTG_FS_MspDeInit 1 */
 371:Src/stm32f4xx_hal_msp.c **** 
 372:Src/stm32f4xx_hal_msp.c ****     /* USER CODE END USB_OTG_FS_MspDeInit 1 */
 373:Src/stm32f4xx_hal_msp.c ****   }
 374:Src/stm32f4xx_hal_msp.c **** 
 375:Src/stm32f4xx_hal_msp.c **** }
 840              		.loc 1 375 1 view .LVU203
 841 000a 08BD     		pop	{r3, pc}
ARM GAS  /tmp/ccC68vUr.s 			page 24


 842              	.LVL43:
 843              	.L60:
 358:Src/stm32f4xx_hal_msp.c **** 
 844              		.loc 1 358 5 is_stmt 1 view .LVU204
 845 000c 054A     		ldr	r2, .L61
 846 000e 536B     		ldr	r3, [r2, #52]
 847 0010 23F08003 		bic	r3, r3, #128
 848 0014 5363     		str	r3, [r2, #52]
 367:Src/stm32f4xx_hal_msp.c ****                           |USB_DP_Pin);
 849              		.loc 1 367 5 view .LVU205
 850 0016 4FF4F851 		mov	r1, #7936
 851 001a 0348     		ldr	r0, .L61+4
 852              	.LVL44:
 367:Src/stm32f4xx_hal_msp.c ****                           |USB_DP_Pin);
 853              		.loc 1 367 5 is_stmt 0 view .LVU206
 854 001c FFF7FEFF 		bl	HAL_GPIO_DeInit
 855              	.LVL45:
 856              		.loc 1 375 1 view .LVU207
 857 0020 F3E7     		b	.L57
 858              	.L62:
 859 0022 00BF     		.align	2
 860              	.L61:
 861 0024 00380240 		.word	1073887232
 862 0028 00000240 		.word	1073872896
 863              		.cfi_endproc
 864              	.LFE143:
 866              		.text
 867              	.Letext0:
 868              		.file 2 "Drivers/CMSIS/Device/ST/STM32F4xx/Include/stm32f413xx.h"
 869              		.file 3 "/usr/arm-none-eabi/include/machine/_default_types.h"
 870              		.file 4 "/usr/arm-none-eabi/include/sys/_stdint.h"
 871              		.file 5 "Drivers/CMSIS/Device/ST/STM32F4xx/Include/stm32f4xx.h"
 872              		.file 6 "Drivers/STM32F4xx_HAL_Driver/Inc/stm32f4xx_hal_def.h"
 873              		.file 7 "Drivers/STM32F4xx_HAL_Driver/Inc/stm32f4xx_hal_rcc_ex.h"
 874              		.file 8 "Drivers/STM32F4xx_HAL_Driver/Inc/stm32f4xx_hal_gpio.h"
 875              		.file 9 "Drivers/STM32F4xx_HAL_Driver/Inc/stm32f4xx_hal_dma.h"
 876              		.file 10 "Drivers/STM32F4xx_HAL_Driver/Inc/stm32f4xx_hal_can.h"
 877              		.file 11 "Drivers/STM32F4xx_HAL_Driver/Inc/stm32f4xx_hal_tim.h"
 878              		.file 12 "Drivers/STM32F4xx_HAL_Driver/Inc/stm32f4xx_hal_uart.h"
 879              		.file 13 "Drivers/STM32F4xx_HAL_Driver/Inc/stm32f4xx_ll_usb.h"
 880              		.file 14 "Drivers/STM32F4xx_HAL_Driver/Inc/stm32f4xx_hal_pcd.h"
 881              		.file 15 "Drivers/STM32F4xx_HAL_Driver/Inc/stm32f4xx_hal_cortex.h"
 882              		.file 16 "Inc/main.h"
 883              		.file 17 "<built-in>"
ARM GAS  /tmp/ccC68vUr.s 			page 25


DEFINED SYMBOLS
                            *ABS*:00000000 stm32f4xx_hal_msp.c
     /tmp/ccC68vUr.s:21     .text.HAL_MspInit:00000000 $t
     /tmp/ccC68vUr.s:27     .text.HAL_MspInit:00000000 HAL_MspInit
     /tmp/ccC68vUr.s:80     .text.HAL_MspInit:00000034 $d
     /tmp/ccC68vUr.s:85     .text.HAL_CAN_MspInit:00000000 $t
     /tmp/ccC68vUr.s:91     .text.HAL_CAN_MspInit:00000000 HAL_CAN_MspInit
     /tmp/ccC68vUr.s:206    .text.HAL_CAN_MspInit:00000074 $d
     /tmp/ccC68vUr.s:212    .text.HAL_CAN_MspDeInit:00000000 $t
     /tmp/ccC68vUr.s:218    .text.HAL_CAN_MspDeInit:00000000 HAL_CAN_MspDeInit
     /tmp/ccC68vUr.s:265    .text.HAL_CAN_MspDeInit:00000028 $d
     /tmp/ccC68vUr.s:272    .text.HAL_TIM_Base_MspInit:00000000 $t
     /tmp/ccC68vUr.s:278    .text.HAL_TIM_Base_MspInit:00000000 HAL_TIM_Base_MspInit
     /tmp/ccC68vUr.s:325    .text.HAL_TIM_Base_MspInit:00000028 $d
     /tmp/ccC68vUr.s:330    .text.HAL_TIM_MspPostInit:00000000 $t
     /tmp/ccC68vUr.s:336    .text.HAL_TIM_MspPostInit:00000000 HAL_TIM_MspPostInit
     /tmp/ccC68vUr.s:422    .text.HAL_TIM_MspPostInit:0000004c $d
     /tmp/ccC68vUr.s:428    .text.HAL_TIM_Base_MspDeInit:00000000 $t
     /tmp/ccC68vUr.s:434    .text.HAL_TIM_Base_MspDeInit:00000000 HAL_TIM_Base_MspDeInit
     /tmp/ccC68vUr.s:462    .text.HAL_TIM_Base_MspDeInit:00000018 $d
     /tmp/ccC68vUr.s:467    .text.HAL_UART_MspInit:00000000 $t
     /tmp/ccC68vUr.s:473    .text.HAL_UART_MspInit:00000000 HAL_UART_MspInit
     /tmp/ccC68vUr.s:579    .text.HAL_UART_MspInit:00000068 $d
     /tmp/ccC68vUr.s:585    .text.HAL_UART_MspDeInit:00000000 $t
     /tmp/ccC68vUr.s:591    .text.HAL_UART_MspDeInit:00000000 HAL_UART_MspDeInit
     /tmp/ccC68vUr.s:634    .text.HAL_UART_MspDeInit:00000024 $d
     /tmp/ccC68vUr.s:641    .text.HAL_PCD_MspInit:00000000 $t
     /tmp/ccC68vUr.s:647    .text.HAL_PCD_MspInit:00000000 HAL_PCD_MspInit
     /tmp/ccC68vUr.s:807    .text.HAL_PCD_MspInit:000000a0 $d
     /tmp/ccC68vUr.s:813    .text.HAL_PCD_MspDeInit:00000000 $t
     /tmp/ccC68vUr.s:819    .text.HAL_PCD_MspDeInit:00000000 HAL_PCD_MspDeInit
     /tmp/ccC68vUr.s:861    .text.HAL_PCD_MspDeInit:00000024 $d

UNDEFINED SYMBOLS
HAL_GPIO_Init
HAL_NVIC_SetPriority
HAL_NVIC_EnableIRQ
HAL_GPIO_DeInit
HAL_NVIC_DisableIRQ
memset
HAL_RCCEx_PeriphCLKConfig
Error_Handler
