ARM GAS  /tmp/ccsbQ47r.s 			page 1


   1              		.cpu cortex-m4
   2              		.arch armv7e-m
   3              		.fpu fpv4-sp-d16
   4              		.eabi_attribute 27, 1
   5              		.eabi_attribute 28, 1
   6              		.eabi_attribute 20, 1
   7              		.eabi_attribute 21, 1
   8              		.eabi_attribute 23, 3
   9              		.eabi_attribute 24, 1
  10              		.eabi_attribute 25, 1
  11              		.eabi_attribute 26, 1
  12              		.eabi_attribute 30, 1
  13              		.eabi_attribute 34, 1
  14              		.eabi_attribute 18, 4
  15              		.file	"main.c"
  16              		.text
  17              	.Ltext0:
  18              		.cfi_sections	.debug_frame
  19              		.file 1 "Src/main.c"
  20              		.section	.text.main,"ax",%progbits
  21              		.align	1
  22              		.global	main
  23              		.syntax unified
  24              		.thumb
  25              		.thumb_func
  27              	main:
  28              	.LFB134:
   1:Src/main.c    **** #include "main.h"
   2:Src/main.c    **** 
   3:Src/main.c    **** int main(void)
   4:Src/main.c    **** {
  29              		.loc 1 4 1 view -0
  30              		.cfi_startproc
  31              		@ Volatile: function does not return.
  32              		@ args = 0, pretend = 0, frame = 0
  33              		@ frame_needed = 0, uses_anonymous_args = 0
  34 0000 80B5     		push	{r7, lr}
  35              	.LCFI0:
  36              		.cfi_def_cfa_offset 8
  37              		.cfi_offset 7, -8
  38              		.cfi_offset 14, -4
   5:Src/main.c    ****   init();
  39              		.loc 1 5 3 view .LVU1
  40 0002 FFF7FEFF 		bl	init
  41              	.LVL0:
  42              	.L2:
   6:Src/main.c    ****   while (1)
  43              		.loc 1 6 3 view .LVU2
   7:Src/main.c    ****   {
   8:Src/main.c    ****     MX_USB_HOST_Process();
  44              		.loc 1 8 5 view .LVU3
  45 0006 FFF7FEFF 		bl	MX_USB_HOST_Process
  46              	.LVL1:
   9:Src/main.c    ****     // Showcase Loop
  10:Src/main.c    ****     if (1)
  47              		.loc 1 10 5 view .LVU4
  11:Src/main.c    ****     {
ARM GAS  /tmp/ccsbQ47r.s 			page 2


  12:Src/main.c    ****               // ==========================================
  13:Src/main.c    ****         // Section 1: Headlights
  14:Src/main.c    ****         // ==========================================
  15:Src/main.c    ****         TxHeader.StdId = 0x102;          // Set the ID
  48              		.loc 1 15 9 view .LVU5
  49              		.loc 1 15 24 is_stmt 0 view .LVU6
  50 000a 114C     		ldr	r4, .L4
  51 000c 4FF48173 		mov	r3, #258
  52 0010 2360     		str	r3, [r4]
  16:Src/main.c    ****         TxHeader.DLC = 1;                // 1 byte of data
  53              		.loc 1 16 9 is_stmt 1 view .LVU7
  54              		.loc 1 16 22 is_stmt 0 view .LVU8
  55 0012 0123     		movs	r3, #1
  56 0014 2361     		str	r3, [r4, #16]
  17:Src/main.c    **** 
  18:Src/main.c    ****         // Activate Headlights
  19:Src/main.c    ****         TxData[0] = 0x11;
  57              		.loc 1 19 9 is_stmt 1 view .LVU9
  58              		.loc 1 19 19 is_stmt 0 view .LVU10
  59 0016 0F4D     		ldr	r5, .L4+4
  60 0018 1123     		movs	r3, #17
  61 001a 2B70     		strb	r3, [r5]
  20:Src/main.c    **** 
  21:Src/main.c    ****         // Push Message 1 into a free hardware mailbox
  22:Src/main.c    ****         if (HAL_CAN_AddTxMessage(&hcan1, &TxHeader, TxData, &TxMailbox) != HAL_OK)
  62              		.loc 1 22 9 is_stmt 1 view .LVU11
  63              		.loc 1 22 13 is_stmt 0 view .LVU12
  64 001c 0E4F     		ldr	r7, .L4+8
  65 001e 0F4E     		ldr	r6, .L4+12
  66 0020 3B46     		mov	r3, r7
  67 0022 2A46     		mov	r2, r5
  68 0024 2146     		mov	r1, r4
  69 0026 3046     		mov	r0, r6
  70 0028 FFF7FEFF 		bl	HAL_CAN_AddTxMessage
  71              	.LVL2:
  23:Src/main.c    ****         {
  24:Src/main.c    ****             // Handle transmission error
  25:Src/main.c    ****         }
  72              		.loc 1 25 9 is_stmt 1 view .LVU13
  26:Src/main.c    ****         HAL_Delay(1000);
  73              		.loc 1 26 9 view .LVU14
  74 002c 4FF47A70 		mov	r0, #1000
  75 0030 FFF7FEFF 		bl	HAL_Delay
  76              	.LVL3:
  27:Src/main.c    **** 
  28:Src/main.c    ****         // Deactivate Headlights
  29:Src/main.c    ****         TxData[0] = 0x22;
  77              		.loc 1 29 9 view .LVU15
  78              		.loc 1 29 19 is_stmt 0 view .LVU16
  79 0034 2223     		movs	r3, #34
  80 0036 2B70     		strb	r3, [r5]
  30:Src/main.c    ****         if (HAL_CAN_AddTxMessage(&hcan1, &TxHeader, TxData, &TxMailbox) != HAL_OK) {}
  81              		.loc 1 30 9 is_stmt 1 view .LVU17
  82              		.loc 1 30 13 is_stmt 0 view .LVU18
  83 0038 3B46     		mov	r3, r7
  84 003a 2A46     		mov	r2, r5
  85 003c 2146     		mov	r1, r4
ARM GAS  /tmp/ccsbQ47r.s 			page 3


  86 003e 3046     		mov	r0, r6
  87 0040 FFF7FEFF 		bl	HAL_CAN_AddTxMessage
  88              	.LVL4:
  89              		.loc 1 30 85 is_stmt 1 discriminator 1 view .LVU19
  31:Src/main.c    ****         HAL_Delay(1000);
  90              		.loc 1 31 9 view .LVU20
  91 0044 4FF47A70 		mov	r0, #1000
  92 0048 FFF7FEFF 		bl	HAL_Delay
  93              	.LVL5:
  32:Src/main.c    ****     
  33:Src/main.c    ****     }
  34:Src/main.c    ****     
  35:Src/main.c    ****     if (0)
  94              		.loc 1 35 5 view .LVU21
   6:Src/main.c    ****     MX_USB_HOST_Process();
  95              		.loc 1 6 9 view .LVU22
  96 004c DBE7     		b	.L2
  97              	.L5:
  98 004e 00BF     		.align	2
  99              	.L4:
 100 0050 00000000 		.word	TxHeader
 101 0054 00000000 		.word	TxData
 102 0058 00000000 		.word	TxMailbox
 103 005c 00000000 		.word	hcan1
 104              		.cfi_endproc
 105              	.LFE134:
 107              		.text
 108              	.Letext0:
 109              		.file 2 "/usr/lib/gcc/arm-none-eabi/13.2.1/include/stdint.h"
 110              		.file 3 "Drivers/CMSIS/Device/ST/STM32F4xx/Include/stm32f407xx.h"
 111              		.file 4 "Drivers/CMSIS/Device/ST/STM32F4xx/Include/stm32f4xx.h"
 112              		.file 5 "Drivers/STM32F4xx_HAL_Driver/Inc/stm32f4xx_hal_def.h"
 113              		.file 6 "Drivers/STM32F4xx_HAL_Driver/Inc/stm32f4xx_hal_can.h"
 114              		.file 7 "Inc/init.h"
 115              		.file 8 "Inc/usb_host.h"
 116              		.file 9 "Drivers/STM32F4xx_HAL_Driver/Inc/stm32f4xx_hal.h"
ARM GAS  /tmp/ccsbQ47r.s 			page 4


DEFINED SYMBOLS
                            *ABS*:00000000 main.c
     /tmp/ccsbQ47r.s:21     .text.main:00000000 $t
     /tmp/ccsbQ47r.s:27     .text.main:00000000 main
     /tmp/ccsbQ47r.s:100    .text.main:00000050 $d

UNDEFINED SYMBOLS
init
MX_USB_HOST_Process
HAL_CAN_AddTxMessage
HAL_Delay
TxHeader
TxData
TxMailbox
hcan1
